<?xml version="1.0" encoding="UTF-8"?>
<coverage generated="1773063177090" clover="3.2.0">
  <project timestamp="1773063177090" name="All files">
    <metrics statements="92" coveredstatements="89" conditionals="70" coveredconditionals="58" methods="14" coveredmethods="14" elements="176" coveredelements="161" complexity="0" loc="92" ncloc="92" packages="1" files="1" classes="1"/>
    <file name="locationService.js" path="/Users/tokaji-nagybence/Documents/GitHub/Bookly/bookly_project/backend/services/locationService.js">
      <metrics statements="92" coveredstatements="89" conditionals="70" coveredconditionals="58" methods="14" coveredmethods="14"/>
      <line num="13" count="6" type="stmt"/>
      <line num="15" count="2" type="stmt"/>
      <line num="16" count="2" type="stmt"/>
      <line num="17" count="2" type="stmt"/>
      <line num="20" count="2" type="stmt"/>
      <line num="21" count="2" type="cond" truecount="1" falsecount="1"/>
      <line num="22" count="2" type="stmt"/>
      <line num="26" count="2" type="stmt"/>
      <line num="27" count="2" type="stmt"/>
      <line num="28" count="2" type="cond" truecount="1" falsecount="1"/>
      <line num="29" count="2" type="stmt"/>
      <line num="34" count="2" type="stmt"/>
      <line num="35" count="4" type="stmt"/>
      <line num="39" count="4" type="cond" truecount="4" falsecount="0"/>
      <line num="44" count="2" type="cond" truecount="1" falsecount="1"/>
      <line num="45" count="2" type="stmt"/>
      <line num="48" count="2" type="stmt"/>
      <line num="53" count="5" type="stmt"/>
      <line num="58" count="5" type="cond" truecount="4" falsecount="0"/>
      <line num="59" count="2" type="stmt"/>
      <line num="62" count="2" type="stmt"/>
      <line num="63" count="2" type="cond" truecount="1" falsecount="1"/>
      <line num="64" count="2" type="cond" truecount="1" falsecount="1"/>
      <line num="65" count="2" type="cond" truecount="1" falsecount="1"/>
      <line num="66" count="2" type="stmt"/>
      <line num="67" count="2" type="stmt"/>
      <line num="68" count="2" type="stmt"/>
      <line num="70" count="2" type="stmt"/>
      <line num="72" count="2" type="stmt"/>
      <line num="78" count="2" type="cond" truecount="1" falsecount="1"/>
      <line num="79" count="0" type="stmt"/>
      <line num="82" count="2" type="stmt"/>
      <line num="85" count="2" type="cond" truecount="4" falsecount="0"/>
      <line num="86" count="1" type="stmt"/>
      <line num="87" count="1" type="stmt"/>
      <line num="89" count="1" type="stmt"/>
      <line num="95" count="1" type="cond" truecount="1" falsecount="1"/>
      <line num="96" count="0" type="stmt"/>
      <line num="99" count="1" type="stmt"/>
      <line num="103" count="3" type="stmt"/>
      <line num="105" count="3" type="stmt"/>
      <line num="111" count="3" type="cond" truecount="2" falsecount="0"/>
      <line num="112" count="1" type="stmt"/>
      <line num="115" count="2" type="stmt"/>
      <line num="118" count="4" type="cond" truecount="4" falsecount="0"/>
      <line num="119" count="1" type="stmt"/>
      <line num="122" count="3" type="stmt"/>
      <line num="127" count="2" type="stmt"/>
      <line num="133" count="14" type="stmt"/>
      <line num="134" count="14" type="stmt"/>
      <line num="135" count="14" type="stmt"/>
      <line num="138" count="14" type="stmt"/>
      <line num="144" count="14" type="stmt"/>
      <line num="145" count="14" type="stmt"/>
      <line num="147" count="14" type="stmt"/>
      <line num="152" count="56" type="stmt"/>
      <line num="157" count="5" type="stmt"/>
      <line num="160" count="15" type="cond" truecount="4" falsecount="0"/>
      <line num="161" count="5" type="stmt"/>
      <line num="164" count="10" type="stmt"/>
      <line num="171" count="10" type="stmt"/>
      <line num="176" count="15" type="cond" truecount="2" falsecount="0"/>
      <line num="177" count="2" type="stmt"/>
      <line num="182" count="3" type="stmt"/>
      <line num="183" count="3" type="stmt"/>
      <line num="185" count="3" type="stmt"/>
      <line num="191" count="3" type="cond" truecount="1" falsecount="1"/>
      <line num="192" count="0" type="stmt"/>
      <line num="195" count="3" type="stmt"/>
      <line num="197" count="3" type="cond" truecount="4" falsecount="0"/>
      <line num="198" count="1" type="stmt"/>
      <line num="201" count="2" type="stmt"/>
      <line num="202" count="2" type="stmt"/>
      <line num="204" count="2" type="cond" truecount="4" falsecount="0"/>
      <line num="205" count="2" type="cond" truecount="2" falsecount="0"/>
      <line num="207" count="2" type="cond" truecount="2" falsecount="0"/>
      <line num="208" count="2" type="cond" truecount="2" falsecount="0"/>
      <line num="209" count="2" type="cond" truecount="2" falsecount="0"/>
      <line num="210" count="1" type="cond" truecount="1" falsecount="1"/>
      <line num="213" count="2" type="cond" truecount="2" falsecount="0"/>
      <line num="214" count="2" type="cond" truecount="2" falsecount="0"/>
      <line num="216" count="2" type="stmt"/>
      <line num="223" count="1" type="stmt"/>
      <line num="229" count="3" type="stmt"/>
      <line num="230" count="3" type="stmt"/>
      <line num="232" count="3" type="stmt"/>
      <line num="238" count="3" type="cond" truecount="2" falsecount="0"/>
      <line num="239" count="1" type="stmt"/>
      <line num="242" count="2" type="stmt"/>
      <line num="244" count="2" type="stmt"/>
      <line num="252" count="1" type="stmt"/>
      <line num="256" count="1" type="stmt"/>
    </file>
  </project>
</coverage>
