{"/Users/tokaji-nagybence/Documents/GitHub/Bookly/bookly_project/backend/api/adminApi.js": {"path":"/Users/tokaji-nagybence/Documents/GitHub/Bookly/bookly_project/backend/api/adminApi.js","statementMap":{"0":{"start":{"line":8,"column":16},"end":{"line":8,"column":34}},"1":{"start":{"line":9,"column":15},"end":{"line":9,"column":31}},"2":{"start":{"line":10,"column":23},"end":{"line":10,"column":55}},"3":{"start":{"line":11,"column":24},"end":{"line":11,"column":56}},"4":{"start":{"line":13,"column":25},"end":{"line":13,"column":60}},"5":{"start":{"line":14,"column":20},"end":{"line":14,"column":50}},"6":{"start":{"line":15,"column":24},"end":{"line":15,"column":58}},"7":{"start":{"line":16,"column":21},"end":{"line":16,"column":52}},"8":{"start":{"line":17,"column":19},"end":{"line":17,"column":48}},"9":{"start":{"line":20,"column":0},"end":{"line":20,"column":51}},"10":{"start":{"line":22,"column":0},"end":{"line":22,"column":34}},"11":{"start":{"line":23,"column":0},"end":{"line":23,"column":29}},"12":{"start":{"line":24,"column":0},"end":{"line":24,"column":33}},"13":{"start":{"line":25,"column":0},"end":{"line":25,"column":30}},"14":{"start":{"line":26,"column":0},"end":{"line":26,"column":28}},"15":{"start":{"line":28,"column":0},"end":{"line":28,"column":24}}},"fnMap":{},"branchMap":{},"s":{"0":0,"1":0,"2":0,"3":0,"4":0,"5":0,"6":0,"7":0,"8":0,"9":0,"10":0,"11":0,"12":0,"13":0,"14":0,"15":0},"f":{},"b":{}}
,"/Users/tokaji-nagybence/Documents/GitHub/Bookly/bookly_project/backend/api/api.js": {"path":"/Users/tokaji-nagybence/Documents/GitHub/Bookly/bookly_project/backend/api/api.js","statementMap":{"0":{"start":{"line":1,"column":16},"end":{"line":1,"column":34}},"1":{"start":{"line":2,"column":15},"end":{"line":2,"column":31}},"2":{"start":{"line":3,"column":17},"end":{"line":3,"column":46}},"3":{"start":{"line":7,"column":0},"end":{"line":11,"column":3}},"4":{"start":{"line":8,"column":4},"end":{"line":10,"column":7}},"5":{"start":{"line":14,"column":0},"end":{"line":26,"column":3}},"6":{"start":{"line":15,"column":4},"end":{"line":25,"column":5}},"7":{"start":{"line":16,"column":26},"end":{"line":16,"column":52}},"8":{"start":{"line":17,"column":8},"end":{"line":20,"column":11}},"9":{"start":{"line":22,"column":8},"end":{"line":24,"column":11}},"10":{"start":{"line":28,"column":0},"end":{"line":28,"column":24}}},"fnMap":{"0":{"name":"(anonymous_0)","decl":{"start":{"line":7,"column":20},"end":{"line":7,"column":21}},"loc":{"start":{"line":7,"column":43},"end":{"line":11,"column":1}},"line":7},"1":{"name":"(anonymous_1)","decl":{"start":{"line":14,"column":23},"end":{"line":14,"column":24}},"loc":{"start":{"line":14,"column":52},"end":{"line":26,"column":1}},"line":14}},"branchMap":{},"s":{"0":0,"1":0,"2":0,"3":0,"4":0,"5":0,"6":0,"7":0,"8":0,"9":0,"10":0},"f":{"0":0,"1":0},"b":{}}
,"/Users/tokaji-nagybence/Documents/GitHub/Bookly/bookly_project/backend/api/calendarApi.js": {"path":"/Users/tokaji-nagybence/Documents/GitHub/Bookly/bookly_project/backend/api/calendarApi.js","statementMap":{"0":{"start":{"line":9,"column":16},"end":{"line":9,"column":34}},"1":{"start":{"line":10,"column":15},"end":{"line":10,"column":31}},"2":{"start":{"line":11,"column":23},"end":{"line":11,"column":55}},"3":{"start":{"line":12,"column":24},"end":{"line":12,"column":56}},"4":{"start":{"line":13,"column":27},"end":{"line":13,"column":70}},"5":{"start":{"line":16,"column":24},"end":{"line":16,"column":61}},"6":{"start":{"line":17,"column":26},"end":{"line":17,"column":65}},"7":{"start":{"line":18,"column":22},"end":{"line":18,"column":57}},"8":{"start":{"line":19,"column":23},"end":{"line":19,"column":59}},"9":{"start":{"line":22,"column":0},"end":{"line":22,"column":70}},"10":{"start":{"line":25,"column":0},"end":{"line":25,"column":33}},"11":{"start":{"line":26,"column":0},"end":{"line":26,"column":47}},"12":{"start":{"line":27,"column":0},"end":{"line":27,"column":39}},"13":{"start":{"line":28,"column":0},"end":{"line":28,"column":41}},"14":{"start":{"line":30,"column":0},"end":{"line":30,"column":24}}},"fnMap":{},"branchMap":{},"s":{"0":1,"1":1,"2":1,"3":1,"4":1,"5":1,"6":1,"7":1,"8":1,"9":1,"10":1,"11":1,"12":1,"13":1,"14":1},"f":{},"b":{},"_coverageSchema":"1a1c01bbd47fc00a2c39e90264f33305004495a9","hash":"a287bbbe26afd11b4d54e955d92f128cbb82da35"}
,"/Users/tokaji-nagybence/Documents/GitHub/Bookly/bookly_project/backend/api/messagingApi.js": {"path":"/Users/tokaji-nagybence/Documents/GitHub/Bookly/bookly_project/backend/api/messagingApi.js","statementMap":{"0":{"start":{"line":1,"column":16},"end":{"line":1,"column":34}},"1":{"start":{"line":2,"column":23},"end":{"line":2,"column":58}},"2":{"start":{"line":14,"column":4},"end":{"line":14,"column":41}},"3":{"start":{"line":16,"column":0},"end":{"line":191,"column":2}},"4":{"start":{"line":17,"column":19},"end":{"line":17,"column":35}},"5":{"start":{"line":21,"column":8},"end":{"line":22,"column":72}},"6":{"start":{"line":25,"column":4},"end":{"line":25,"column":31}},"7":{"start":{"line":28,"column":4},"end":{"line":44,"column":7}},"8":{"start":{"line":29,"column":8},"end":{"line":43,"column":9}},"9":{"start":{"line":30,"column":37},"end":{"line":30,"column":49}},"10":{"start":{"line":33,"column":12},"end":{"line":37,"column":13}},"11":{"start":{"line":34,"column":16},"end":{"line":34,"column":74}},"12":{"start":{"line":36,"column":16},"end":{"line":36,"column":70}},"13":{"start":{"line":39,"column":12},"end":{"line":39,"column":79}},"14":{"start":{"line":41,"column":12},"end":{"line":41,"column":62}},"15":{"start":{"line":42,"column":12},"end":{"line":42,"column":107}},"16":{"start":{"line":47,"column":4},"end":{"line":67,"column":7}},"17":{"start":{"line":48,"column":8},"end":{"line":66,"column":9}},"18":{"start":{"line":49,"column":37},"end":{"line":49,"column":49}},"19":{"start":{"line":50,"column":35},"end":{"line":50,"column":62}},"20":{"start":{"line":52,"column":33},"end":{"line":52,"column":74}},"21":{"start":{"line":53,"column":12},"end":{"line":55,"column":13}},"22":{"start":{"line":54,"column":16},"end":{"line":54,"column":109}},"23":{"start":{"line":57,"column":12},"end":{"line":59,"column":13}},"24":{"start":{"line":58,"column":16},"end":{"line":58,"column":121}},"25":{"start":{"line":61,"column":29},"end":{"line":61,"column":62}},"26":{"start":{"line":62,"column":12},"end":{"line":62,"column":88}},"27":{"start":{"line":64,"column":12},"end":{"line":64,"column":56}},"28":{"start":{"line":65,"column":12},"end":{"line":65,"column":107}},"29":{"start":{"line":70,"column":4},"end":{"line":101,"column":7}},"30":{"start":{"line":71,"column":8},"end":{"line":100,"column":9}},"31":{"start":{"line":72,"column":37},"end":{"line":72,"column":49}},"32":{"start":{"line":73,"column":45},"end":{"line":73,"column":57}},"33":{"start":{"line":75,"column":12},"end":{"line":77,"column":13}},"34":{"start":{"line":76,"column":16},"end":{"line":76,"column":96}},"35":{"start":{"line":80,"column":12},"end":{"line":85,"column":13}},"36":{"start":{"line":81,"column":35},"end":{"line":81,"column":80}},"37":{"start":{"line":82,"column":16},"end":{"line":84,"column":17}},"38":{"start":{"line":83,"column":20},"end":{"line":83,"column":139}},"39":{"start":{"line":87,"column":31},"end":{"line":87,"column":88}},"40":{"start":{"line":88,"column":24},"end":{"line":88,"column":29}},"41":{"start":{"line":90,"column":12},"end":{"line":94,"column":13}},"42":{"start":{"line":91,"column":30},"end":{"line":91,"column":76}},"43":{"start":{"line":92,"column":16},"end":{"line":92,"column":45}},"44":{"start":{"line":93,"column":16},"end":{"line":93,"column":29}},"45":{"start":{"line":96,"column":12},"end":{"line":96,"column":92}},"46":{"start":{"line":98,"column":12},"end":{"line":98,"column":62}},"47":{"start":{"line":99,"column":12},"end":{"line":99,"column":108}},"48":{"start":{"line":104,"column":4},"end":{"line":140,"column":7}},"49":{"start":{"line":105,"column":8},"end":{"line":139,"column":9}},"50":{"start":{"line":106,"column":37},"end":{"line":106,"column":49}},"51":{"start":{"line":107,"column":35},"end":{"line":107,"column":62}},"52":{"start":{"line":108,"column":48},"end":{"line":108,"column":60}},"53":{"start":{"line":110,"column":12},"end":{"line":112,"column":13}},"54":{"start":{"line":111,"column":16},"end":{"line":111,"column":106}},"55":{"start":{"line":114,"column":33},"end":{"line":114,"column":74}},"56":{"start":{"line":115,"column":12},"end":{"line":117,"column":13}},"57":{"start":{"line":116,"column":16},"end":{"line":116,"column":109}},"58":{"start":{"line":119,"column":12},"end":{"line":121,"column":13}},"59":{"start":{"line":120,"column":16},"end":{"line":120,"column":121}},"60":{"start":{"line":123,"column":31},"end":{"line":123,"column":72}},"61":{"start":{"line":124,"column":31},"end":{"line":124,"column":118}},"62":{"start":{"line":127,"column":34},"end":{"line":127,"column":81}},"63":{"start":{"line":128,"column":32},"end":{"line":128,"column":106}},"64":{"start":{"line":129,"column":12},"end":{"line":133,"column":15}},"65":{"start":{"line":135,"column":12},"end":{"line":135,"column":85}},"66":{"start":{"line":137,"column":12},"end":{"line":137,"column":56}},"67":{"start":{"line":138,"column":12},"end":{"line":138,"column":103}},"68":{"start":{"line":143,"column":4},"end":{"line":163,"column":7}},"69":{"start":{"line":144,"column":8},"end":{"line":162,"column":9}},"70":{"start":{"line":145,"column":37},"end":{"line":145,"column":49}},"71":{"start":{"line":146,"column":35},"end":{"line":146,"column":62}},"72":{"start":{"line":148,"column":33},"end":{"line":148,"column":74}},"73":{"start":{"line":149,"column":12},"end":{"line":151,"column":13}},"74":{"start":{"line":150,"column":16},"end":{"line":150,"column":109}},"75":{"start":{"line":153,"column":12},"end":{"line":155,"column":13}},"76":{"start":{"line":154,"column":16},"end":{"line":154,"column":121}},"77":{"start":{"line":157,"column":12},"end":{"line":157,"column":53}},"78":{"start":{"line":158,"column":12},"end":{"line":158,"column":64}},"79":{"start":{"line":160,"column":12},"end":{"line":160,"column":63}},"80":{"start":{"line":161,"column":12},"end":{"line":161,"column":107}},"81":{"start":{"line":166,"column":4},"end":{"line":188,"column":7}},"82":{"start":{"line":167,"column":8},"end":{"line":187,"column":9}},"83":{"start":{"line":168,"column":37},"end":{"line":168,"column":49}},"84":{"start":{"line":169,"column":35},"end":{"line":169,"column":62}},"85":{"start":{"line":171,"column":33},"end":{"line":171,"column":74}},"86":{"start":{"line":172,"column":12},"end":{"line":174,"column":13}},"87":{"start":{"line":173,"column":16},"end":{"line":173,"column":109}},"88":{"start":{"line":176,"column":12},"end":{"line":178,"column":13}},"89":{"start":{"line":177,"column":16},"end":{"line":177,"column":121}},"90":{"start":{"line":180,"column":31},"end":{"line":180,"column":72}},"91":{"start":{"line":181,"column":12},"end":{"line":181,"column":67}},"92":{"start":{"line":183,"column":12},"end":{"line":183,"column":64}},"93":{"start":{"line":185,"column":12},"end":{"line":185,"column":53}},"94":{"start":{"line":186,"column":12},"end":{"line":186,"column":108}},"95":{"start":{"line":190,"column":4},"end":{"line":190,"column":18}}},"fnMap":{"0":{"name":"(anonymous_0)","decl":{"start":{"line":16,"column":17},"end":{"line":16,"column":18}},"loc":{"start":{"line":16,"column":31},"end":{"line":191,"column":1}},"line":16},"1":{"name":"verifyParticipant","decl":{"start":{"line":20,"column":13},"end":{"line":20,"column":30}},"loc":{"start":{"line":20,"column":59},"end":{"line":23,"column":5}},"line":20},"2":{"name":"(anonymous_2)","decl":{"start":{"line":28,"column":33},"end":{"line":28,"column":34}},"loc":{"start":{"line":28,"column":62},"end":{"line":44,"column":5}},"line":28},"3":{"name":"(anonymous_3)","decl":{"start":{"line":47,"column":37},"end":{"line":47,"column":38}},"loc":{"start":{"line":47,"column":66},"end":{"line":67,"column":5}},"line":47},"4":{"name":"(anonymous_4)","decl":{"start":{"line":70,"column":34},"end":{"line":70,"column":35}},"loc":{"start":{"line":70,"column":63},"end":{"line":101,"column":5}},"line":70},"5":{"name":"(anonymous_5)","decl":{"start":{"line":104,"column":47},"end":{"line":104,"column":48}},"loc":{"start":{"line":104,"column":76},"end":{"line":140,"column":5}},"line":104},"6":{"name":"(anonymous_6)","decl":{"start":{"line":143,"column":40},"end":{"line":143,"column":41}},"loc":{"start":{"line":143,"column":69},"end":{"line":163,"column":5}},"line":143},"7":{"name":"(anonymous_7)","decl":{"start":{"line":166,"column":44},"end":{"line":166,"column":45}},"loc":{"start":{"line":166,"column":73},"end":{"line":188,"column":5}},"line":166}},"branchMap":{"0":{"loc":{"start":{"line":21,"column":15},"end":{"line":22,"column":71}},"type":"binary-expr","locations":[{"start":{"line":21,"column":16},"end":{"line":21,"column":35}},{"start":{"line":21,"column":39},"end":{"line":21,"column":74}},{"start":{"line":22,"column":16},"end":{"line":22,"column":35}},{"start":{"line":22,"column":39},"end":{"line":22,"column":70}}],"line":21},"1":{"loc":{"start":{"line":33,"column":12},"end":{"line":37,"column":13}},"type":"if","locations":[{"start":{"line":33,"column":12},"end":{"line":37,"column":13}},{"start":{"line":35,"column":19},"end":{"line":37,"column":13}}],"line":33},"2":{"loc":{"start":{"line":53,"column":12},"end":{"line":55,"column":13}},"type":"if","locations":[{"start":{"line":53,"column":12},"end":{"line":55,"column":13}},{"start":{},"end":{}}],"line":53},"3":{"loc":{"start":{"line":57,"column":12},"end":{"line":59,"column":13}},"type":"if","locations":[{"start":{"line":57,"column":12},"end":{"line":59,"column":13}},{"start":{},"end":{}}],"line":57},"4":{"loc":{"start":{"line":75,"column":12},"end":{"line":77,"column":13}},"type":"if","locations":[{"start":{"line":75,"column":12},"end":{"line":77,"column":13}},{"start":{},"end":{}}],"line":75},"5":{"loc":{"start":{"line":75,"column":16},"end":{"line":75,"column":40}},"type":"binary-expr","locations":[{"start":{"line":75,"column":16},"end":{"line":75,"column":28}},{"start":{"line":75,"column":32},"end":{"line":75,"column":40}}],"line":75},"6":{"loc":{"start":{"line":80,"column":12},"end":{"line":85,"column":13}},"type":"if","locations":[{"start":{"line":80,"column":12},"end":{"line":85,"column":13}},{"start":{},"end":{}}],"line":80},"7":{"loc":{"start":{"line":82,"column":16},"end":{"line":84,"column":17}},"type":"if","locations":[{"start":{"line":82,"column":16},"end":{"line":84,"column":17}},{"start":{},"end":{}}],"line":82},"8":{"loc":{"start":{"line":90,"column":12},"end":{"line":94,"column":13}},"type":"if","locations":[{"start":{"line":90,"column":12},"end":{"line":94,"column":13}},{"start":{},"end":{}}],"line":90},"9":{"loc":{"start":{"line":96,"column":35},"end":{"line":96,"column":52}},"type":"cond-expr","locations":[{"start":{"line":96,"column":43},"end":{"line":96,"column":46}},{"start":{"line":96,"column":49},"end":{"line":96,"column":52}}],"line":96},"10":{"loc":{"start":{"line":110,"column":12},"end":{"line":112,"column":13}},"type":"if","locations":[{"start":{"line":110,"column":12},"end":{"line":112,"column":13}},{"start":{},"end":{}}],"line":110},"11":{"loc":{"start":{"line":110,"column":16},"end":{"line":110,"column":43}},"type":"binary-expr","locations":[{"start":{"line":110,"column":16},"end":{"line":110,"column":24}},{"start":{"line":110,"column":28},"end":{"line":110,"column":43}}],"line":110},"12":{"loc":{"start":{"line":115,"column":12},"end":{"line":117,"column":13}},"type":"if","locations":[{"start":{"line":115,"column":12},"end":{"line":117,"column":13}},{"start":{},"end":{}}],"line":115},"13":{"loc":{"start":{"line":119,"column":12},"end":{"line":121,"column":13}},"type":"if","locations":[{"start":{"line":119,"column":12},"end":{"line":121,"column":13}},{"start":{},"end":{}}],"line":119},"14":{"loc":{"start":{"line":123,"column":31},"end":{"line":123,"column":72}},"type":"cond-expr","locations":[{"start":{"line":123,"column":53},"end":{"line":123,"column":63}},{"start":{"line":123,"column":66},"end":{"line":123,"column":72}}],"line":123},"15":{"loc":{"start":{"line":127,"column":34},"end":{"line":127,"column":81}},"type":"cond-expr","locations":[{"start":{"line":127,"column":62},"end":{"line":127,"column":68}},{"start":{"line":127,"column":71},"end":{"line":127,"column":81}}],"line":127},"16":{"loc":{"start":{"line":128,"column":32},"end":{"line":128,"column":106}},"type":"cond-expr","locations":[{"start":{"line":128,"column":59},"end":{"line":128,"column":79}},{"start":{"line":128,"column":82},"end":{"line":128,"column":106}}],"line":128},"17":{"loc":{"start":{"line":149,"column":12},"end":{"line":151,"column":13}},"type":"if","locations":[{"start":{"line":149,"column":12},"end":{"line":151,"column":13}},{"start":{},"end":{}}],"line":149},"18":{"loc":{"start":{"line":153,"column":12},"end":{"line":155,"column":13}},"type":"if","locations":[{"start":{"line":153,"column":12},"end":{"line":155,"column":13}},{"start":{},"end":{}}],"line":153},"19":{"loc":{"start":{"line":172,"column":12},"end":{"line":174,"column":13}},"type":"if","locations":[{"start":{"line":172,"column":12},"end":{"line":174,"column":13}},{"start":{},"end":{}}],"line":172},"20":{"loc":{"start":{"line":176,"column":12},"end":{"line":178,"column":13}},"type":"if","locations":[{"start":{"line":176,"column":12},"end":{"line":178,"column":13}},{"start":{},"end":{}}],"line":176},"21":{"loc":{"start":{"line":180,"column":31},"end":{"line":180,"column":72}},"type":"cond-expr","locations":[{"start":{"line":180,"column":53},"end":{"line":180,"column":63}},{"start":{"line":180,"column":66},"end":{"line":180,"column":72}}],"line":180}},"s":{"0":0,"1":0,"2":0,"3":0,"4":0,"5":0,"6":0,"7":0,"8":0,"9":0,"10":0,"11":0,"12":0,"13":0,"14":0,"15":0,"16":0,"17":0,"18":0,"19":0,"20":0,"21":0,"22":0,"23":0,"24":0,"25":0,"26":0,"27":0,"28":0,"29":0,"30":0,"31":0,"32":0,"33":0,"34":0,"35":0,"36":0,"37":0,"38":0,"39":0,"40":0,"41":0,"42":0,"43":0,"44":0,"45":0,"46":0,"47":0,"48":0,"49":0,"50":0,"51":0,"52":0,"53":0,"54":0,"55":0,"56":0,"57":0,"58":0,"59":0,"60":0,"61":0,"62":0,"63":0,"64":0,"65":0,"66":0,"67":0,"68":0,"69":0,"70":0,"71":0,"72":0,"73":0,"74":0,"75":0,"76":0,"77":0,"78":0,"79":0,"80":0,"81":0,"82":0,"83":0,"84":0,"85":0,"86":0,"87":0,"88":0,"89":0,"90":0,"91":0,"92":0,"93":0,"94":0,"95":0},"f":{"0":0,"1":0,"2":0,"3":0,"4":0,"5":0,"6":0,"7":0},"b":{"0":[0,0,0,0],"1":[0,0],"2":[0,0],"3":[0,0],"4":[0,0],"5":[0,0],"6":[0,0],"7":[0,0],"8":[0,0],"9":[0,0],"10":[0,0],"11":[0,0],"12":[0,0],"13":[0,0],"14":[0,0],"15":[0,0],"16":[0,0],"17":[0,0],"18":[0,0],"19":[0,0],"20":[0,0],"21":[0,0]}}
,"/Users/tokaji-nagybence/Documents/GitHub/Bookly/bookly_project/backend/api/salonApi.js": {"path":"/Users/tokaji-nagybence/Documents/GitHub/Bookly/bookly_project/backend/api/salonApi.js","statementMap":{"0":{"start":{"line":6,"column":16},"end":{"line":6,"column":34}},"1":{"start":{"line":7,"column":15},"end":{"line":7,"column":31}},"2":{"start":{"line":9,"column":23},"end":{"line":9,"column":56}},"3":{"start":{"line":10,"column":20},"end":{"line":10,"column":50}},"4":{"start":{"line":11,"column":30},"end":{"line":11,"column":70}},"5":{"start":{"line":13,"column":0},"end":{"line":13,"column":32}},"6":{"start":{"line":14,"column":0},"end":{"line":14,"column":29}},"7":{"start":{"line":15,"column":0},"end":{"line":15,"column":39}},"8":{"start":{"line":17,"column":0},"end":{"line":17,"column":24}}},"fnMap":{},"branchMap":{},"s":{"0":0,"1":0,"2":0,"3":0,"4":0,"5":0,"6":0,"7":0,"8":0},"f":{},"b":{}}
,"/Users/tokaji-nagybence/Documents/GitHub/Bookly/bookly_project/backend/api/searchApi.js": {"path":"/Users/tokaji-nagybence/Documents/GitHub/Bookly/bookly_project/backend/api/searchApi.js","statementMap":{"0":{"start":{"line":1,"column":16},"end":{"line":1,"column":34}},"1":{"start":{"line":2,"column":15},"end":{"line":2,"column":31}},"2":{"start":{"line":3,"column":103},"end":{"line":3,"column":136}},"3":{"start":{"line":4,"column":34},"end":{"line":4,"column":70}},"4":{"start":{"line":5,"column":36},"end":{"line":5,"column":71}},"5":{"start":{"line":6,"column":112},"end":{"line":6,"column":146}},"6":{"start":{"line":7,"column":24},"end":{"line":7,"column":65}},"7":{"start":{"line":8,"column":23},"end":{"line":8,"column":58}},"8":{"start":{"line":11,"column":0},"end":{"line":114,"column":3}},"9":{"start":{"line":12,"column":4},"end":{"line":113,"column":5}},"10":{"start":{"line":13,"column":70},"end":{"line":13,"column":82}},"11":{"start":{"line":16,"column":23},"end":{"line":16,"column":38}},"12":{"start":{"line":19,"column":8},"end":{"line":32,"column":9}},"13":{"start":{"line":20,"column":12},"end":{"line":31,"column":13}},"14":{"start":{"line":21,"column":31},"end":{"line":21,"column":77}},"15":{"start":{"line":22,"column":16},"end":{"line":22,"column":43}},"16":{"start":{"line":23,"column":16},"end":{"line":23,"column":45}},"17":{"start":{"line":25,"column":16},"end":{"line":25,"column":94}},"18":{"start":{"line":26,"column":16},"end":{"line":30,"column":19}},"19":{"start":{"line":35,"column":8},"end":{"line":40,"column":9}},"20":{"start":{"line":36,"column":12},"end":{"line":39,"column":15}},"21":{"start":{"line":43,"column":8},"end":{"line":48,"column":9}},"22":{"start":{"line":44,"column":12},"end":{"line":47,"column":15}},"23":{"start":{"line":51,"column":26},"end":{"line":51,"column":46}},"24":{"start":{"line":54,"column":29},"end":{"line":59,"column":9}},"25":{"start":{"line":62,"column":34},"end":{"line":73,"column":9}},"26":{"start":{"line":64,"column":34},"end":{"line":64,"column":71}},"27":{"start":{"line":65,"column":33},"end":{"line":65,"column":69}},"28":{"start":{"line":67,"column":16},"end":{"line":71,"column":18}},"29":{"start":{"line":76,"column":29},"end":{"line":76,"column":46}},"30":{"start":{"line":77,"column":8},"end":{"line":93,"column":9}},"31":{"start":{"line":78,"column":31},"end":{"line":78,"column":64}},"32":{"start":{"line":79,"column":12},"end":{"line":92,"column":15}},"33":{"start":{"line":81,"column":36},"end":{"line":81,"column":95}},"34":{"start":{"line":84,"column":39},"end":{"line":89,"column":17}},"35":{"start":{"line":86,"column":24},"end":{"line":88,"column":83}},"36":{"start":{"line":91,"column":16},"end":{"line":91,"column":53}},"37":{"start":{"line":95,"column":8},"end":{"line":105,"column":11}},"38":{"start":{"line":107,"column":8},"end":{"line":107,"column":53}},"39":{"start":{"line":108,"column":8},"end":{"line":112,"column":11}},"40":{"start":{"line":117,"column":0},"end":{"line":143,"column":3}},"41":{"start":{"line":118,"column":4},"end":{"line":142,"column":5}},"42":{"start":{"line":119,"column":26},"end":{"line":119,"column":38}},"43":{"start":{"line":121,"column":8},"end":{"line":126,"column":9}},"44":{"start":{"line":122,"column":12},"end":{"line":125,"column":15}},"45":{"start":{"line":128,"column":28},"end":{"line":128,"column":74}},"46":{"start":{"line":130,"column":8},"end":{"line":134,"column":11}},"47":{"start":{"line":136,"column":8},"end":{"line":136,"column":47}},"48":{"start":{"line":137,"column":8},"end":{"line":141,"column":11}},"49":{"start":{"line":146,"column":0},"end":{"line":162,"column":3}},"50":{"start":{"line":147,"column":4},"end":{"line":161,"column":5}},"51":{"start":{"line":148,"column":22},"end":{"line":148,"column":51}},"52":{"start":{"line":150,"column":8},"end":{"line":153,"column":11}},"53":{"start":{"line":155,"column":8},"end":{"line":155,"column":49}},"54":{"start":{"line":156,"column":8},"end":{"line":160,"column":11}},"55":{"start":{"line":165,"column":0},"end":{"line":193,"column":3}},"56":{"start":{"line":166,"column":4},"end":{"line":192,"column":5}},"57":{"start":{"line":167,"column":22},"end":{"line":167,"column":57}},"58":{"start":{"line":168,"column":23},"end":{"line":168,"column":53}},"59":{"start":{"line":171,"column":36},"end":{"line":179,"column":9}},"60":{"start":{"line":173,"column":34},"end":{"line":173,"column":71}},"61":{"start":{"line":174,"column":16},"end":{"line":177,"column":18}},"62":{"start":{"line":181,"column":8},"end":{"line":184,"column":11}},"63":{"start":{"line":186,"column":8},"end":{"line":186,"column":60}},"64":{"start":{"line":187,"column":8},"end":{"line":191,"column":11}},"65":{"start":{"line":196,"column":0},"end":{"line":229,"column":3}},"66":{"start":{"line":197,"column":4},"end":{"line":228,"column":5}},"67":{"start":{"line":198,"column":26},"end":{"line":198,"column":39}},"68":{"start":{"line":200,"column":8},"end":{"line":206,"column":9}},"69":{"start":{"line":201,"column":12},"end":{"line":205,"column":15}},"70":{"start":{"line":208,"column":27},"end":{"line":208,"column":53}},"71":{"start":{"line":211,"column":23},"end":{"line":211,"column":60}},"72":{"start":{"line":214,"column":29},"end":{"line":214,"column":65}},"73":{"start":{"line":216,"column":8},"end":{"line":220,"column":11}},"74":{"start":{"line":222,"column":8},"end":{"line":222,"column":55}},"75":{"start":{"line":223,"column":8},"end":{"line":227,"column":11}},"76":{"start":{"line":232,"column":0},"end":{"line":286,"column":3}},"77":{"start":{"line":233,"column":4},"end":{"line":285,"column":5}},"78":{"start":{"line":234,"column":24},"end":{"line":234,"column":51}},"79":{"start":{"line":236,"column":8},"end":{"line":241,"column":9}},"80":{"start":{"line":237,"column":12},"end":{"line":240,"column":15}},"81":{"start":{"line":244,"column":22},"end":{"line":244,"column":49}},"82":{"start":{"line":246,"column":8},"end":{"line":251,"column":9}},"83":{"start":{"line":247,"column":12},"end":{"line":250,"column":15}},"84":{"start":{"line":254,"column":26},"end":{"line":254,"column":62}},"85":{"start":{"line":257,"column":38},"end":{"line":265,"column":9}},"86":{"start":{"line":259,"column":33},"end":{"line":259,"column":75}},"87":{"start":{"line":260,"column":16},"end":{"line":263,"column":18}},"88":{"start":{"line":268,"column":25},"end":{"line":268,"column":60}},"89":{"start":{"line":270,"column":8},"end":{"line":277,"column":11}},"90":{"start":{"line":279,"column":8},"end":{"line":279,"column":57}},"91":{"start":{"line":280,"column":8},"end":{"line":284,"column":11}},"92":{"start":{"line":289,"column":0},"end":{"line":335,"column":3}},"93":{"start":{"line":290,"column":4},"end":{"line":334,"column":5}},"94":{"start":{"line":291,"column":40},"end":{"line":291,"column":53}},"95":{"start":{"line":294,"column":30},"end":{"line":294,"column":46}},"96":{"start":{"line":295,"column":26},"end":{"line":295,"column":34}},"97":{"start":{"line":297,"column":8},"end":{"line":300,"column":9}},"98":{"start":{"line":298,"column":12},"end":{"line":298,"column":57}},"99":{"start":{"line":299,"column":12},"end":{"line":299,"column":64}},"100":{"start":{"line":302,"column":8},"end":{"line":305,"column":9}},"101":{"start":{"line":303,"column":12},"end":{"line":303,"column":47}},"102":{"start":{"line":304,"column":12},"end":{"line":304,"column":43}},"103":{"start":{"line":307,"column":23},"end":{"line":307,"column":77}},"104":{"start":{"line":310,"column":36},"end":{"line":320,"column":9}},"105":{"start":{"line":312,"column":34},"end":{"line":312,"column":71}},"106":{"start":{"line":313,"column":33},"end":{"line":313,"column":69}},"107":{"start":{"line":314,"column":16},"end":{"line":318,"column":18}},"108":{"start":{"line":322,"column":8},"end":{"line":326,"column":11}},"109":{"start":{"line":328,"column":8},"end":{"line":328,"column":54}},"110":{"start":{"line":329,"column":8},"end":{"line":333,"column":11}},"111":{"start":{"line":338,"column":0},"end":{"line":356,"column":3}},"112":{"start":{"line":339,"column":4},"end":{"line":355,"column":5}},"113":{"start":{"line":340,"column":22},"end":{"line":340,"column":56}},"114":{"start":{"line":342,"column":24},"end":{"line":342,"column":53}},"115":{"start":{"line":344,"column":8},"end":{"line":347,"column":11}},"116":{"start":{"line":349,"column":8},"end":{"line":349,"column":58}},"117":{"start":{"line":350,"column":8},"end":{"line":354,"column":11}},"118":{"start":{"line":359,"column":0},"end":{"line":384,"column":3}},"119":{"start":{"line":360,"column":4},"end":{"line":383,"column":5}},"120":{"start":{"line":361,"column":22},"end":{"line":361,"column":35}},"121":{"start":{"line":363,"column":8},"end":{"line":368,"column":9}},"122":{"start":{"line":364,"column":12},"end":{"line":367,"column":15}},"123":{"start":{"line":370,"column":28},"end":{"line":370,"column":79}},"124":{"start":{"line":372,"column":8},"end":{"line":375,"column":11}},"125":{"start":{"line":377,"column":8},"end":{"line":377,"column":60}},"126":{"start":{"line":378,"column":8},"end":{"line":382,"column":11}},"127":{"start":{"line":387,"column":0},"end":{"line":422,"column":3}},"128":{"start":{"line":388,"column":4},"end":{"line":421,"column":5}},"129":{"start":{"line":389,"column":40},"end":{"line":389,"column":52}},"130":{"start":{"line":391,"column":8},"end":{"line":396,"column":9}},"131":{"start":{"line":392,"column":12},"end":{"line":395,"column":15}},"132":{"start":{"line":398,"column":8},"end":{"line":403,"column":9}},"133":{"start":{"line":399,"column":12},"end":{"line":402,"column":15}},"134":{"start":{"line":405,"column":23},"end":{"line":405,"column":83}},"135":{"start":{"line":407,"column":8},"end":{"line":413,"column":11}},"136":{"start":{"line":415,"column":8},"end":{"line":415,"column":55}},"137":{"start":{"line":416,"column":8},"end":{"line":420,"column":11}},"138":{"start":{"line":425,"column":0},"end":{"line":438,"column":3}},"139":{"start":{"line":426,"column":4},"end":{"line":437,"column":5}},"140":{"start":{"line":427,"column":23},"end":{"line":427,"column":42}},"141":{"start":{"line":428,"column":40},"end":{"line":428,"column":53}},"142":{"start":{"line":429,"column":8},"end":{"line":431,"column":9}},"143":{"start":{"line":430,"column":12},"end":{"line":430,"column":95}},"144":{"start":{"line":432,"column":23},"end":{"line":432,"column":108}},"145":{"start":{"line":433,"column":8},"end":{"line":433,"column":78}},"146":{"start":{"line":435,"column":8},"end":{"line":435,"column":59}},"147":{"start":{"line":436,"column":8},"end":{"line":436,"column":126}},"148":{"start":{"line":440,"column":0},"end":{"line":440,"column":24}}},"fnMap":{"0":{"name":"(anonymous_0)","decl":{"start":{"line":11,"column":23},"end":{"line":11,"column":24}},"loc":{"start":{"line":11,"column":52},"end":{"line":114,"column":1}},"line":11},"1":{"name":"(anonymous_1)","decl":{"start":{"line":63,"column":29},"end":{"line":63,"column":30}},"loc":{"start":{"line":63,"column":46},"end":{"line":72,"column":13}},"line":63},"2":{"name":"(anonymous_2)","decl":{"start":{"line":79,"column":54},"end":{"line":79,"column":55}},"loc":{"start":{"line":79,"column":65},"end":{"line":92,"column":13}},"line":79},"3":{"name":"(anonymous_3)","decl":{"start":{"line":85,"column":20},"end":{"line":85,"column":21}},"loc":{"start":{"line":86,"column":24},"end":{"line":88,"column":83}},"line":86},"4":{"name":"(anonymous_4)","decl":{"start":{"line":117,"column":24},"end":{"line":117,"column":25}},"loc":{"start":{"line":117,"column":53},"end":{"line":143,"column":1}},"line":117},"5":{"name":"(anonymous_5)","decl":{"start":{"line":146,"column":21},"end":{"line":146,"column":22}},"loc":{"start":{"line":146,"column":50},"end":{"line":162,"column":1}},"line":146},"6":{"name":"(anonymous_6)","decl":{"start":{"line":165,"column":25},"end":{"line":165,"column":26}},"loc":{"start":{"line":165,"column":54},"end":{"line":193,"column":1}},"line":165},"7":{"name":"(anonymous_7)","decl":{"start":{"line":172,"column":23},"end":{"line":172,"column":24}},"loc":{"start":{"line":172,"column":40},"end":{"line":178,"column":13}},"line":172},"8":{"name":"(anonymous_8)","decl":{"start":{"line":196,"column":27},"end":{"line":196,"column":28}},"loc":{"start":{"line":196,"column":56},"end":{"line":229,"column":1}},"line":196},"9":{"name":"(anonymous_9)","decl":{"start":{"line":232,"column":25},"end":{"line":232,"column":26}},"loc":{"start":{"line":232,"column":54},"end":{"line":286,"column":1}},"line":232},"10":{"name":"(anonymous_10)","decl":{"start":{"line":258,"column":26},"end":{"line":258,"column":27}},"loc":{"start":{"line":258,"column":46},"end":{"line":264,"column":13}},"line":258},"11":{"name":"(anonymous_11)","decl":{"start":{"line":289,"column":23},"end":{"line":289,"column":24}},"loc":{"start":{"line":289,"column":52},"end":{"line":335,"column":1}},"line":289},"12":{"name":"(anonymous_12)","decl":{"start":{"line":311,"column":23},"end":{"line":311,"column":24}},"loc":{"start":{"line":311,"column":40},"end":{"line":319,"column":13}},"line":311},"13":{"name":"(anonymous_13)","decl":{"start":{"line":338,"column":30},"end":{"line":338,"column":31}},"loc":{"start":{"line":338,"column":59},"end":{"line":356,"column":1}},"line":338},"14":{"name":"(anonymous_14)","decl":{"start":{"line":359,"column":36},"end":{"line":359,"column":37}},"loc":{"start":{"line":359,"column":65},"end":{"line":384,"column":1}},"line":359},"15":{"name":"(anonymous_15)","decl":{"start":{"line":387,"column":32},"end":{"line":387,"column":33}},"loc":{"start":{"line":387,"column":61},"end":{"line":422,"column":1}},"line":387},"16":{"name":"(anonymous_16)","decl":{"start":{"line":425,"column":47},"end":{"line":425,"column":48}},"loc":{"start":{"line":425,"column":76},"end":{"line":438,"column":1}},"line":425}},"branchMap":{"0":{"loc":{"start":{"line":16,"column":23},"end":{"line":16,"column":38}},"type":"binary-expr","locations":[{"start":{"line":16,"column":23},"end":{"line":16,"column":32}},{"start":{"line":16,"column":36},"end":{"line":16,"column":38}}],"line":16},"1":{"loc":{"start":{"line":19,"column":8},"end":{"line":32,"column":9}},"type":"if","locations":[{"start":{"line":19,"column":8},"end":{"line":32,"column":9}},{"start":{},"end":{}}],"line":19},"2":{"loc":{"start":{"line":19,"column":12},"end":{"line":19,"column":44}},"type":"binary-expr","locations":[{"start":{"line":19,"column":12},"end":{"line":19,"column":17}},{"start":{"line":19,"column":21},"end":{"line":19,"column":30}},{"start":{"line":19,"column":34},"end":{"line":19,"column":44}}],"line":19},"3":{"loc":{"start":{"line":35,"column":8},"end":{"line":40,"column":9}},"type":"if","locations":[{"start":{"line":35,"column":8},"end":{"line":40,"column":9}},{"start":{},"end":{}}],"line":35},"4":{"loc":{"start":{"line":35,"column":12},"end":{"line":35,"column":35}},"type":"binary-expr","locations":[{"start":{"line":35,"column":12},"end":{"line":35,"column":21}},{"start":{"line":35,"column":25},"end":{"line":35,"column":35}}],"line":35},"5":{"loc":{"start":{"line":43,"column":8},"end":{"line":48,"column":9}},"type":"if","locations":[{"start":{"line":43,"column":8},"end":{"line":48,"column":9}},{"start":{},"end":{}}],"line":43},"6":{"loc":{"start":{"line":43,"column":12},"end":{"line":43,"column":82}},"type":"binary-expr","locations":[{"start":{"line":43,"column":12},"end":{"line":43,"column":26}},{"start":{"line":43,"column":30},"end":{"line":43,"column":43}},{"start":{"line":43,"column":47},"end":{"line":43,"column":63}},{"start":{"line":43,"column":67},"end":{"line":43,"column":82}}],"line":43},"7":{"loc":{"start":{"line":77,"column":8},"end":{"line":93,"column":9}},"type":"if","locations":[{"start":{"line":77,"column":8},"end":{"line":93,"column":9}},{"start":{},"end":{}}],"line":77},"8":{"loc":{"start":{"line":81,"column":36},"end":{"line":81,"column":95}},"type":"binary-expr","locations":[{"start":{"line":81,"column":36},"end":{"line":81,"column":46}},{"start":{"line":81,"column":50},"end":{"line":81,"column":95}}],"line":81},"9":{"loc":{"start":{"line":86,"column":24},"end":{"line":88,"column":83}},"type":"binary-expr","locations":[{"start":{"line":86,"column":24},"end":{"line":86,"column":71}},{"start":{"line":87,"column":25},"end":{"line":87,"column":44}},{"start":{"line":88,"column":28},"end":{"line":88,"column":82}}],"line":86},"10":{"loc":{"start":{"line":91,"column":23},"end":{"line":91,"column":52}},"type":"binary-expr","locations":[{"start":{"line":91,"column":23},"end":{"line":91,"column":34}},{"start":{"line":91,"column":38},"end":{"line":91,"column":52}}],"line":91},"11":{"loc":{"start":{"line":102,"column":28},"end":{"line":102,"column":48}},"type":"binary-expr","locations":[{"start":{"line":102,"column":28},"end":{"line":102,"column":40}},{"start":{"line":102,"column":44},"end":{"line":102,"column":48}}],"line":102},"12":{"loc":{"start":{"line":121,"column":8},"end":{"line":126,"column":9}},"type":"if","locations":[{"start":{"line":121,"column":8},"end":{"line":126,"column":9}},{"start":{},"end":{}}],"line":121},"13":{"loc":{"start":{"line":167,"column":22},"end":{"line":167,"column":57}},"type":"binary-expr","locations":[{"start":{"line":167,"column":22},"end":{"line":167,"column":51}},{"start":{"line":167,"column":55},"end":{"line":167,"column":57}}],"line":167},"14":{"loc":{"start":{"line":200,"column":8},"end":{"line":206,"column":9}},"type":"if","locations":[{"start":{"line":200,"column":8},"end":{"line":206,"column":9}},{"start":{},"end":{}}],"line":200},"15":{"loc":{"start":{"line":200,"column":12},"end":{"line":200,"column":45}},"type":"binary-expr","locations":[{"start":{"line":200,"column":12},"end":{"line":200,"column":18}},{"start":{"line":200,"column":22},"end":{"line":200,"column":45}}],"line":200},"16":{"loc":{"start":{"line":236,"column":8},"end":{"line":241,"column":9}},"type":"if","locations":[{"start":{"line":236,"column":8},"end":{"line":241,"column":9}},{"start":{},"end":{}}],"line":236},"17":{"loc":{"start":{"line":246,"column":8},"end":{"line":251,"column":9}},"type":"if","locations":[{"start":{"line":246,"column":8},"end":{"line":251,"column":9}},{"start":{},"end":{}}],"line":246},"18":{"loc":{"start":{"line":297,"column":8},"end":{"line":300,"column":9}},"type":"if","locations":[{"start":{"line":297,"column":8},"end":{"line":300,"column":9}},{"start":{},"end":{}}],"line":297},"19":{"loc":{"start":{"line":302,"column":8},"end":{"line":305,"column":9}},"type":"if","locations":[{"start":{"line":302,"column":8},"end":{"line":305,"column":9}},{"start":{},"end":{}}],"line":302},"20":{"loc":{"start":{"line":340,"column":22},"end":{"line":340,"column":56}},"type":"binary-expr","locations":[{"start":{"line":340,"column":22},"end":{"line":340,"column":51}},{"start":{"line":340,"column":55},"end":{"line":340,"column":56}}],"line":340},"21":{"loc":{"start":{"line":363,"column":8},"end":{"line":368,"column":9}},"type":"if","locations":[{"start":{"line":363,"column":8},"end":{"line":368,"column":9}},{"start":{},"end":{}}],"line":363},"22":{"loc":{"start":{"line":363,"column":12},"end":{"line":363,"column":37}},"type":"binary-expr","locations":[{"start":{"line":363,"column":12},"end":{"line":363,"column":14}},{"start":{"line":363,"column":18},"end":{"line":363,"column":37}}],"line":363},"23":{"loc":{"start":{"line":391,"column":8},"end":{"line":396,"column":9}},"type":"if","locations":[{"start":{"line":391,"column":8},"end":{"line":396,"column":9}},{"start":{},"end":{}}],"line":391},"24":{"loc":{"start":{"line":391,"column":12},"end":{"line":391,"column":49}},"type":"binary-expr","locations":[{"start":{"line":391,"column":12},"end":{"line":391,"column":28}},{"start":{"line":391,"column":32},"end":{"line":391,"column":49}}],"line":391},"25":{"loc":{"start":{"line":398,"column":8},"end":{"line":403,"column":9}},"type":"if","locations":[{"start":{"line":398,"column":8},"end":{"line":403,"column":9}},{"start":{},"end":{}}],"line":398},"26":{"loc":{"start":{"line":398,"column":12},"end":{"line":398,"column":82}},"type":"binary-expr","locations":[{"start":{"line":398,"column":12},"end":{"line":398,"column":26}},{"start":{"line":398,"column":30},"end":{"line":398,"column":43}},{"start":{"line":398,"column":47},"end":{"line":398,"column":63}},{"start":{"line":398,"column":67},"end":{"line":398,"column":82}}],"line":398},"27":{"loc":{"start":{"line":428,"column":26},"end":{"line":428,"column":35}},"type":"default-arg","locations":[{"start":{"line":428,"column":34},"end":{"line":428,"column":35}}],"line":428},"28":{"loc":{"start":{"line":429,"column":8},"end":{"line":431,"column":9}},"type":"if","locations":[{"start":{"line":429,"column":8},"end":{"line":431,"column":9}},{"start":{},"end":{}}],"line":429},"29":{"loc":{"start":{"line":429,"column":12},"end":{"line":429,"column":24}},"type":"binary-expr","locations":[{"start":{"line":429,"column":12},"end":{"line":429,"column":16}},{"start":{"line":429,"column":20},"end":{"line":429,"column":24}}],"line":429}},"s":{"0":1,"1":1,"2":1,"3":1,"4":1,"5":1,"6":1,"7":1,"8":1,"9":5,"10":5,"11":5,"12":5,"13":1,"14":1,"15":0,"16":0,"17":1,"18":1,"19":4,"20":1,"21":3,"22":1,"23":2,"24":0,"25":0,"26":0,"27":0,"28":0,"29":0,"30":0,"31":0,"32":0,"33":0,"34":0,"35":0,"36":0,"37":0,"38":2,"39":2,"40":1,"41":0,"42":0,"43":0,"44":0,"45":0,"46":0,"47":0,"48":0,"49":1,"50":1,"51":1,"52":0,"53":1,"54":1,"55":1,"56":0,"57":0,"58":0,"59":0,"60":0,"61":0,"62":0,"63":0,"64":0,"65":1,"66":0,"67":0,"68":0,"69":0,"70":0,"71":0,"72":0,"73":0,"74":0,"75":0,"76":1,"77":2,"78":2,"79":2,"80":0,"81":2,"82":0,"83":0,"84":0,"85":0,"86":0,"87":0,"88":0,"89":0,"90":2,"91":2,"92":1,"93":0,"94":0,"95":0,"96":0,"97":0,"98":0,"99":0,"100":0,"101":0,"102":0,"103":0,"104":0,"105":0,"106":0,"107":0,"108":0,"109":0,"110":0,"111":1,"112":0,"113":0,"114":0,"115":0,"116":0,"117":0,"118":1,"119":0,"120":0,"121":0,"122":0,"123":0,"124":0,"125":0,"126":0,"127":1,"128":0,"129":0,"130":0,"131":0,"132":0,"133":0,"134":0,"135":0,"136":0,"137":0,"138":1,"139":0,"140":0,"141":0,"142":0,"143":0,"144":0,"145":0,"146":0,"147":0,"148":1},"f":{"0":5,"1":0,"2":0,"3":0,"4":0,"5":1,"6":0,"7":0,"8":0,"9":2,"10":0,"11":0,"12":0,"13":0,"14":0,"15":0,"16":0},"b":{"0":[5,4],"1":[1,4],"2":[5,1,1],"3":[1,3],"4":[4,3],"5":[1,2],"6":[3,3,2,2],"7":[0,0],"8":[0,0],"9":[0,0,0],"10":[0,0],"11":[0,0],"12":[0,0],"13":[0,0],"14":[0,0],"15":[0,0],"16":[0,2],"17":[0,0],"18":[0,0],"19":[0,0],"20":[0,0],"21":[0,0],"22":[0,0],"23":[0,0],"24":[0,0],"25":[0,0],"26":[0,0,0,0],"27":[0],"28":[0,0],"29":[0,0]},"_coverageSchema":"1a1c01bbd47fc00a2c39e90264f33305004495a9","hash":"f45416e71a3eb2e02625497377bbd9d0914afc3a"}
,"/Users/tokaji-nagybence/Documents/GitHub/Bookly/bookly_project/backend/api/staffApi.js": {"path":"/Users/tokaji-nagybence/Documents/GitHub/Bookly/bookly_project/backend/api/staffApi.js","statementMap":{"0":{"start":{"line":1,"column":16},"end":{"line":1,"column":34}},"1":{"start":{"line":2,"column":15},"end":{"line":2,"column":31}},"2":{"start":{"line":3,"column":38},"end":{"line":3,"column":74}},"3":{"start":{"line":4,"column":224},"end":{"line":4,"column":263}},"4":{"start":{"line":5,"column":92},"end":{"line":5,"column":127}},"5":{"start":{"line":6,"column":41},"end":{"line":6,"column":78}},"6":{"start":{"line":7,"column":82},"end":{"line":7,"column":114}},"7":{"start":{"line":8,"column":32},"end":{"line":8,"column":64}},"8":{"start":{"line":9,"column":32},"end":{"line":9,"column":78}},"9":{"start":{"line":10,"column":23},"end":{"line":10,"column":58}},"10":{"start":{"line":11,"column":15},"end":{"line":11,"column":34}},"11":{"start":{"line":18,"column":0},"end":{"line":18,"column":48}},"12":{"start":{"line":21,"column":0},"end":{"line":40,"column":3}},"13":{"start":{"line":22,"column":4},"end":{"line":39,"column":5}},"14":{"start":{"line":23,"column":24},"end":{"line":23,"column":56}},"15":{"start":{"line":24,"column":8},"end":{"line":26,"column":9}},"16":{"start":{"line":25,"column":12},"end":{"line":25,"column":109}},"17":{"start":{"line":28,"column":24},"end":{"line":28,"column":81}},"18":{"start":{"line":29,"column":8},"end":{"line":31,"column":9}},"19":{"start":{"line":30,"column":12},"end":{"line":30,"column":114}},"20":{"start":{"line":33,"column":25},"end":{"line":33,"column":65}},"21":{"start":{"line":35,"column":8},"end":{"line":35,"column":63}},"22":{"start":{"line":37,"column":8},"end":{"line":37,"column":58}},"23":{"start":{"line":38,"column":8},"end":{"line":38,"column":78}},"24":{"start":{"line":44,"column":0},"end":{"line":79,"column":3}},"25":{"start":{"line":45,"column":4},"end":{"line":78,"column":5}},"26":{"start":{"line":46,"column":24},"end":{"line":46,"column":56}},"27":{"start":{"line":47,"column":25},"end":{"line":47,"column":38}},"28":{"start":{"line":49,"column":8},"end":{"line":51,"column":9}},"29":{"start":{"line":50,"column":12},"end":{"line":50,"column":109}},"30":{"start":{"line":53,"column":8},"end":{"line":55,"column":9}},"31":{"start":{"line":54,"column":12},"end":{"line":54,"column":127}},"32":{"start":{"line":57,"column":24},"end":{"line":57,"column":81}},"33":{"start":{"line":58,"column":8},"end":{"line":60,"column":9}},"34":{"start":{"line":59,"column":12},"end":{"line":59,"column":114}},"35":{"start":{"line":62,"column":29},"end":{"line":62,"column":78}},"36":{"start":{"line":64,"column":27},"end":{"line":64,"column":76}},"37":{"start":{"line":66,"column":27},"end":{"line":66,"column":67}},"38":{"start":{"line":68,"column":8},"end":{"line":74,"column":11}},"39":{"start":{"line":76,"column":8},"end":{"line":76,"column":58}},"40":{"start":{"line":77,"column":8},"end":{"line":77,"column":78}},"41":{"start":{"line":83,"column":0},"end":{"line":183,"column":3}},"42":{"start":{"line":84,"column":4},"end":{"line":182,"column":5}},"43":{"start":{"line":85,"column":130},"end":{"line":85,"column":142}},"44":{"start":{"line":87,"column":8},"end":{"line":89,"column":9}},"45":{"start":{"line":88,"column":12},"end":{"line":88,"column":136}},"46":{"start":{"line":91,"column":30},"end":{"line":91,"column":47}},"47":{"start":{"line":92,"column":8},"end":{"line":94,"column":9}},"48":{"start":{"line":93,"column":12},"end":{"line":93,"column":109}},"49":{"start":{"line":96,"column":24},"end":{"line":96,"column":87}},"50":{"start":{"line":97,"column":8},"end":{"line":99,"column":9}},"51":{"start":{"line":98,"column":12},"end":{"line":98,"column":114}},"52":{"start":{"line":102,"column":24},"end":{"line":102,"column":82}},"53":{"start":{"line":104,"column":8},"end":{"line":106,"column":9}},"54":{"start":{"line":105,"column":12},"end":{"line":105,"column":119}},"55":{"start":{"line":107,"column":27},"end":{"line":107,"column":73}},"56":{"start":{"line":108,"column":28},"end":{"line":108,"column":58}},"57":{"start":{"line":109,"column":28},"end":{"line":109,"column":59}},"58":{"start":{"line":111,"column":33},"end":{"line":111,"column":84}},"59":{"start":{"line":112,"column":31},"end":{"line":112,"column":102}},"60":{"start":{"line":114,"column":26},"end":{"line":114,"column":53}},"61":{"start":{"line":115,"column":8},"end":{"line":117,"column":9}},"62":{"start":{"line":116,"column":12},"end":{"line":116,"column":129}},"63":{"start":{"line":119,"column":21},"end":{"line":119,"column":25}},"64":{"start":{"line":121,"column":8},"end":{"line":139,"column":9}},"65":{"start":{"line":122,"column":12},"end":{"line":124,"column":13}},"66":{"start":{"line":123,"column":16},"end":{"line":123,"column":133}},"67":{"start":{"line":126,"column":12},"end":{"line":128,"column":13}},"68":{"start":{"line":127,"column":16},"end":{"line":127,"column":128}},"69":{"start":{"line":130,"column":33},"end":{"line":130,"column":72}},"70":{"start":{"line":132,"column":12},"end":{"line":138,"column":13}},"71":{"start":{"line":133,"column":16},"end":{"line":133,"column":41}},"72":{"start":{"line":134,"column":16},"end":{"line":134,"column":99}},"73":{"start":{"line":136,"column":44},"end":{"line":136,"column":81}},"74":{"start":{"line":137,"column":16},"end":{"line":137,"column":147}},"75":{"start":{"line":142,"column":26},"end":{"line":146,"column":9}},"76":{"start":{"line":148,"column":8},"end":{"line":150,"column":9}},"77":{"start":{"line":149,"column":12},"end":{"line":149,"column":103}},"78":{"start":{"line":153,"column":24},"end":{"line":153,"column":75}},"79":{"start":{"line":154,"column":27},"end":{"line":154,"column":85}},"80":{"start":{"line":155,"column":28},"end":{"line":159,"column":10}},"81":{"start":{"line":156,"column":31},"end":{"line":156,"column":61}},"82":{"start":{"line":157,"column":29},"end":{"line":157,"column":57}},"83":{"start":{"line":158,"column":12},"end":{"line":158,"column":78}},"84":{"start":{"line":161,"column":8},"end":{"line":163,"column":9}},"85":{"start":{"line":162,"column":12},"end":{"line":162,"column":116}},"86":{"start":{"line":165,"column":30},"end":{"line":176,"column":10}},"87":{"start":{"line":178,"column":8},"end":{"line":178,"column":110}},"88":{"start":{"line":180,"column":8},"end":{"line":180,"column":64}},"89":{"start":{"line":181,"column":8},"end":{"line":181,"column":78}},"90":{"start":{"line":187,"column":0},"end":{"line":222,"column":3}},"91":{"start":{"line":188,"column":4},"end":{"line":221,"column":5}},"92":{"start":{"line":189,"column":30},"end":{"line":189,"column":68}},"93":{"start":{"line":190,"column":36},"end":{"line":190,"column":48}},"94":{"start":{"line":192,"column":8},"end":{"line":194,"column":9}},"95":{"start":{"line":193,"column":12},"end":{"line":193,"column":108}},"96":{"start":{"line":196,"column":24},"end":{"line":196,"column":93}},"97":{"start":{"line":197,"column":8},"end":{"line":199,"column":9}},"98":{"start":{"line":198,"column":12},"end":{"line":198,"column":113}},"99":{"start":{"line":201,"column":30},"end":{"line":201,"column":79}},"100":{"start":{"line":202,"column":8},"end":{"line":204,"column":9}},"101":{"start":{"line":203,"column":12},"end":{"line":203,"column":97}},"102":{"start":{"line":206,"column":8},"end":{"line":208,"column":9}},"103":{"start":{"line":207,"column":12},"end":{"line":207,"column":100}},"104":{"start":{"line":210,"column":8},"end":{"line":212,"column":9}},"105":{"start":{"line":211,"column":12},"end":{"line":211,"column":65}},"106":{"start":{"line":213,"column":8},"end":{"line":215,"column":9}},"107":{"start":{"line":214,"column":12},"end":{"line":214,"column":83}},"108":{"start":{"line":217,"column":8},"end":{"line":217,"column":94}},"109":{"start":{"line":219,"column":8},"end":{"line":219,"column":64}},"110":{"start":{"line":220,"column":8},"end":{"line":220,"column":78}},"111":{"start":{"line":226,"column":0},"end":{"line":256,"column":3}},"112":{"start":{"line":227,"column":4},"end":{"line":255,"column":5}},"113":{"start":{"line":228,"column":30},"end":{"line":228,"column":68}},"114":{"start":{"line":230,"column":8},"end":{"line":232,"column":9}},"115":{"start":{"line":231,"column":12},"end":{"line":231,"column":108}},"116":{"start":{"line":234,"column":24},"end":{"line":234,"column":93}},"117":{"start":{"line":235,"column":8},"end":{"line":237,"column":9}},"118":{"start":{"line":236,"column":12},"end":{"line":236,"column":113}},"119":{"start":{"line":239,"column":28},"end":{"line":239,"column":73}},"120":{"start":{"line":241,"column":8},"end":{"line":243,"column":9}},"121":{"start":{"line":242,"column":12},"end":{"line":242,"column":100}},"122":{"start":{"line":245,"column":8},"end":{"line":247,"column":9}},"123":{"start":{"line":246,"column":12},"end":{"line":246,"column":107}},"124":{"start":{"line":249,"column":8},"end":{"line":249,"column":47}},"125":{"start":{"line":251,"column":8},"end":{"line":251,"column":92}},"126":{"start":{"line":253,"column":8},"end":{"line":253,"column":64}},"127":{"start":{"line":254,"column":8},"end":{"line":254,"column":78}},"128":{"start":{"line":258,"column":0},"end":{"line":258,"column":24}}},"fnMap":{"0":{"name":"(anonymous_0)","decl":{"start":{"line":21,"column":33},"end":{"line":21,"column":34}},"loc":{"start":{"line":21,"column":62},"end":{"line":40,"column":1}},"line":21},"1":{"name":"(anonymous_1)","decl":{"start":{"line":44,"column":33},"end":{"line":44,"column":34}},"loc":{"start":{"line":44,"column":62},"end":{"line":79,"column":1}},"line":44},"2":{"name":"(anonymous_2)","decl":{"start":{"line":83,"column":28},"end":{"line":83,"column":29}},"loc":{"start":{"line":83,"column":57},"end":{"line":183,"column":1}},"line":83},"3":{"name":"(anonymous_3)","decl":{"start":{"line":155,"column":44},"end":{"line":155,"column":45}},"loc":{"start":{"line":155,"column":53},"end":{"line":159,"column":9}},"line":155},"4":{"name":"(anonymous_4)","decl":{"start":{"line":187,"column":42},"end":{"line":187,"column":43}},"loc":{"start":{"line":187,"column":71},"end":{"line":222,"column":1}},"line":187},"5":{"name":"(anonymous_5)","decl":{"start":{"line":226,"column":45},"end":{"line":226,"column":46}},"loc":{"start":{"line":226,"column":74},"end":{"line":256,"column":1}},"line":226}},"branchMap":{"0":{"loc":{"start":{"line":24,"column":8},"end":{"line":26,"column":9}},"type":"if","locations":[{"start":{"line":24,"column":8},"end":{"line":26,"column":9}},{"start":{},"end":{}}],"line":24},"1":{"loc":{"start":{"line":29,"column":8},"end":{"line":31,"column":9}},"type":"if","locations":[{"start":{"line":29,"column":8},"end":{"line":31,"column":9}},{"start":{},"end":{}}],"line":29},"2":{"loc":{"start":{"line":49,"column":8},"end":{"line":51,"column":9}},"type":"if","locations":[{"start":{"line":49,"column":8},"end":{"line":51,"column":9}},{"start":{},"end":{}}],"line":49},"3":{"loc":{"start":{"line":53,"column":8},"end":{"line":55,"column":9}},"type":"if","locations":[{"start":{"line":53,"column":8},"end":{"line":55,"column":9}},{"start":{},"end":{}}],"line":53},"4":{"loc":{"start":{"line":53,"column":12},"end":{"line":53,"column":54}},"type":"binary-expr","locations":[{"start":{"line":53,"column":12},"end":{"line":53,"column":17}},{"start":{"line":53,"column":21},"end":{"line":53,"column":54}}],"line":53},"5":{"loc":{"start":{"line":58,"column":8},"end":{"line":60,"column":9}},"type":"if","locations":[{"start":{"line":58,"column":8},"end":{"line":60,"column":9}},{"start":{},"end":{}}],"line":58},"6":{"loc":{"start":{"line":72,"column":25},"end":{"line":72,"column":55}},"type":"binary-expr","locations":[{"start":{"line":72,"column":25},"end":{"line":72,"column":50}},{"start":{"line":72,"column":54},"end":{"line":72,"column":55}}],"line":72},"7":{"loc":{"start":{"line":73,"column":25},"end":{"line":73,"column":56}},"type":"binary-expr","locations":[{"start":{"line":73,"column":25},"end":{"line":73,"column":50}},{"start":{"line":73,"column":54},"end":{"line":73,"column":56}}],"line":73},"8":{"loc":{"start":{"line":87,"column":8},"end":{"line":89,"column":9}},"type":"if","locations":[{"start":{"line":87,"column":8},"end":{"line":89,"column":9}},{"start":{},"end":{}}],"line":87},"9":{"loc":{"start":{"line":87,"column":12},"end":{"line":87,"column":91}},"type":"binary-expr","locations":[{"start":{"line":87,"column":12},"end":{"line":87,"column":20}},{"start":{"line":87,"column":24},"end":{"line":87,"column":34}},{"start":{"line":87,"column":38},"end":{"line":87,"column":49}},{"start":{"line":87,"column":53},"end":{"line":87,"column":70}},{"start":{"line":87,"column":74},"end":{"line":87,"column":91}}],"line":87},"10":{"loc":{"start":{"line":92,"column":8},"end":{"line":94,"column":9}},"type":"if","locations":[{"start":{"line":92,"column":8},"end":{"line":94,"column":9}},{"start":{},"end":{}}],"line":92},"11":{"loc":{"start":{"line":97,"column":8},"end":{"line":99,"column":9}},"type":"if","locations":[{"start":{"line":97,"column":8},"end":{"line":99,"column":9}},{"start":{},"end":{}}],"line":97},"12":{"loc":{"start":{"line":104,"column":8},"end":{"line":106,"column":9}},"type":"if","locations":[{"start":{"line":104,"column":8},"end":{"line":106,"column":9}},{"start":{},"end":{}}],"line":104},"13":{"loc":{"start":{"line":108,"column":28},"end":{"line":108,"column":58}},"type":"binary-expr","locations":[{"start":{"line":108,"column":28},"end":{"line":108,"column":53}},{"start":{"line":108,"column":57},"end":{"line":108,"column":58}}],"line":108},"14":{"loc":{"start":{"line":109,"column":28},"end":{"line":109,"column":59}},"type":"binary-expr","locations":[{"start":{"line":109,"column":28},"end":{"line":109,"column":53}},{"start":{"line":109,"column":57},"end":{"line":109,"column":59}}],"line":109},"15":{"loc":{"start":{"line":115,"column":8},"end":{"line":117,"column":9}},"type":"if","locations":[{"start":{"line":115,"column":8},"end":{"line":117,"column":9}},{"start":{},"end":{}}],"line":115},"16":{"loc":{"start":{"line":115,"column":12},"end":{"line":115,"column":63}},"type":"binary-expr","locations":[{"start":{"line":115,"column":12},"end":{"line":115,"column":35}},{"start":{"line":115,"column":39},"end":{"line":115,"column":63}}],"line":115},"17":{"loc":{"start":{"line":121,"column":8},"end":{"line":139,"column":9}},"type":"if","locations":[{"start":{"line":121,"column":8},"end":{"line":139,"column":9}},{"start":{"line":125,"column":15},"end":{"line":139,"column":9}}],"line":121},"18":{"loc":{"start":{"line":122,"column":12},"end":{"line":124,"column":13}},"type":"if","locations":[{"start":{"line":122,"column":12},"end":{"line":124,"column":13}},{"start":{},"end":{}}],"line":122},"19":{"loc":{"start":{"line":122,"column":16},"end":{"line":122,"column":42}},"type":"binary-expr","locations":[{"start":{"line":122,"column":16},"end":{"line":122,"column":27}},{"start":{"line":122,"column":31},"end":{"line":122,"column":42}}],"line":122},"20":{"loc":{"start":{"line":126,"column":12},"end":{"line":128,"column":13}},"type":"if","locations":[{"start":{"line":126,"column":12},"end":{"line":128,"column":13}},{"start":{},"end":{}}],"line":126},"21":{"loc":{"start":{"line":132,"column":12},"end":{"line":138,"column":13}},"type":"if","locations":[{"start":{"line":132,"column":12},"end":{"line":138,"column":13}},{"start":{"line":135,"column":19},"end":{"line":138,"column":13}}],"line":132},"22":{"loc":{"start":{"line":134,"column":71},"end":{"line":134,"column":97}},"type":"binary-expr","locations":[{"start":{"line":134,"column":71},"end":{"line":134,"column":89}},{"start":{"line":134,"column":93},"end":{"line":134,"column":97}}],"line":134},"23":{"loc":{"start":{"line":137,"column":98},"end":{"line":137,"column":124}},"type":"binary-expr","locations":[{"start":{"line":137,"column":98},"end":{"line":137,"column":116}},{"start":{"line":137,"column":120},"end":{"line":137,"column":124}}],"line":137},"24":{"loc":{"start":{"line":148,"column":8},"end":{"line":150,"column":9}},"type":"if","locations":[{"start":{"line":148,"column":8},"end":{"line":150,"column":9}},{"start":{},"end":{}}],"line":148},"25":{"loc":{"start":{"line":158,"column":19},"end":{"line":158,"column":77}},"type":"binary-expr","locations":[{"start":{"line":158,"column":19},"end":{"line":158,"column":46}},{"start":{"line":158,"column":50},"end":{"line":158,"column":77}}],"line":158},"26":{"loc":{"start":{"line":161,"column":8},"end":{"line":163,"column":9}},"type":"if","locations":[{"start":{"line":161,"column":8},"end":{"line":163,"column":9}},{"start":{},"end":{}}],"line":161},"27":{"loc":{"start":{"line":171,"column":21},"end":{"line":171,"column":44}},"type":"binary-expr","locations":[{"start":{"line":171,"column":21},"end":{"line":171,"column":36}},{"start":{"line":171,"column":40},"end":{"line":171,"column":44}}],"line":171},"28":{"loc":{"start":{"line":173,"column":23},"end":{"line":173,"column":57}},"type":"cond-expr","locations":[{"start":{"line":173,"column":34},"end":{"line":173,"column":50}},{"start":{"line":173,"column":53},"end":{"line":173,"column":57}}],"line":173},"29":{"loc":{"start":{"line":174,"column":24},"end":{"line":174,"column":70}},"type":"cond-expr","locations":[{"start":{"line":174,"column":36},"end":{"line":174,"column":62}},{"start":{"line":174,"column":66},"end":{"line":174,"column":70}}],"line":174},"30":{"loc":{"start":{"line":174,"column":36},"end":{"line":174,"column":62}},"type":"binary-expr","locations":[{"start":{"line":174,"column":36},"end":{"line":174,"column":54}},{"start":{"line":174,"column":58},"end":{"line":174,"column":62}}],"line":174},"31":{"loc":{"start":{"line":175,"column":24},"end":{"line":175,"column":70}},"type":"cond-expr","locations":[{"start":{"line":175,"column":36},"end":{"line":175,"column":62}},{"start":{"line":175,"column":66},"end":{"line":175,"column":70}}],"line":175},"32":{"loc":{"start":{"line":175,"column":36},"end":{"line":175,"column":62}},"type":"binary-expr","locations":[{"start":{"line":175,"column":36},"end":{"line":175,"column":54}},{"start":{"line":175,"column":58},"end":{"line":175,"column":62}}],"line":175},"33":{"loc":{"start":{"line":192,"column":8},"end":{"line":194,"column":9}},"type":"if","locations":[{"start":{"line":192,"column":8},"end":{"line":194,"column":9}},{"start":{},"end":{}}],"line":192},"34":{"loc":{"start":{"line":197,"column":8},"end":{"line":199,"column":9}},"type":"if","locations":[{"start":{"line":197,"column":8},"end":{"line":199,"column":9}},{"start":{},"end":{}}],"line":197},"35":{"loc":{"start":{"line":202,"column":8},"end":{"line":204,"column":9}},"type":"if","locations":[{"start":{"line":202,"column":8},"end":{"line":204,"column":9}},{"start":{},"end":{}}],"line":202},"36":{"loc":{"start":{"line":202,"column":12},"end":{"line":202,"column":53}},"type":"binary-expr","locations":[{"start":{"line":202,"column":12},"end":{"line":202,"column":18}},{"start":{"line":202,"column":22},"end":{"line":202,"column":53}}],"line":202},"37":{"loc":{"start":{"line":206,"column":8},"end":{"line":208,"column":9}},"type":"if","locations":[{"start":{"line":206,"column":8},"end":{"line":208,"column":9}},{"start":{},"end":{}}],"line":206},"38":{"loc":{"start":{"line":206,"column":12},"end":{"line":206,"column":44}},"type":"binary-expr","locations":[{"start":{"line":206,"column":12},"end":{"line":206,"column":19}},{"start":{"line":206,"column":23},"end":{"line":206,"column":44}}],"line":206},"39":{"loc":{"start":{"line":210,"column":8},"end":{"line":212,"column":9}},"type":"if","locations":[{"start":{"line":210,"column":8},"end":{"line":212,"column":9}},{"start":{},"end":{}}],"line":210},"40":{"loc":{"start":{"line":213,"column":8},"end":{"line":215,"column":9}},"type":"if","locations":[{"start":{"line":213,"column":8},"end":{"line":215,"column":9}},{"start":{},"end":{}}],"line":213},"41":{"loc":{"start":{"line":214,"column":58},"end":{"line":214,"column":81}},"type":"binary-expr","locations":[{"start":{"line":214,"column":58},"end":{"line":214,"column":73}},{"start":{"line":214,"column":77},"end":{"line":214,"column":81}}],"line":214},"42":{"loc":{"start":{"line":230,"column":8},"end":{"line":232,"column":9}},"type":"if","locations":[{"start":{"line":230,"column":8},"end":{"line":232,"column":9}},{"start":{},"end":{}}],"line":230},"43":{"loc":{"start":{"line":235,"column":8},"end":{"line":237,"column":9}},"type":"if","locations":[{"start":{"line":235,"column":8},"end":{"line":237,"column":9}},{"start":{},"end":{}}],"line":235},"44":{"loc":{"start":{"line":241,"column":8},"end":{"line":243,"column":9}},"type":"if","locations":[{"start":{"line":241,"column":8},"end":{"line":243,"column":9}},{"start":{},"end":{}}],"line":241},"45":{"loc":{"start":{"line":245,"column":8},"end":{"line":247,"column":9}},"type":"if","locations":[{"start":{"line":245,"column":8},"end":{"line":247,"column":9}},{"start":{},"end":{}}],"line":245}},"s":{"0":0,"1":0,"2":0,"3":0,"4":0,"5":0,"6":0,"7":0,"8":0,"9":0,"10":0,"11":0,"12":0,"13":0,"14":0,"15":0,"16":0,"17":0,"18":0,"19":0,"20":0,"21":0,"22":0,"23":0,"24":0,"25":0,"26":0,"27":0,"28":0,"29":0,"30":0,"31":0,"32":0,"33":0,"34":0,"35":0,"36":0,"37":0,"38":0,"39":0,"40":0,"41":0,"42":0,"43":0,"44":0,"45":0,"46":0,"47":0,"48":0,"49":0,"50":0,"51":0,"52":0,"53":0,"54":0,"55":0,"56":0,"57":0,"58":0,"59":0,"60":0,"61":0,"62":0,"63":0,"64":0,"65":0,"66":0,"67":0,"68":0,"69":0,"70":0,"71":0,"72":0,"73":0,"74":0,"75":0,"76":0,"77":0,"78":0,"79":0,"80":0,"81":0,"82":0,"83":0,"84":0,"85":0,"86":0,"87":0,"88":0,"89":0,"90":0,"91":0,"92":0,"93":0,"94":0,"95":0,"96":0,"97":0,"98":0,"99":0,"100":0,"101":0,"102":0,"103":0,"104":0,"105":0,"106":0,"107":0,"108":0,"109":0,"110":0,"111":0,"112":0,"113":0,"114":0,"115":0,"116":0,"117":0,"118":0,"119":0,"120":0,"121":0,"122":0,"123":0,"124":0,"125":0,"126":0,"127":0,"128":0},"f":{"0":0,"1":0,"2":0,"3":0,"4":0,"5":0},"b":{"0":[0,0],"1":[0,0],"2":[0,0],"3":[0,0],"4":[0,0],"5":[0,0],"6":[0,0],"7":[0,0],"8":[0,0],"9":[0,0,0,0,0],"10":[0,0],"11":[0,0],"12":[0,0],"13":[0,0],"14":[0,0],"15":[0,0],"16":[0,0],"17":[0,0],"18":[0,0],"19":[0,0],"20":[0,0],"21":[0,0],"22":[0,0],"23":[0,0],"24":[0,0],"25":[0,0],"26":[0,0],"27":[0,0],"28":[0,0],"29":[0,0],"30":[0,0],"31":[0,0],"32":[0,0],"33":[0,0],"34":[0,0],"35":[0,0],"36":[0,0],"37":[0,0],"38":[0,0],"39":[0,0],"40":[0,0],"41":[0,0],"42":[0,0],"43":[0,0],"44":[0,0],"45":[0,0]}}
,"/Users/tokaji-nagybence/Documents/GitHub/Bookly/bookly_project/backend/api/timeBlocksApi.js": {"path":"/Users/tokaji-nagybence/Documents/GitHub/Bookly/bookly_project/backend/api/timeBlocksApi.js","statementMap":{"0":{"start":{"line":1,"column":16},"end":{"line":1,"column":34}},"1":{"start":{"line":2,"column":15},"end":{"line":2,"column":31}},"2":{"start":{"line":11,"column":4},"end":{"line":11,"column":41}},"3":{"start":{"line":12,"column":38},"end":{"line":12,"column":77}},"4":{"start":{"line":13,"column":23},"end":{"line":13,"column":58}},"5":{"start":{"line":14,"column":24},"end":{"line":14,"column":59}},"6":{"start":{"line":15,"column":27},"end":{"line":15,"column":73}},"7":{"start":{"line":18,"column":0},"end":{"line":18,"column":70}},"8":{"start":{"line":21,"column":0},"end":{"line":46,"column":3}},"9":{"start":{"line":22,"column":4},"end":{"line":45,"column":5}},"10":{"start":{"line":23,"column":27},"end":{"line":23,"column":45}},"11":{"start":{"line":24,"column":39},"end":{"line":24,"column":52}},"12":{"start":{"line":26,"column":8},"end":{"line":31,"column":9}},"13":{"start":{"line":27,"column":12},"end":{"line":30,"column":15}},"14":{"start":{"line":33,"column":25},"end":{"line":33,"column":92}},"15":{"start":{"line":35,"column":8},"end":{"line":38,"column":11}},"16":{"start":{"line":40,"column":8},"end":{"line":40,"column":55}},"17":{"start":{"line":41,"column":8},"end":{"line":44,"column":11}},"18":{"start":{"line":49,"column":0},"end":{"line":66,"column":3}},"19":{"start":{"line":50,"column":4},"end":{"line":65,"column":5}},"20":{"start":{"line":51,"column":27},"end":{"line":51,"column":45}},"21":{"start":{"line":53,"column":21},"end":{"line":53,"column":55}},"22":{"start":{"line":55,"column":8},"end":{"line":58,"column":11}},"23":{"start":{"line":60,"column":8},"end":{"line":60,"column":59}},"24":{"start":{"line":61,"column":8},"end":{"line":64,"column":11}},"25":{"start":{"line":69,"column":0},"end":{"line":170,"column":3}},"26":{"start":{"line":70,"column":4},"end":{"line":169,"column":5}},"27":{"start":{"line":71,"column":27},"end":{"line":71,"column":45}},"28":{"start":{"line":72,"column":128},"end":{"line":72,"column":140}},"29":{"start":{"line":75,"column":8},"end":{"line":80,"column":9}},"30":{"start":{"line":76,"column":12},"end":{"line":79,"column":15}},"31":{"start":{"line":82,"column":24},"end":{"line":82,"column":48}},"32":{"start":{"line":83,"column":22},"end":{"line":83,"column":44}},"33":{"start":{"line":86,"column":8},"end":{"line":91,"column":9}},"34":{"start":{"line":87,"column":12},"end":{"line":90,"column":15}},"35":{"start":{"line":94,"column":20},"end":{"line":94,"column":30}},"36":{"start":{"line":95,"column":8},"end":{"line":100,"column":9}},"37":{"start":{"line":96,"column":12},"end":{"line":99,"column":15}},"38":{"start":{"line":103,"column":8},"end":{"line":111,"column":9}},"39":{"start":{"line":104,"column":29},"end":{"line":104,"column":70}},"40":{"start":{"line":105,"column":12},"end":{"line":110,"column":13}},"41":{"start":{"line":106,"column":16},"end":{"line":109,"column":19}},"42":{"start":{"line":114,"column":8},"end":{"line":127,"column":9}},"43":{"start":{"line":115,"column":12},"end":{"line":120,"column":13}},"44":{"start":{"line":116,"column":16},"end":{"line":119,"column":19}},"45":{"start":{"line":121,"column":12},"end":{"line":126,"column":13}},"46":{"start":{"line":122,"column":16},"end":{"line":125,"column":19}},"47":{"start":{"line":130,"column":26},"end":{"line":130,"column":99}},"48":{"start":{"line":131,"column":8},"end":{"line":143,"column":9}},"49":{"start":{"line":132,"column":12},"end":{"line":142,"column":15}},"50":{"start":{"line":135,"column":47},"end":{"line":141,"column":17}},"51":{"start":{"line":145,"column":23},"end":{"line":153,"column":10}},"52":{"start":{"line":155,"column":8},"end":{"line":162,"column":11}},"53":{"start":{"line":164,"column":8},"end":{"line":164,"column":57}},"54":{"start":{"line":165,"column":8},"end":{"line":168,"column":11}},"55":{"start":{"line":173,"column":0},"end":{"line":291,"column":3}},"56":{"start":{"line":174,"column":4},"end":{"line":290,"column":5}},"57":{"start":{"line":175,"column":27},"end":{"line":175,"column":45}},"58":{"start":{"line":176,"column":24},"end":{"line":176,"column":51}},"59":{"start":{"line":177,"column":144},"end":{"line":177,"column":156}},"60":{"start":{"line":179,"column":8},"end":{"line":184,"column":9}},"61":{"start":{"line":180,"column":12},"end":{"line":183,"column":15}},"62":{"start":{"line":187,"column":22},"end":{"line":187,"column":53}},"63":{"start":{"line":188,"column":8},"end":{"line":193,"column":9}},"64":{"start":{"line":189,"column":12},"end":{"line":192,"column":15}},"65":{"start":{"line":196,"column":8},"end":{"line":205,"column":9}},"66":{"start":{"line":197,"column":28},"end":{"line":197,"column":52}},"67":{"start":{"line":198,"column":26},"end":{"line":198,"column":48}},"68":{"start":{"line":199,"column":12},"end":{"line":204,"column":13}},"69":{"start":{"line":200,"column":16},"end":{"line":203,"column":19}},"70":{"start":{"line":208,"column":8},"end":{"line":249,"column":9}},"71":{"start":{"line":210,"column":33},"end":{"line":210,"column":57}},"72":{"start":{"line":211,"column":30},"end":{"line":211,"column":52}},"73":{"start":{"line":212,"column":12},"end":{"line":212,"column":55}},"74":{"start":{"line":213,"column":33},"end":{"line":213,"column":158}},"75":{"start":{"line":214,"column":12},"end":{"line":214,"column":73}},"76":{"start":{"line":217,"column":29},"end":{"line":222,"column":14}},"77":{"start":{"line":225,"column":29},"end":{"line":225,"column":51}},"78":{"start":{"line":226,"column":12},"end":{"line":226,"column":53}},"79":{"start":{"line":228,"column":30},"end":{"line":228,"column":60}},"80":{"start":{"line":229,"column":28},"end":{"line":229,"column":56}},"81":{"start":{"line":230,"column":34},"end":{"line":230,"column":52}},"82":{"start":{"line":231,"column":12},"end":{"line":231,"column":87}},"83":{"start":{"line":232,"column":32},"end":{"line":232,"column":50}},"84":{"start":{"line":233,"column":12},"end":{"line":233,"column":81}},"85":{"start":{"line":235,"column":12},"end":{"line":243,"column":15}},"86":{"start":{"line":245,"column":12},"end":{"line":248,"column":15}},"87":{"start":{"line":253,"column":8},"end":{"line":268,"column":9}},"88":{"start":{"line":254,"column":30},"end":{"line":254,"column":103}},"89":{"start":{"line":255,"column":12},"end":{"line":267,"column":13}},"90":{"start":{"line":256,"column":16},"end":{"line":266,"column":19}},"91":{"start":{"line":259,"column":51},"end":{"line":265,"column":21}},"92":{"start":{"line":270,"column":8},"end":{"line":278,"column":11}},"93":{"start":{"line":280,"column":8},"end":{"line":283,"column":11}},"94":{"start":{"line":285,"column":8},"end":{"line":285,"column":57}},"95":{"start":{"line":286,"column":8},"end":{"line":289,"column":11}},"96":{"start":{"line":294,"column":0},"end":{"line":367,"column":3}},"97":{"start":{"line":295,"column":4},"end":{"line":366,"column":5}},"98":{"start":{"line":296,"column":27},"end":{"line":296,"column":45}},"99":{"start":{"line":297,"column":24},"end":{"line":297,"column":51}},"100":{"start":{"line":298,"column":49},"end":{"line":298,"column":62}},"101":{"start":{"line":300,"column":8},"end":{"line":305,"column":9}},"102":{"start":{"line":301,"column":12},"end":{"line":304,"column":15}},"103":{"start":{"line":308,"column":22},"end":{"line":308,"column":53}},"104":{"start":{"line":309,"column":8},"end":{"line":314,"column":9}},"105":{"start":{"line":310,"column":12},"end":{"line":313,"column":15}},"106":{"start":{"line":317,"column":8},"end":{"line":351,"column":9}},"107":{"start":{"line":318,"column":31},"end":{"line":318,"column":53}},"108":{"start":{"line":319,"column":30},"end":{"line":319,"column":50}},"109":{"start":{"line":320,"column":12},"end":{"line":320,"column":55}},"110":{"start":{"line":321,"column":33},"end":{"line":321,"column":158}},"111":{"start":{"line":324,"column":12},"end":{"line":324,"column":73}},"112":{"start":{"line":327,"column":29},"end":{"line":327,"column":49}},"113":{"start":{"line":328,"column":12},"end":{"line":328,"column":53}},"114":{"start":{"line":330,"column":30},"end":{"line":330,"column":60}},"115":{"start":{"line":331,"column":28},"end":{"line":331,"column":56}},"116":{"start":{"line":332,"column":29},"end":{"line":332,"column":47}},"117":{"start":{"line":333,"column":12},"end":{"line":333,"column":82}},"118":{"start":{"line":334,"column":27},"end":{"line":334,"column":45}},"119":{"start":{"line":335,"column":12},"end":{"line":335,"column":76}},"120":{"start":{"line":337,"column":12},"end":{"line":345,"column":15}},"121":{"start":{"line":347,"column":12},"end":{"line":350,"column":15}},"122":{"start":{"line":354,"column":8},"end":{"line":354,"column":51}},"123":{"start":{"line":356,"column":8},"end":{"line":359,"column":11}},"124":{"start":{"line":361,"column":8},"end":{"line":361,"column":57}},"125":{"start":{"line":362,"column":8},"end":{"line":365,"column":11}},"126":{"start":{"line":369,"column":0},"end":{"line":369,"column":24}}},"fnMap":{"0":{"name":"(anonymous_0)","decl":{"start":{"line":21,"column":16},"end":{"line":21,"column":17}},"loc":{"start":{"line":21,"column":45},"end":{"line":46,"column":1}},"line":21},"1":{"name":"(anonymous_1)","decl":{"start":{"line":49,"column":19},"end":{"line":49,"column":20}},"loc":{"start":{"line":49,"column":48},"end":{"line":66,"column":1}},"line":49},"2":{"name":"(anonymous_2)","decl":{"start":{"line":69,"column":17},"end":{"line":69,"column":18}},"loc":{"start":{"line":69,"column":46},"end":{"line":170,"column":1}},"line":69},"3":{"name":"(anonymous_3)","decl":{"start":{"line":135,"column":41},"end":{"line":135,"column":42}},"loc":{"start":{"line":135,"column":47},"end":{"line":141,"column":17}},"line":135},"4":{"name":"(anonymous_4)","decl":{"start":{"line":173,"column":19},"end":{"line":173,"column":20}},"loc":{"start":{"line":173,"column":48},"end":{"line":291,"column":1}},"line":173},"5":{"name":"(anonymous_5)","decl":{"start":{"line":259,"column":45},"end":{"line":259,"column":46}},"loc":{"start":{"line":259,"column":51},"end":{"line":265,"column":21}},"line":259},"6":{"name":"(anonymous_6)","decl":{"start":{"line":294,"column":22},"end":{"line":294,"column":23}},"loc":{"start":{"line":294,"column":51},"end":{"line":367,"column":1}},"line":294}},"branchMap":{"0":{"loc":{"start":{"line":26,"column":8},"end":{"line":31,"column":9}},"type":"if","locations":[{"start":{"line":26,"column":8},"end":{"line":31,"column":9}},{"start":{},"end":{}}],"line":26},"1":{"loc":{"start":{"line":26,"column":12},"end":{"line":26,"column":34}},"type":"binary-expr","locations":[{"start":{"line":26,"column":12},"end":{"line":26,"column":22}},{"start":{"line":26,"column":26},"end":{"line":26,"column":34}}],"line":26},"2":{"loc":{"start":{"line":75,"column":8},"end":{"line":80,"column":9}},"type":"if","locations":[{"start":{"line":75,"column":8},"end":{"line":80,"column":9}},{"start":{},"end":{}}],"line":75},"3":{"loc":{"start":{"line":75,"column":12},"end":{"line":75,"column":44}},"type":"binary-expr","locations":[{"start":{"line":75,"column":12},"end":{"line":75,"column":27}},{"start":{"line":75,"column":31},"end":{"line":75,"column":44}}],"line":75},"4":{"loc":{"start":{"line":86,"column":8},"end":{"line":91,"column":9}},"type":"if","locations":[{"start":{"line":86,"column":8},"end":{"line":91,"column":9}},{"start":{},"end":{}}],"line":86},"5":{"loc":{"start":{"line":95,"column":8},"end":{"line":100,"column":9}},"type":"if","locations":[{"start":{"line":95,"column":8},"end":{"line":100,"column":9}},{"start":{},"end":{}}],"line":95},"6":{"loc":{"start":{"line":95,"column":12},"end":{"line":95,"column":42}},"type":"binary-expr","locations":[{"start":{"line":95,"column":12},"end":{"line":95,"column":25}},{"start":{"line":95,"column":29},"end":{"line":95,"column":42}}],"line":95},"7":{"loc":{"start":{"line":103,"column":8},"end":{"line":111,"column":9}},"type":"if","locations":[{"start":{"line":103,"column":8},"end":{"line":111,"column":9}},{"start":{},"end":{}}],"line":103},"8":{"loc":{"start":{"line":105,"column":12},"end":{"line":110,"column":13}},"type":"if","locations":[{"start":{"line":105,"column":12},"end":{"line":110,"column":13}},{"start":{},"end":{}}],"line":105},"9":{"loc":{"start":{"line":114,"column":8},"end":{"line":127,"column":9}},"type":"if","locations":[{"start":{"line":114,"column":8},"end":{"line":127,"column":9}},{"start":{},"end":{}}],"line":114},"10":{"loc":{"start":{"line":115,"column":12},"end":{"line":120,"column":13}},"type":"if","locations":[{"start":{"line":115,"column":12},"end":{"line":120,"column":13}},{"start":{},"end":{}}],"line":115},"11":{"loc":{"start":{"line":115,"column":16},"end":{"line":115,"column":88}},"type":"binary-expr","locations":[{"start":{"line":115,"column":16},"end":{"line":115,"column":35}},{"start":{"line":115,"column":39},"end":{"line":115,"column":88}}],"line":115},"12":{"loc":{"start":{"line":121,"column":12},"end":{"line":126,"column":13}},"type":"if","locations":[{"start":{"line":121,"column":12},"end":{"line":126,"column":13}},{"start":{},"end":{}}],"line":121},"13":{"loc":{"start":{"line":121,"column":16},"end":{"line":121,"column":136}},"type":"binary-expr","locations":[{"start":{"line":121,"column":16},"end":{"line":121,"column":47}},{"start":{"line":121,"column":52},"end":{"line":121,"column":68}},{"start":{"line":121,"column":72},"end":{"line":121,"column":103}},{"start":{"line":121,"column":107},"end":{"line":121,"column":135}}],"line":121},"14":{"loc":{"start":{"line":131,"column":8},"end":{"line":143,"column":9}},"type":"if","locations":[{"start":{"line":131,"column":8},"end":{"line":143,"column":9}},{"start":{},"end":{}}],"line":131},"15":{"loc":{"start":{"line":148,"column":26},"end":{"line":148,"column":47}},"type":"binary-expr","locations":[{"start":{"line":148,"column":26},"end":{"line":148,"column":38}},{"start":{"line":148,"column":42},"end":{"line":148,"column":47}}],"line":148},"16":{"loc":{"start":{"line":149,"column":32},"end":{"line":149,"column":72}},"type":"cond-expr","locations":[{"start":{"line":149,"column":47},"end":{"line":149,"column":65}},{"start":{"line":149,"column":68},"end":{"line":149,"column":72}}],"line":149},"17":{"loc":{"start":{"line":150,"column":29},"end":{"line":150,"column":101}},"type":"cond-expr","locations":[{"start":{"line":150,"column":79},"end":{"line":150,"column":94}},{"start":{"line":150,"column":97},"end":{"line":150,"column":101}}],"line":150},"18":{"loc":{"start":{"line":150,"column":29},"end":{"line":150,"column":76}},"type":"binary-expr","locations":[{"start":{"line":150,"column":29},"end":{"line":150,"column":41}},{"start":{"line":150,"column":45},"end":{"line":150,"column":76}}],"line":150},"19":{"loc":{"start":{"line":151,"column":33},"end":{"line":151,"column":74}},"type":"cond-expr","locations":[{"start":{"line":151,"column":48},"end":{"line":151,"column":67}},{"start":{"line":151,"column":70},"end":{"line":151,"column":74}}],"line":151},"20":{"loc":{"start":{"line":157,"column":21},"end":{"line":159,"column":49}},"type":"cond-expr","locations":[{"start":{"line":158,"column":18},"end":{"line":158,"column":97}},{"start":{"line":159,"column":18},"end":{"line":159,"column":49}}],"line":157},"21":{"loc":{"start":{"line":179,"column":8},"end":{"line":184,"column":9}},"type":"if","locations":[{"start":{"line":179,"column":8},"end":{
[...]
,"end":{}}],"line":196},"18":{"loc":{"start":{"line":200,"column":12},"end":{"line":203,"column":13}},"type":"if","locations":[{"start":{"line":200,"column":12},"end":{"line":203,"column":13}},{"start":{},"end":{}}],"line":200},"19":{"loc":{"start":{"line":209,"column":104},"end":{"line":209,"column":117}},"type":"binary-expr","locations":[{"start":{"line":209,"column":104},"end":{"line":209,"column":109}},{"start":{"line":209,"column":113},"end":{"line":209,"column":117}}],"line":209},"20":{"loc":{"start":{"line":222,"column":8},"end":{"line":222,"column":29}},"type":"binary-expr","locations":[{"start":{"line":222,"column":8},"end":{"line":222,"column":20}},{"start":{"line":222,"column":24},"end":{"line":222,"column":29}}],"line":222},"21":{"loc":{"start":{"line":223,"column":8},"end":{"line":223,"column":34}},"type":"binary-expr","locations":[{"start":{"line":223,"column":8},"end":{"line":223,"column":26}},{"start":{"line":223,"column":30},"end":{"line":223,"column":34}}],"line":223},"22":{"loc":{"start":{"line":224,"column":8},"end":{"line":224,"column":64}},"type":"cond-expr","locations":[{"start":{"line":224,"column":26},"end":{"line":224,"column":57}},{"start":{"line":224,"column":60},"end":{"line":224,"column":64}}],"line":224},"23":{"loc":{"start":{"line":225,"column":8},"end":{"line":225,"column":35}},"type":"binary-expr","locations":[{"start":{"line":225,"column":8},"end":{"line":225,"column":27}},{"start":{"line":225,"column":31},"end":{"line":225,"column":35}}],"line":225},"24":{"loc":{"start":{"line":226,"column":8},"end":{"line":226,"column":21}},"type":"binary-expr","locations":[{"start":{"line":226,"column":8},"end":{"line":226,"column":13}},{"start":{"line":226,"column":17},"end":{"line":226,"column":21}}],"line":226},"25":{"loc":{"start":{"line":244,"column":38},"end":{"line":244,"column":59}},"type":"binary-expr","locations":[{"start":{"line":244,"column":38},"end":{"line":244,"column":50}},{"start":{"line":244,"column":54},"end":{"line":244,"column":59}}],"line":244},"26":{"loc":{"start":{"line":245,"column":8},"end":{"line":245,"column":34}},"type":"binary-expr","locations":[{"start":{"line":245,"column":8},"end":{"line":245,"column":26}},{"start":{"line":245,"column":30},"end":{"line":245,"column":34}}],"line":245},"27":{"loc":{"start":{"line":246,"column":8},"end":{"line":246,"column":64}},"type":"cond-expr","locations":[{"start":{"line":246,"column":26},"end":{"line":246,"column":57}},{"start":{"line":246,"column":60},"end":{"line":246,"column":64}}],"line":246},"28":{"loc":{"start":{"line":247,"column":8},"end":{"line":247,"column":35}},"type":"binary-expr","locations":[{"start":{"line":247,"column":8},"end":{"line":247,"column":27}},{"start":{"line":247,"column":31},"end":{"line":247,"column":35}}],"line":247},"29":{"loc":{"start":{"line":248,"column":8},"end":{"line":248,"column":21}},"type":"binary-expr","locations":[{"start":{"line":248,"column":8},"end":{"line":248,"column":13}},{"start":{"line":248,"column":17},"end":{"line":248,"column":21}}],"line":248}},"s":{"0":2,"1":0,"2":0,"3":0,"4":0,"5":0,"6":0,"7":0,"8":0,"9":0,"10":0,"11":0,"12":0,"13":0,"14":0,"15":0,"16":0,"17":6,"18":6,"19":6,"20":6,"21":6,"22":6,"23":5,"24":2,"25":2,"26":2,"27":1,"28":3,"29":3,"30":3,"31":3,"32":3,"33":3,"34":3,"35":3,"36":3,"37":3,"38":3,"39":3,"40":3,"41":2,"42":2,"43":7,"44":1,"45":1,"46":1,"47":1,"48":5,"49":1,"50":3,"51":8,"52":8,"53":8,"54":8,"55":8,"56":6,"57":0,"58":0,"59":0,"60":0,"61":0,"62":0,"63":0,"64":0,"65":0,"66":0,"67":0,"68":0,"69":0,"70":0,"71":0,"72":0,"73":0,"74":0,"75":0,"76":0,"77":0,"78":0,"79":0,"80":0,"81":0,"82":0,"83":0,"84":0,"85":0,"86":0,"87":0,"88":0,"89":0,"90":0,"91":0,"92":0,"93":0,"94":0,"95":0,"96":2},"f":{"0":0,"1":0,"2":0,"3":0,"4":6,"5":0,"6":0,"7":0,"8":0,"9":0,"10":0,"11":0},"b":{"0":[0,0],"1":[0],"2":[0,0],"3":[2,3],"4":[1,1],"5":[2,1],"6":[1,2],"7":[1,2],"8":[0,3],"9":[2,1],"10":[1,0],"11":[1,0],"12":[0,0],"13":[1,4],"14":[0,0],"15":[0,0],"16":[0,0],"17":[0,0],"18":[0,0],"19":[0,0],"20":[0,0],"21":[0,0],"22":[0,0],"23":[0,0],"24":[0,0],"25":[0,0],"26":[0,0],"27":[0,0],"28":[0,0],"29":[0,0]},"_coverageSchema":"1a1c01bbd47fc00a2c39e90264f33305004495a9","hash":"3e6020a01f95558831ec423547533f71b4d669ee"}
,"/Users/tokaji-nagybence/Documents/GitHub/Bookly/bookly_project/backend/sql/userQueries.js": {"path":"/Users/tokaji-nagybence/Documents/GitHub/Bookly/bookly_project/backend/sql/userQueries.js","statementMap":{"0":{"start":{"line":6,"column":13},"end":{"line":6,"column":30}},"1":{"start":{"line":12,"column":18},"end":{"line":12,"column":141}},"2":{"start":{"line":13,"column":19},"end":{"line":13,"column":54}},"3":{"start":{"line":14,"column":4},"end":{"line":14,"column":27}},"4":{"start":{"line":19,"column":18},"end":{"line":19,"column":55}},"5":{"start":{"line":20,"column":19},"end":{"line":20,"column":53}},"6":{"start":{"line":21,"column":4},"end":{"line":21,"column":27}},"7":{"start":{"line":26,"column":18},"end":{"line":26,"column":64}},"8":{"start":{"line":27,"column":19},"end":{"line":27,"column":54}},"9":{"start":{"line":28,"column":4},"end":{"line":28,"column":42}},"10":{"start":{"line":33,"column":18},"end":{"line":33,"column":68}},"11":{"start":{"line":34,"column":19},"end":{"line":34,"column":68}},"12":{"start":{"line":35,"column":4},"end":{"line":35,"column":27}},"13":{"start":{"line":40,"column":18},"end":{"line":40,"column":70}},"14":{"start":{"line":41,"column":19},"end":{"line":41,"column":54}},"15":{"start":{"line":42,"column":4},"end":{"line":42,"column":64}},"16":{"start":{"line":47,"column":18},"end":{"line":47,"column":56}},"17":{"start":{"line":48,"column":19},"end":{"line":48,"column":53}},"18":{"start":{"line":49,"column":4},"end":{"line":49,"column":44}},"19":{"start":{"line":56,"column":18},"end":{"line":56,"column":92}},"20":{"start":{"line":57,"column":21},"end":{"line":57,"column":83}},"21":{"start":{"line":58,"column":4},"end":{"line":58,"column":27}},"22":{"start":{"line":63,"column":18},"end":{"line":66,"column":5}},"23":{"start":{"line":67,"column":21},"end":{"line":67,"column":84}},"24":{"start":{"line":68,"column":4},"end":{"line":68,"column":27}},"25":{"start":{"line":75,"column":18},"end":{"line":75,"column":105}},"26":{"start":{"line":76,"column":21},"end":{"line":76,"column":93}},"27":{"start":{"line":77,"column":4},"end":{"line":77,"column":35}},"28":{"start":{"line":82,"column":18},"end":{"line":82,"column":67}},"29":{"start":{"line":83,"column":21},"end":{"line":83,"column":72}},"30":{"start":{"line":84,"column":4},"end":{"line":84,"column":35}},"31":{"start":{"line":89,"column":18},"end":{"line":89,"column":73}},"32":{"start":{"line":90,"column":21},"end":{"line":90,"column":66}},"33":{"start":{"line":91,"column":4},"end":{"line":91,"column":18}},"34":{"start":{"line":96,"column":18},"end":{"line":96,"column":68}},"35":{"start":{"line":97,"column":21},"end":{"line":97,"column":56}},"36":{"start":{"line":98,"column":4},"end":{"line":98,"column":18}},"37":{"start":{"line":103,"column":18},"end":{"line":103,"column":69}},"38":{"start":{"line":104,"column":21},"end":{"line":104,"column":69}},"39":{"start":{"line":105,"column":4},"end":{"line":105,"column":18}},"40":{"start":{"line":112,"column":18},"end":{"line":120,"column":5}},"41":{"start":{"line":121,"column":21},"end":{"line":121,"column":56}},"42":{"start":{"line":122,"column":4},"end":{"line":122,"column":35}},"43":{"start":{"line":127,"column":18},"end":{"line":134,"column":5}},"44":{"start":{"line":135,"column":21},"end":{"line":135,"column":56}},"45":{"start":{"line":136,"column":4},"end":{"line":136,"column":35}},"46":{"start":{"line":141,"column":18},"end":{"line":149,"column":5}},"47":{"start":{"line":150,"column":21},"end":{"line":150,"column":78}},"48":{"start":{"line":151,"column":4},"end":{"line":151,"column":18}},"49":{"start":{"line":158,"column":18},"end":{"line":158,"column":62}},"50":{"start":{"line":159,"column":21},"end":{"line":159,"column":56}},"51":{"start":{"line":160,"column":4},"end":{"line":160,"column":18}},"52":{"start":{"line":165,"column":18},"end":{"line":165,"column":59}},"53":{"start":{"line":166,"column":21},"end":{"line":166,"column":56}},"54":{"start":{"line":167,"column":4},"end":{"line":167,"column":18}},"55":{"start":{"line":174,"column":18},"end":{"line":177,"column":5}},"56":{"start":{"line":178,"column":19},"end":{"line":178,"column":44}},"57":{"start":{"line":179,"column":4},"end":{"line":179,"column":16}},"58":{"start":{"line":184,"column":28},"end":{"line":184,"column":151}},"59":{"start":{"line":185,"column":20},"end":{"line":185,"column":65}},"60":{"start":{"line":186,"column":4},"end":{"line":186,"column":40}},"61":{"start":{"line":186,"column":28},"end":{"line":186,"column":40}},"62":{"start":{"line":188,"column":36},"end":{"line":196,"column":5}},"63":{"start":{"line":197,"column":27},"end":{"line":197,"column":80}},"64":{"start":{"line":199,"column":31},"end":{"line":206,"column":5}},"65":{"start":{"line":207,"column":22},"end":{"line":207,"column":70}},"66":{"start":{"line":209,"column":4},"end":{"line":209,"column":53}},"67":{"start":{"line":214,"column":18},"end":{"line":214,"column":67}},"68":{"start":{"line":215,"column":21},"end":{"line":215,"column":56}},"69":{"start":{"line":217,"column":4},"end":{"line":217,"column":76}},"70":{"start":{"line":218,"column":4},"end":{"line":218,"column":18}},"71":{"start":{"line":223,"column":18},"end":{"line":223,"column":67}},"72":{"start":{"line":224,"column":21},"end":{"line":224,"column":56}},"73":{"start":{"line":225,"column":4},"end":{"line":225,"column":18}},"74":{"start":{"line":230,"column":18},"end":{"line":236,"column":5}},"75":{"start":{"line":237,"column":21},"end":{"line":237,"column":72}},"76":{"start":{"line":238,"column":4},"end":{"line":238,"column":18}},"77":{"start":{"line":243,"column":18},"end":{"line":243,"column":76}},"78":{"start":{"line":244,"column":21},"end":{"line":244,"column":56}},"79":{"start":{"line":245,"column":4},"end":{"line":245,"column":18}},"80":{"start":{"line":248,"column":0},"end":{"line":272,"column":2}}},"fnMap":{"0":{"name":"getUserById","decl":{"start":{"line":11,"column":15},"end":{"line":11,"column":26}},"loc":{"start":{"line":11,"column":35},"end":{"line":15,"column":1}},"line":11},"1":{"name":"getUserByEmail","decl":{"start":{"line":18,"column":15},"end":{"line":18,"column":29}},"loc":{"start":{"line":18,"column":37},"end":{"line":22,"column":1}},"line":18},"2":{"name":"getUserPasswordHash","decl":{"start":{"line":25,"column":15},"end":{"line":25,"column":34}},"loc":{"start":{"line":25,"column":43},"end":{"line":29,"column":1}},"line":25},"3":{"name":"checkEmailExists","decl":{"start":{"line":32,"column":15},"end":{"line":32,"column":31}},"loc":{"start":{"line":32,"column":54},"end":{"line":36,"column":1}},"line":32},"4":{"name":"getUserPictureUrl","decl":{"start":{"line":39,"column":15},"end":{"line":39,"column":32}},"loc":{"start":{"line":39,"column":41},"end":{"line":43,"column":1}},"line":39},"5":{"name":"findUserByEmail","decl":{"start":{"line":46,"column":15},"end":{"line":46,"column":30}},"loc":{"start":{"line":46,"column":38},"end":{"line":50,"column":1}},"line":46},"6":{"name":"addUser","decl":{"start":{"line":55,"column":15},"end":{"line":55,"column":22}},"loc":{"start":{"line":55,"column":58},"end":{"line":59,"column":1}},"line":55},"7":{"name":"createUserFromProviderBooking","decl":{"start":{"line":62,"column":15},"end":{"line":62,"column":44}},"loc":{"start":{"line":62,"column":81},"end":{"line":69,"column":1}},"line":62},"8":{"name":"updateUserProfile","decl":{"start":{"line":74,"column":15},"end":{"line":74,"column":32}},"loc":{"start":{"line":74,"column":82},"end":{"line":78,"column":1}},"line":74},"9":{"name":"updateUserPassword","decl":{"start":{"line":81,"column":15},"end":{"line":81,"column":33}},"loc":{"start":{"line":81,"column":58},"end":{"line":85,"column":1}},"line":81},"10":{"name":"updateUserPicture","decl":{"start":{"line":88,"column":15},"end":{"line":88,"column":32}},"loc":{"start":{"line":88,"column":51},"end":{"line":92,"column":1}},"line":88},"11":{"name":"updateUserLastLogin","decl":{"start":{"line":95,"column":15},"end":{"line":95,"column":34}},"loc":{"start":{"line":95,"column":43},"end":{"line":99,"column":1}},"line":95},"12":{"name":"updateUserNameAndPhone","decl":{"start":{"line":102,"column":15},"end":{"line":102,"column":37}},"loc":{"start":{"line":102,"column":59},"end":{"line":106,"column":1}},"line":102},"13":{"name":"deleteUser","decl":{"start":{"line":111,"column":15},"end":{"line":111,"column":25}},"loc":{"start":{"line":111,"column":34},"end":{"line":123,"column":1}},"line":111},"14":{"name":"restoreUser","decl":{"start":{"line":126,"column":15},"end":{"line":126,"column":26}},"loc":{"start":{"line":126,"column":35},"end":{"line":137,"column":1}},"line":126},"15":{"name":"reactivateUser","decl":{"start":{"line":140,"column":15},"end":{"line":140,"column":29}},"loc":{"start":{"line":140,"column":60},"end":{"line":152,"column":1}},"line":140},"16":{"name":"deleteSavedSalonsForUser","decl":{"start":{"line":157,"column":15},"end":{"line":157,"column":39}},"loc":{"start":{"line":157,"column":48},"end":{"line":161,"column":1}},"line":157},"17":{"name":"deleteRefTokensForUser","decl":{"start":{"line":164,"column":15},"end":{"line":164,"column":37}},"loc":{"start":{"line":164,"column":46},"end":{"line":168,"column":1}},"line":164},"18":{"name":"getAdminUsers","decl":{"start":{"line":173,"column":15},"end":{"line":173,"column":28}},"loc":{"start":{"line":173,"column":31},"end":{"line":180,"column":1}},"line":173},"19":{"name":"getAdminUserById","decl":{"start":{"line":183,"column":15},"end":{"line":183,"column":31}},"loc":{"start":{"line":183,"column":40},"end":{"line":210,"column":1}},"line":183},"20":{"name":"banUser","decl":{"start":{"line":213,"column":15},"end":{"line":213,"column":22}},"loc":{"start":{"line":213,"column":31},"end":{"line":219,"column":1}},"line":213},"21":{"name":"unbanUser","decl":{"start":{"line":222,"column":15},"end":{"line":222,"column":24}},"loc":{"start":{"line":222,"column":33},"end":{"line":226,"column":1}},"line":222},"22":{"name":"gdprDeleteUser","decl":{"start":{"line":229,"column":15},"end":{"line":229,"column":29}},"loc":{"start":{"line":229,"column":54},"end":{"line":239,"column":1}},"line":229},"23":{"name":"removeUserPicture","decl":{"start":{"line":242,"column":15},"end":{"line":242,"column":32}},"loc":{"start":{"line":242,"column":41},"end":{"line":246,"column":1}},"line":242}},"branchMap":{"0":{"loc":{"start":{"line":14,"column":11},"end":{"line":14,"column":26}},"type":"binary-expr","locations":[{"start":{"line":14,"column":11},"end":{"line":14,"column":18}},{"start":{"line":14,"column":22},"end":{"line":14,"column":26}}],"line":14},"1":{"loc":{"start":{"line":21,"column":11},"end":{"line":21,"column":26}},"type":"binary-expr","locations":[{"start":{"line":21,"column":11},"end":{"line":21,"column":18}},{"start":{"line":21,"column":22},"end":{"line":21,"column":26}}],"line":21},"2":{"loc":{"start":{"line":28,"column":11},"end":{"line":28,"column":41}},"type":"binary-expr","locations":[{"start":{"line":28,"column":11},"end":{"line":28,"column":33}},{"start":{"line":28,"column":37},"end":{"line":28,"column":41}}],"line":28},"3":{"loc":{"start":{"line":42,"column":11},"end":{"line":42,"column":63}},"type":"cond-expr","locations":[{"start":{"line":42,"column":29},"end":{"line":42,"column":56}},{"start":{"line":42,"column":59},"end":{"line":42,"column":63}}],"line":42},"4":{"loc":{"start":{"line":49,"column":11},"end":{"line":49,"column":43}},"type":"cond-expr","locations":[{"start":{"line":49,"column":29},"end":{"line":49,"column":36}},{"start":{"line":49,"column":39},"end":{"line":49,"column":43}}],"line":49},"5":{"loc":{"start":{"line":186,"column":4},"end":{"line":186,"column":40}},"type":"if","locations":[{"start":{"line":186,"column":4},"end":{"line":186,"column":40}},{"start":{},"end":{}}],"line":186}},"s":{"0":2,"1":0,"2":0,"3":0,"4":0,"5":0,"6":0,"7":0,"8":0,"9":0,"10":0,"11":0,"12":0,"13":0,"14":0,"15":0,"16":0,"17":0,"18":0,"19":0,"20":0,"21":0,"22":0,"23":0,"24":0,"25":0,"26":0,"27":0,"28":0,"29":0,"30":0,"31":0,"32":0,"33":0,"34":0,"35":0,"36":0,"37":0,"38":0,"39":0,"40":0,"41":0,"42":0,"43":0,"44":0,"45":0,"46":0,"47":0,"48":0,"49":0,"50":0,"51":0,"52":0,"53":0,"54":0,"55":0,"56":0,"57":0,"58":0,"59":0,"60":0,"61":0,"62":0,"63":0,"64":0,"65":0,"66":0,"67":0,"68":0,"69":0,"70":0,"71":0,"72":0,"73":0,"74":0,"75":0,"76":0,"77":0,"78":0,"79":0,"80":2},"f":{"0":0,"1":0,"2":0,"3":0,"4":0,"5":0,"6":0,"7":0,"8":0,"9":0,"10":0,"11":0,"12":0,"13":0,"14":0,"15":0,"16":0,"17":0,"18":0,"19":0,"20":0,"21":0,"22":0,"23":0},"b":{"0":[0,0],"1":[0,0],"2":[0,0],"3":[0,0],"4":[0,0],"5":[0,0]},"_coverageSchema":"1a1c01bbd47fc00a2c39e90264f33305004495a9","hash":"246b443af664c0da744dfd92bfc3e900c988db01"}
,"/Users/tokaji-nagybence/Documents/GitHub/Bookly/bookly_project/backend/sql/waitlistQueries.js": {"path":"/Users/tokaji-nagybence/Documents/GitHub/Bookly/bookly_project/backend/sql/waitlistQueries.js","statementMap":{"0":{"start":{"line":6,"column":13},"end":{"line":6,"column":30}},"1":{"start":{"line":12,"column":18},"end":{"line":22,"column":5}},"2":{"start":{"line":23,"column":19},"end":{"line":23,"column":99}},"3":{"start":{"line":24,"column":4},"end":{"line":24,"column":16}},"4":{"start":{"line":29,"column":18},"end":{"line":40,"column":5}},"5":{"start":{"line":41,"column":19},"end":{"line":41,"column":54}},"6":{"start":{"line":42,"column":4},"end":{"line":42,"column":16}},"7":{"start":{"line":49,"column":18},"end":{"line":52,"column":5}},"8":{"start":{"line":53,"column":21},"end":{"line":53,"column":131}},"9":{"start":{"line":54,"column":4},"end":{"line":54,"column":18}},"10":{"start":{"line":61,"column":18},"end":{"line":63,"column":5}},"11":{"start":{"line":64,"column":21},"end":{"line":64,"column":68}},"12":{"start":{"line":65,"column":4},"end":{"line":65,"column":18}},"13":{"start":{"line":70,"column":18},"end":{"line":72,"column":5}},"14":{"start":{"line":73,"column":21},"end":{"line":73,"column":60}},"15":{"start":{"line":74,"column":4},"end":{"line":74,"column":18}},"16":{"start":{"line":77,"column":0},"end":{"line":83,"column":2}}},"fnMap":{"0":{"name":"getWaitlistForFreedSlot","decl":{"start":{"line":11,"column":15},"end":{"line":11,"column":38}},"loc":{"start":{"line":11,"column":77},"end":{"line":25,"column":1}},"line":11},"1":{"name":"getUserWaitlistEntries","decl":{"start":{"line":28,"column":15},"end":{"line":28,"column":37}},"loc":{"start":{"line":28,"column":46},"end":{"line":43,"column":1}},"line":28},"2":{"name":"addToWaitlist","decl":{"start":{"line":48,"column":15},"end":{"line":48,"column":28}},"loc":{"start":{"line":48,"column":96},"end":{"line":55,"column":1}},"line":48},"3":{"name":"cancelWaitlistEntry","decl":{"start":{"line":60,"column":15},"end":{"line":60,"column":34}},"loc":{"start":{"line":60,"column":55},"end":{"line":66,"column":1}},"line":60},"4":{"name":"markWaitlistBooked","decl":{"start":{"line":69,"column":15},"end":{"line":69,"column":33}},"loc":{"start":{"line":69,"column":46},"end":{"line":75,"column":1}},"line":69}},"branchMap":{"0":{"loc":{"start":{"line":53,"column":97},"end":{"line":53,"column":113}},"type":"binary-expr","locations":[{"start":{"line":53,"column":97},"end":{"line":53,"column":105}},{"start":{"line":53,"column":109},"end":{"line":53,"column":113}}],"line":53},"1":{"loc":{"start":{"line":53,"column":115},"end":{"line":53,"column":129}},"type":"binary-expr","locations":[{"start":{"line":53,"column":115},"end":{"line":53,"column":121}},{"start":{"line":53,"column":125},"end":{"line":53,"column":129}}],"line":53}},"s":{"0":1,"1":0,"2":0,"3":0,"4":0,"5":0,"6":0,"7":0,"8":0,"9":0,"10":0,"11":0,"12":0,"13":0,"14":0,"15":0,"16":1},"f":{"0":0,"1":0,"2":0,"3":0,"4":0},"b":{"0":[0,0],"1":[0,0]},"_coverageSchema":"1a1c01bbd47fc00a2c39e90264f33305004495a9","hash":"c6c02ee6a771b4f07145b875e3ddc05a7147b015"}
}
