{"/Users/tokaji-nagybence/Documents/GitHub/Bookly/bookly_project/backend/api/adminApi.js": {"path":"/Users/tokaji-nagybence/Documents/GitHub/Bookly/bookly_project/backend/api/adminApi.js","statementMap":{"0":{"start":{"line":1,"column":16},"end":{"line":1,"column":34}},"1":{"start":{"line":2,"column":15},"end":{"line":2,"column":31}},"2":{"start":{"line":3,"column":17},"end":{"line":3,"column":46}},"3":{"start":{"line":4,"column":17},"end":{"line":4,"column":46}},"4":{"start":{"line":5,"column":23},"end":{"line":5,"column":58}},"5":{"start":{"line":6,"column":24},"end":{"line":6,"column":59}},"6":{"start":{"line":7,"column":21},"end":{"line":7,"column":57}},"7":{"start":{"line":8,"column":11},"end":{"line":8,"column":24}},"8":{"start":{"line":9,"column":13},"end":{"line":9,"column":28}},"9":{"start":{"line":12,"column":0},"end":{"line":12,"column":51}},"10":{"start":{"line":17,"column":0},"end":{"line":93,"column":3}},"11":{"start":{"line":18,"column":4},"end":{"line":92,"column":5}},"12":{"start":{"line":30,"column":12},"end":{"line":54,"column":10}},"13":{"start":{"line":56,"column":24},"end":{"line":56,"column":26}},"14":{"start":{"line":57,"column":8},"end":{"line":57,"column":93}},"15":{"start":{"line":57,"column":14},"end":{"line":57,"column":62}},"16":{"start":{"line":59,"column":35},"end":{"line":59,"column":37}},"17":{"start":{"line":60,"column":8},"end":{"line":68,"column":38}},"18":{"start":{"line":61,"column":29},"end":{"line":66,"column":85}},"19":{"start":{"line":67,"column":12},"end":{"line":67,"column":42}},"20":{"start":{"line":70,"column":32},"end":{"line":70,"column":34}},"21":{"start":{"line":71,"column":8},"end":{"line":71,"column":96}},"22":{"start":{"line":71,"column":52},"end":{"line":71,"column":92}},"23":{"start":{"line":73,"column":8},"end":{"line":88,"column":11}},"24":{"start":{"line":90,"column":8},"end":{"line":90,"column":53}},"25":{"start":{"line":91,"column":8},"end":{"line":91,"column":103}},"26":{"start":{"line":98,"column":0},"end":{"line":109,"column":3}},"27":{"start":{"line":99,"column":4},"end":{"line":108,"column":5}},"28":{"start":{"line":100,"column":24},"end":{"line":103,"column":10}},"29":{"start":{"line":104,"column":8},"end":{"line":104,"column":50}},"30":{"start":{"line":106,"column":8},"end":{"line":106,"column":53}},"31":{"start":{"line":107,"column":8},"end":{"line":107,"column":103}},"32":{"start":{"line":111,"column":0},"end":{"line":144,"column":3}},"33":{"start":{"line":112,"column":4},"end":{"line":143,"column":5}},"34":{"start":{"line":113,"column":23},"end":{"line":113,"column":36}},"35":{"start":{"line":114,"column":24},"end":{"line":117,"column":9}},"36":{"start":{"line":118,"column":8},"end":{"line":118,"column":118}},"37":{"start":{"line":118,"column":32},"end":{"line":118,"column":118}},"38":{"start":{"line":120,"column":31},"end":{"line":128,"column":20}},"39":{"start":{"line":130,"column":26},"end":{"line":137,"column":20}},"40":{"start":{"line":139,"column":8},"end":{"line":139,"column":82}},"41":{"start":{"line":141,"column":8},"end":{"line":141,"column":59}},"42":{"start":{"line":142,"column":8},"end":{"line":142,"column":112}},"43":{"start":{"line":146,"column":0},"end":{"line":158,"column":3}},"44":{"start":{"line":147,"column":4},"end":{"line":157,"column":5}},"45":{"start":{"line":148,"column":23},"end":{"line":148,"column":36}},"46":{"start":{"line":149,"column":8},"end":{"line":149,"column":86}},"47":{"start":{"line":151,"column":8},"end":{"line":151,"column":78}},"48":{"start":{"line":152,"column":8},"end":{"line":152,"column":127}},"49":{"start":{"line":153,"column":8},"end":{"line":153,"column":76}},"50":{"start":{"line":155,"column":8},"end":{"line":155,"column":51}},"51":{"start":{"line":156,"column":8},"end":{"line":156,"column":88}},"52":{"start":{"line":160,"column":0},"end":{"line":170,"column":3}},"53":{"start":{"line":161,"column":4},"end":{"line":169,"column":5}},"54":{"start":{"line":162,"column":23},"end":{"line":162,"column":36}},"55":{"start":{"line":163,"column":8},"end":{"line":163,"column":86}},"56":{"start":{"line":164,"column":8},"end":{"line":164,"column":131}},"57":{"start":{"line":165,"column":8},"end":{"line":165,"column":84}},"58":{"start":{"line":167,"column":8},"end":{"line":167,"column":53}},"59":{"start":{"line":168,"column":8},"end":{"line":168,"column":98}},"60":{"start":{"line":173,"column":0},"end":{"line":207,"column":3}},"61":{"start":{"line":174,"column":4},"end":{"line":206,"column":5}},"62":{"start":{"line":175,"column":23},"end":{"line":175,"column":36}},"63":{"start":{"line":176,"column":24},"end":{"line":176,"column":86}},"64":{"start":{"line":177,"column":8},"end":{"line":177,"column":118}},"65":{"start":{"line":177,"column":32},"end":{"line":177,"column":118}},"66":{"start":{"line":180,"column":8},"end":{"line":183,"column":9}},"67":{"start":{"line":181,"column":29},"end":{"line":181,"column":85}},"68":{"start":{"line":182,"column":12},"end":{"line":182,"column":83}},"69":{"start":{"line":182,"column":18},"end":{"line":182,"column":42}},"70":{"start":{"line":186,"column":8},"end":{"line":193,"column":10}},"71":{"start":{"line":196,"column":8},"end":{"line":196,"column":78}},"72":{"start":{"line":200,"column":8},"end":{"line":201,"column":90}},"73":{"start":{"line":202,"column":8},"end":{"line":202,"column":101}},"74":{"start":{"line":204,"column":8},"end":{"line":204,"column":59}},"75":{"start":{"line":205,"column":8},"end":{"line":205,"column":93}},"76":{"start":{"line":209,"column":0},"end":{"line":224,"column":3}},"77":{"start":{"line":210,"column":4},"end":{"line":223,"column":5}},"78":{"start":{"line":211,"column":23},"end":{"line":211,"column":36}},"79":{"start":{"line":212,"column":24},"end":{"line":212,"column":104}},"80":{"start":{"line":213,"column":8},"end":{"line":216,"column":9}},"81":{"start":{"line":214,"column":29},"end":{"line":214,"column":85}},"82":{"start":{"line":215,"column":12},"end":{"line":215,"column":83}},"83":{"start":{"line":215,"column":18},"end":{"line":215,"column":42}},"84":{"start":{"line":217,"column":8},"end":{"line":217,"column":95}},"85":{"start":{"line":218,"column":8},"end":{"line":218,"column":156}},"86":{"start":{"line":219,"column":8},"end":{"line":219,"column":77}},"87":{"start":{"line":221,"column":8},"end":{"line":221,"column":63}},"88":{"start":{"line":222,"column":8},"end":{"line":222,"column":104}},"89":{"start":{"line":229,"column":0},"end":{"line":244,"column":3}},"90":{"start":{"line":230,"column":4},"end":{"line":243,"column":5}},"91":{"start":{"line":231,"column":28},"end":{"line":238,"column":10}},"92":{"start":{"line":239,"column":8},"end":{"line":239,"column":54}},"93":{"start":{"line":241,"column":8},"end":{"line":241,"column":57}},"94":{"start":{"line":242,"column":8},"end":{"line":242,"column":103}},"95":{"start":{"line":246,"column":0},"end":{"line":282,"column":3}},"96":{"start":{"line":247,"column":4},"end":{"line":281,"column":5}},"97":{"start":{"line":248,"column":27},"end":{"line":248,"column":40}},"98":{"start":{"line":249,"column":28},"end":{"line":252,"column":24}},"99":{"start":{"line":253,"column":8},"end":{"line":253,"column":122}},"100":{"start":{"line":253,"column":36},"end":{"line":253,"column":122}},"101":{"start":{"line":255,"column":31},"end":{"line":262,"column":24}},"102":{"start":{"line":264,"column":26},"end":{"line":270,"column":24}},"103":{"start":{"line":272,"column":27},"end":{"line":275,"column":24}},"104":{"start":{"line":277,"column":8},"end":{"line":277,"column":100}},"105":{"start":{"line":279,"column":8},"end":{"line":279,"column":63}},"106":{"start":{"line":280,"column":8},"end":{"line":280,"column":112}},"107":{"start":{"line":284,"column":0},"end":{"line":294,"column":3}},"108":{"start":{"line":285,"column":4},"end":{"line":293,"column":5}},"109":{"start":{"line":286,"column":27},"end":{"line":286,"column":40}},"110":{"start":{"line":287,"column":8},"end":{"line":287,"column":96}},"111":{"start":{"line":288,"column":8},"end":{"line":288,"column":159}},"112":{"start":{"line":289,"column":8},"end":{"line":289,"column":79}},"113":{"start":{"line":291,"column":8},"end":{"line":291,"column":58}},"114":{"start":{"line":292,"column":8},"end":{"line":292,"column":93}},"115":{"start":{"line":296,"column":0},"end":{"line":306,"column":3}},"116":{"start":{"line":297,"column":4},"end":{"line":305,"column":5}},"117":{"start":{"line":298,"column":27},"end":{"line":298,"column":40}},"118":{"start":{"line":299,"column":8},"end":{"line":299,"column":94}},"119":{"start":{"line":300,"column":8},"end":{"line":300,"column":155}},"120":{"start":{"line":301,"column":8},"end":{"line":301,"column":77}},"121":{"start":{"line":303,"column":8},"end":{"line":303,"column":56}},"122":{"start":{"line":304,"column":8},"end":{"line":304,"column":92}},"123":{"start":{"line":308,"column":0},"end":{"line":323,"column":3}},"124":{"start":{"line":309,"column":4},"end":{"line":322,"column":5}},"125":{"start":{"line":310,"column":27},"end":{"line":310,"column":40}},"126":{"start":{"line":311,"column":28},"end":{"line":311,"column":116}},"127":{"start":{"line":312,"column":8},"end":{"line":315,"column":9}},"128":{"start":{"line":313,"column":29},"end":{"line":313,"column":89}},"129":{"start":{"line":314,"column":12},"end":{"line":314,"column":83}},"130":{"start":{"line":314,"column":18},"end":{"line":314,"column":42}},"131":{"start":{"line":316,"column":8},"end":{"line":316,"column":103}},"132":{"start":{"line":317,"column":8},"end":{"line":317,"column":176}},"133":{"start":{"line":318,"column":8},"end":{"line":318,"column":77}},"134":{"start":{"line":320,"column":8},"end":{"line":320,"column":67}},"135":{"start":{"line":321,"column":8},"end":{"line":321,"column":104}},"136":{"start":{"line":325,"column":0},"end":{"line":337,"column":3}},"137":{"start":{"line":326,"column":4},"end":{"line":336,"column":5}},"138":{"start":{"line":327,"column":27},"end":{"line":327,"column":40}},"139":{"start":{"line":328,"column":8},"end":{"line":328,"column":94}},"140":{"start":{"line":330,"column":8},"end":{"line":330,"column":86}},"141":{"start":{"line":331,"column":8},"end":{"line":331,"column":151}},"142":{"start":{"line":332,"column":8},"end":{"line":332,"column":76}},"143":{"start":{"line":334,"column":8},"end":{"line":334,"column":60}},"144":{"start":{"line":335,"column":8},"end":{"line":335,"column":88}},"145":{"start":{"line":339,"column":0},"end":{"line":349,"column":3}},"146":{"start":{"line":340,"column":4},"end":{"line":348,"column":5}},"147":{"start":{"line":341,"column":27},"end":{"line":341,"column":40}},"148":{"start":{"line":342,"column":8},"end":{"line":342,"column":94}},"149":{"start":{"line":343,"column":8},"end":{"line":343,"column":151}},"150":{"start":{"line":344,"column":8},"end":{"line":344,"column":84}},"151":{"start":{"line":346,"column":8},"end":{"line":346,"column":62}},"152":{"start":{"line":347,"column":8},"end":{"line":347,"column":98}},"153":{"start":{"line":354,"column":0},"end":{"line":373,"column":3}},"154":{"start":{"line":355,"column":4},"end":{"line":372,"column":5}},"155":{"start":{"line":356,"column":25},"end":{"line":367,"column":10}},"156":{"start":{"line":368,"column":8},"end":{"line":368,"column":51}},"157":{"start":{"line":370,"column":8},"end":{"line":370,"column":54}},"158":{"start":{"line":371,"column":8},"end":{"line":371,"column":99}},"159":{"start":{"line":375,"column":0},"end":{"line":407,"column":3}},"160":{"start":{"line":376,"column":4},"end":{"line":406,"column":5}},"161":{"start":{"line":377,"column":24},"end":{"line":377,"column":37}},"162":{"start":{"line":378,"column":25},"end":{"line":378,"column":89}},"163":{"start":{"line":379,"column":8},"end":{"line":379,"column":114}},"164":{"start":{"line":379,"column":33},"end":{"line":379,"column":114}},"165":{"start":{"line":381,"column":28},"end":{"line":384,"column":21}},"166":{"start":{"line":386,"column":27},"end":{"line":391,"column":21}},"167":{"start":{"line":393,"column":26},"end":{"line":400,"column":21}},"168":{"start":{"line":402,"column":8},"end":{"line":402,"column":91}},"169":{"start":{"line":404,"column":8},"end":{"line":404,"column":60}},"170":{"start":{"line":405,"column":8},"end":{"line":405,"column":107}},"171":{"start":{"line":409,"column":0},"end":{"line":424,"column":3}},"172":{"start":{"line":410,"column":4},"end":{"line":423,"column":5}},"173":{"start":{"line":411,"column":24},"end":{"line":411,"column":37}},"174":{"start":{"line":412,"column":25},"end":{"line":412,"column":104}},"175":{"start":{"line":413,"column":8},"end":{"line":416,"column":9}},"176":{"start":{"line":414,"column":29},"end":{"line":414,"column":83}},"177":{"start":{"line":415,"column":12},"end":{"line":415,"column":83}},"178":{"start":{"line":415,"column":18},"end":{"line":415,"column":42}},"179":{"start":{"line":417,"column":8},"end":{"line":417,"column":94}},"180":{"start":{"line":418,"column":8},"end":{"line":418,"column":155}},"181":{"start":{"line":419,"column":8},"end":{"line":419,"column":74}},"182":{"start":{"line":421,"column":8},"end":{"line":421,"column":61}},"183":{"start":{"line":422,"column":8},"end":{"line":422,"column":101}},"184":{"start":{"line":426,"column":0},"end":{"line":441,"column":3}},"185":{"start":{"line":427,"column":4},"end":{"line":440,"column":5}},"186":{"start":{"line":428,"column":24},"end":{"line":428,"column":37}},"187":{"start":{"line":429,"column":25},"end":{"line":429,"column":96}},"188":{"start":{"line":430,"column":8},"end":{"line":433,"column":9}},"189":{"start":{"line":431,"column":29},"end":{"line":431,"column":75}},"190":{"start":{"line":432,"column":12},"end":{"line":432,"column":83}},"191":{"start":{"line":432,"column":18},"end":{"line":432,"column":42}},"192":{"start":{"line":434,"column":8},"end":{"line":434,"column":86}},"193":{"start":{"line":435,"column":8},"end":{"line":435,"column":151}},"194":{"start":{"line":436,"column":8},"end":{"line":436,"column":72}},"195":{"start":{"line":438,"column":8},"end":{"line":438,"column":59}},"196":{"start":{"line":439,"column":8},"end":{"line":439,"column":99}},"197":{"start":{"line":443,"column":0},"end":{"line":453,"column":3}},"198":{"start":{"line":444,"column":4},"end":{"line":452,"column":5}},"199":{"start":{"line":445,"column":24},"end":{"line":445,"column":37}},"200":{"start":{"line":446,"column":8},"end":{"line":446,"column":89}},"201":{"start":{"line":447,"column":8},"end":{"line":447,"column":158}},"202":{"start":{"line":448,"column":8},"end":{"line":448,"column":74}},"203":{"start":{"line":450,"column":8},"end":{"line":450,"column":59}},"204":{"start":{"line":451,"column":8},"end":{"line":451,"column":101}},"205":{"start":{"line":455,"column":0},"end":{"line":470,"column":3}},"206":{"start":{"line":456,"column":4},"end":{"line":469,"column":5}},"207":{"start":{"line":457,"column":24},"end":{"line":457,"column":37}},"208":{"start":{"line":458,"column":27},"end":{"line":458,"column":35}},"209":{"start":{"line":459,"column":30},"end":{"line":459,"column":62}},"210":{"start":{"line":460,"column":8},"end":{"line":462,"column":9}},"211":{"start":{"line":461,"column":12},"end":{"line":461,"column":92}},"212":{"start":{"line":463,"column":8},"end":{"line":463,"column":89}},"213":{"start":{"line":464,"column":8},"end":{"line":464,"column":163}},"214":{"start":{"line":465,"column":8},"end":{"line":465,"column":80}},"215":{"start":{"line":467,"column":8},"end":{"line":467,"column":60}},"216":{"start":{"line":468,"column":8},"end":{"line":468,"column":100}},"217":{"start":{"line":475,"column":0},"end":{"line":495,"column":3}},"218":{"start":{"line":476,"column":4},"end":{"line":494,"column":5}},"219":{"start":{"line":477,"column":26},"end":{"line":489,"column":10}},"220":{"start":{"line":490,"column":8},"end":{"line":490,"column":52}},"221":{"start":{"line":492,"column":8},"end":{"line":492,"column":55}},"222":{"start":{"line":493,"column":8},"end":{"line":493,"column":103}},"223":{"start":{"line":497,"column":0},"end":{"line":512,"column":3}},"224":{"start":{"line":498,"column":4},"end":{"line":511,"column":5}},"225":{"start":{"line":499,"column":25},"end":{"line":499,"column":38}},"226":{"start":{"line":500,"column":26},"end":{"line":500,"column":92}},"227":{"start":{"line":501,"column":8},"end":{"line":501,"column":118}},"228":{"start":{"line":501,"column":34},"end":{"line":501,"column":118}},"229":{"start":{"line":504,"column":8},"end":{"line":504,"column":87}},"230":{"start":{"line":505,"column":8},"end":{"line":506,"column":122}},"231":{"start":{"line":507,"column":8},"end":{"line":507,"column":77}},"232":{"start":{"line":509,"column":8},"end":{"line":509,"column":61}},"233":{"start":{"line":510,"column":8},"end":{"line":510,"column":100}},"234":{"start":{"line":517,"column":0},"end":{"line":537,"column":3}},"235":{"start":{"line":518,"column":4},"end":{"line":536,"column":5}},"236":{"start":{"line":519,"column":31},"end":{"line":531,"column":10}},"237":{"start":{"line":532,"column":8},"end":{"line":532,"column":57}},"238":{"start":{"line":534,"column":8},"end":{"line":534,"column":60}},"239":{"start":{"line":535,"column":8},"end":{"line":535,"column":101}},"240":{"start":{"line":539,"column":0},"end":{"line":561,"column":3}},"241":{"start":{"line":540,"column":4},"end":{"line":560,"column":5}},"242":{"start":{"line":541,"column":30},"end":{"line":541,"column":43}},"243":{"start":{"line":542,"column":27},"end":{"line":542,"column":35}},"244":{"start":{"line":543,"column":8},"end":{"line":545,"column":9}},"245":{"start":{"line":544,"column":12},"end":{"line":544,"column":98}},"246":{"start":{"line":546,"column":24},"end":{"line":546,"column":100}},"247":{"start":{"line":547,"column":8},"end":{"line":547,"column":115}},"248":{"start":{"line":547,"column":32},"end":{"line":547,"column":115}},"249":{"start":{"line":548,"column":8},"end":{"line":548,"column":133}},"250":{"start":{"line":548,"column":43},"end":{"line":548,"column":133}},"251":{"start":{"line":550,"column":8},"end":{"line":553,"column":10}},"252":{"start":{"line":554,"column":8},"end":{"line":555,"column":142}},"253":{"start":{"line":556,"column":8},"end":{"line":556,"column":86}},"254":{"start":{"line":558,"column":8},"end":{"line":558,"column":66}},"255":{"start":{"line":559,"column":8},"end":{"line":559,"column":98}},"256":{"start":{"line":566,"column":0},"end":{"line":581,"column":3}},"257":{"start":{"line":567,"column":4},"end":{"line":580,"column":5}},"258":{"start":{"line":568,"column":47},"end":{"line":568,"column":56}},"259":{"start":{"line":569,"column":20},"end":{"line":569,"column":57}},"260":{"start":{"line":570,"column":23},"end":{"line":570,"column":25}},"261":{"start":{"line":571,"column":8},"end":{"line":571,"column":69}},"262":{"start":{"line":571,"column":21},"end":{"line":571,"column":47}},"263":{"start":{"line":571,"column":48},"end":{"line":571,"column":67}},"264":{"start":{"line":572,"column":8},"end":{"line":572,"column":82}},"265":{"start":{"line":572,"column":22},"end":{"line":572,"column":52}},"266":{"start":{"line":572,"column":53},"end":{"line":572,"column":80}},"267":{"start":{"line":573,"column":8},"end":{"line":573,"column":53}},"268":{"start":{"line":574,"column":8},"end":{"line":574,"column":37}},"269":{"start":{"line":575,"column":23},"end":{"line":575,"column":54}},"270":{"start":{"line":576,"column":8},"end":{"line":576,"column":49}},"271":{"start":{"line":578,"column":8},"end":{"line":578,"column":52}},"272":{"start":{"line":579,"column":8},"end":{"line":579,"column":97}},"273":{"start":{"line":583,"column":0},"end":{"line":583,"column":24}}},"fnMap":{"0":{"name":"(anonymous_0)","decl":{"start":{"line":17,"column":26},"end":{"line":17,"column":27}},"loc":{"start":{"line":17,"column":46},"end":{"line":93,"column":1}},"line":17},"1":{"name":"(anonymous_1)","decl":{"start":{"line":71,"column":43},"end":{"line":71,"column":44}},"loc":{"start":{"line":71,"column":50},"end":{"line":71,"column":94}},"line":71},"2":{"name":"(anonymous_2)","decl":{"start":{"line":98,"column":21},"end":{"line":98,"column":22}},"loc":{"start":{"line":98,"column":41},"end":{"line":109,"column":1}},"line":98},"3":{"name":"(anonymous_3)","decl":{"start":{"line":111,"column":25},"end":{"line":111,"column":26}},"loc":{"start":{"line":111,"column":45},"end":{"line":144,"column":1}},"line":111},"4":{"name":"(anonymous_4)","decl":{"start":{"line":146,"column":30},"end":{"line":146,"column":31}},"loc":{"start":{"line":146,"column":50},"end":{"line":158,"column":1}},"line":146},"5":{"name":"(anonymous_5)","decl":{"start":{"line":160,"column":32},"end":{"line":160,"column":33}},"loc":{"start":{"line":160,"column":52},"end":{"line":170,"column":1}},"line":160},"6":{"name":"(anonymous_6)","decl":{"start":{"line":173,"column":38},"end":{"line":173,"column":39}},"loc":{"start":{"line":173,"column":58},"end":{"line":207,"column":1}},"line":173},"7":{"name":"(anonymous_7)","decl":{"start":{"line":209,"column":36},"end":{"line":209,"column":37}},"loc":{"start":{"line":209,"column":56},"end":{"line":224,"column":1}},"line":209},"8":{"name":"(anonymous_8)","decl":{"start":{"line":229,"column":25},"end":{"line":229,"column":26}},"loc":{"start":{"line":229,"column":45},"end":{"line":244,"column":1}},"line":229},"9":{"name":"(anonymous_9)","decl":{"start":{"line":246,"column":29},"end":{"line":246,"column":30}},"loc":{"start":{"line":246,"column":49},"end":{"line":282,"column":1}},"line":246},"10":{"name":"(anonymous_10)","decl":{"start":{"line":284,"column":41},"end":{"line":284,"column":42}},"loc":{"start":{"line":284,"column":61},"end":{"line":294,"column":1}},"line":284},"11":{"name":"(anonymous_11)","decl":{"start":{"line":296,"column":39},"end":{"line":296,"column":40}},"loc":{"start":{"line":296,"column":59},"end":{"line":306,"column":1}},"line":296},"12":{"name":"(anonymous_12)","decl":{"start":{"line":308,"column":40},"end":{"line":308,"column":41}},"loc":{"start":{"line":308,"column":60},"end":{"line":323,"column":1}},"line":308},"13":{"name":"(anonymous_13)","decl":{"start":{"line":325,"column":34},"end":{"line":325,"column":35}},"loc":{"start":{"line":325,"column":54},"end":{"line":337,"column":1}},"line":325},"14":{"name":"(anonymous_14)","decl":{"start":{"line":339,"column":36},"end":{"line":339,"column":37}},"loc":{"start":{"line":339,"column":56},"end":{"line":349,"column":1}},"line":339},"15":{"name":"(anonymous_15)","decl":{"start":{"line":354,"column":22},"end":{"line":354,"column":23}},"loc":{"start":{"line":354,"column":42},"end":{"line":373,"column":1}},"line":354},"16":{"name":"(anonymous_16)","decl":{"start":{"line":375,"column":26},"end":{"line":375,"column":27}},"loc":{"start":{"line":375,"column":46},"end":{"line":407,"column":1}},"line":375},"17":{"name":"(anonymous_17)","decl":{"start":{"line":409,"column":36},"end":{"line":409,"column":37}},"loc":{"start":{"line":409,"column":56},"end":{"line":424,"column":1}},"line":409},"18":{"name":"(anonymous_18)","decl":{"start":{"line":426,"column":34},"end":{"line":426,"column":35}},"loc":{"start":{"line":426,"column":54},"end":{"line":441,"column":1}},"line":426},"19":{"name":"(anonymous_19)","decl":{"start":{"line":443,"column":41},"end":{"line":443,"column":42}},"loc":{"start":{"line":443,"column":61},"end":{"line":453,"column":1}},"line":443},"20":{"name":"(anonymous_20)","decl":{"start":{"line":455,"column":33},"end":{"line":455,"column":34}},"loc":{"start":{"line":455,"column":53},"end":{"line":470,"column":1}},"line":455},"21":{"name":"(anonymous_21)","decl":{"start":{"line":475,"column":23},"end":{"line":475,"column":24}},"loc":{"start":{"line":475,"column":43},"end":{"line":495,"column":1}},"line":475},"22":{"name":"(anonymous_22)","decl":{"start":{"line":497,"column":30},"end":{"line":497,"column":31}},"loc":{"start":{"line":497,"column":50},"end":{"line":512,"column":1}},"line":497},"23":{"name":"(anonymous_23)","decl":{"start":{"line":517,"column":28},"end":{"line":517,"column":29}},"loc":{"start":{"line":517,"column":48},"end":{"line":537,"column":1}},"line":517},"24":{"name":"(anonymous_24)","decl":{"start":{"line":539,"column":35},"end":{"line":539,"column":36}},"loc":{"start":{"line":539,"column":55},"end":{"line":561,"column":1}},"line":539},"25":{"name":"(anonymous_25)","decl":{"start":{"line":566,"column":20},"end":{"line":566,"column":21}},"loc":{"start":{"line":566,"column":40},"end":{"line":581,"column":1}},"line":566}},"branchMap":{"0":{"loc":{"start":{"line":118,"column":8},"end":{"line":118,"column":118}},"type":"if","locations":[{"start":{"line":118,"column":8},"end":{"line":118,"column":118}},{"start":{},"end":{}}],"line":118},"1":{"loc":{"start":{"line":177,"column":8},"end":{"line":177,"column":118}},"type":"if","locations":[{"start":{"line":177,"column":8},"end":{"line":177,"column":118}},{"start":{},"end":{}}],"line":177},"2":{"loc":{"start":{"line":180,"column":8},"end":{"line":183,"column":9}},"type":"if","locations":[{"start":{"line":180,"column":8},"end":{"line":183,"column":9}},{"start":{},"end":{}}],"line":180},"3":{"loc":{"start":{"line":213,"column":8},"end":{"line":216,"column":9}},"type":"if","locations":[{"start":{"line":213,"column":8},"end":{"line":216,"column":9}},{"start":{},"end":{}}],"line":213},"4":{"loc":{"start":{"line":213,"column":12},"end":{"line":213,"column":60}},"type":"binary-expr","locations":[{"start":{"line":213,"column":12},"end":{"line":213,"column":28}},{"start":{"line":213,"column":32},"end":{"line":213,"column":60}}],"line":213},"5":{"loc":{"start":{"line":253,"column":8},"end":{"line":253,"column":122}},"type":"if","locations":[{"start":{"line":253,"column":8},"end":{"line":253,"column":122}},{"start":{},"end":{}}],"line":253},"6":{"loc":{"start":{"line":312,"column":8},"end":{"line":315,"column":9}},"type":"if","locations":[{"start":{"line":312,"column":8},"end":{"line":315,"column":9}},{"start":{},"end":{}}],"line":312},"7":{"loc":{"start":{"line":312,"column":12},"end":{"line":312,"column":68}},"type":"binary-expr","locations":[{"start":{"line":312,"column":12},"end":{"line":312,"column":32}},{"start":{"line":312,"column":36},"end":{"line":312,"column":68}}],"line":312},"8":{"loc":{"start":{"line":379,"column":8},"end":{"line":379,"column":114}},"type":"if","locations":[{"start":{"line":379,"column":8},"end":{"line":379,"column":114}},{"start":{},"end":{}}],"line":379},"9":{"loc":{"start":{"line":413,"column":8},"end":{"line":416,"column":9}},"type":"if","locations":[{"start":{"line":413,"column":8},"end":{"line":416,"column":9}},{"start":{},"end":{}}],"line":413},"10":{"loc":{"start":{"line":413,"column":12},"end":{"line":413,"column":59}},"type":"binary-expr","locations":[{"start":{"line":413,"column":12},"end":{"line":413,"column":29}},{"start":{"line":413,"column":33},"end":{"line":413,"column":59}}],"line":413},"11":{"loc":{"start":{"line":430,"column":8},"end":{"line":433,"column":9}},"type":"if","locations":[{"start":{"line":430,"column":8},"end":{"line":433,"column":9}},{"start":{},"end":{}}],"line":430},"12":{"loc":{"start":{"line":430,"column":12},"end":{"line":430,"column":51}},"type":"binary-expr","locations":[{"start":{"line":430,"column":12},"end":{"line":430,"column":29}},{"start":{"line":430,"column":33},"end":{"line":430,"column":51}}],"line":430},"13":{"loc":{"start":{"line":460,"column":8},"end":{"line":462,"column":9}},"type":"if","locations":[{"start":{"line":460,"column":8},"end":{"line":462,"column":9}},{"start":{},"end":{}}],"line":460},"14":{"loc":{"start":{"line":501,"column":8},"end":{"line":501,"column":118}},"type":"if","locations":[{"start":{"line":501,"column":8},"end":{"line":501,"column":118}},{"start":{},"end":{}}],"line":501},"15":{"loc":{"start":{"line":543,"column":8},"end":{"line":545,"column":9}},"type":"if","locations":[{"start":{"line":543,"column":8},"end":{"line":545,"column":9}},{"start":{},"end":{}}],"line":543},"16":{"loc":{"start":{"line":543,"column":12},"end":{"line":543,"column":49}},"type":"binary-expr","locations":[{"start":{"line":543,"column":12},"end":{"line":543,"column":19}},{"start":{"line":543,"column":23},"end":{"line":543,"column":49}}],"line":543},"17":{"loc":{"start":{"line":547,"column":8},"end":{"line":547,"column":115}},"type":"if","locations":[{"start":{"line":547,"column":8},"end":{"line":547,"column":115}},{"start":{},"end":{}}],"line":547},"18":{"loc":{"start":{"line":548,"column":8},"end":{"line":548,"column":133}},"type":"if","locations":[{"start":{"line":548,"column":8},"end":{"line":548,"column":133}},{"start":{},"end":{}}],"line":548},"19":{"loc":{"start":{"line":568,"column":31},"end":{"line":568,"column":42}},"type":"default-arg","locations":[{"start":{"line":568,"column":39},"end":{"line":568,"column":42}}],"line":568},"20":{"loc":{"start":{"line":571,"column":8},"end":{"line":571,"column":69}},"type":"if","locations":[{"start":{"line":571,"column":8},"end":{"line":571,"column":69}},{"start":{},"end":{}}],"line":571},"21":{"loc":{"start":{"line":572,"column":8},"end":{"line":572,"column":82}},"type":"if","locations":[{"start":{"line":572,"column":8},"end":{"line":572,"column":82}},{"start":{},"end":{}}],"line":572}},"s":{"0":0,"1":0,"2":0,"3":0,"4":0,"5":0,"6":0,"7":0,"8":0,"9":0,"10":0,"11":0,"12":0,"13":0,"14":0,"15":0,"16":0,"17":0,"18":0,"19":0,"20":0,"21":0,"22":0,"23":0,"24":0,"25":0,"26":0,"27":0,"28":0,"29":0,"30":0,"31":0,"32":0,"33":0,"34":0,"35":0,"36":0,"37":0,"38":0,"39":0,"40":0,"41":0,"42":0,"43":0,"44":0,"45":0,"46":0,"47":0,"48":0,"49":0,"50":0,"51":0,"52":0,"53":0,"54":0,"55":0,"56":0,"57":0,"58":0,"59":0,"60":0,"61":0,"62":0,"63":0,"64":0,"65":0,"66":0,"67":0,"68":0,"69":0,"70":0,"71":0,"72":0,"73":0,"74":0,"75":0,"76":0,"77":0,"78":0,"79":0,"80":0,"81":0,"82":0,"83":0,"84":0,"85":0,"86":0,"87":0,"88":0,"89":0,"90":0,"91":0,"92":0,"93":0,"94":0,"95":0,"96":0,"97":0,"98":0,"99":0,"100":0,"101":0,"102":0,"103":0,"104":0,"105":0,"106":0,"107":0,"108":0,"109":0,"110":0,"111":0,"112":0,"113":0,"114":0,"115":0,"116":0,"117":0,"118":0,"119":0,"120":0,"121":0,"122":0,"123":0,"124":0,"125":0,"126":0,"127":0,"128":0,"129":0,"130":0,"131":0,"132":0,"133":0,"134":0,"135":0,"136":0,"137":0,"138":0,"139":0,"140":0,"141":0,"142":0,"143":0,"144":0,"145":0,"146":0,"147":0,"148":0,"149":0,"150":0,"151":0,"152":0,"153":0,"154":0,"155":0,"156":0,"157":0,"158":0,"159":0,"160":0,"161":0,"162":0,"163":0,"164":0,"165":0,"166":0,"167":0,"168":0,"169":0,"170":0,"171":0,"172":0,"173":0,"174":0,"175":0,"176":0,"177":0,"178":0,"179":0,"180":0,"181":0,"182":0,"183":0,"184":0,"185":0,"186":0,"187":0,"188":0,"189":0,"190":0,"191":0,"192":0,"193":0,"194":0,"195":0,"196":0,"197":0,"198":0,"199":0,"200":0,"201":0,"202":0,"203":0,"204":0,"205":0,"206":0,"207":0,"208":0,"209":0,"210":0,"211":0,"212":0,"213":0,"214":0,"215":0,"216":0,"217":0,"218":0,"219":0,"220":0,"221":0,"222":0,"223":0,"224":0,"225":0,"226":0,"227":0,"228":0,"229":0,"230":0,"231":0,"232":0,"233":0,"234":0,"235":0,"236":0,"237":0,"238":0,"239":0,"240":0,"241":0,"242":0,"243":0,"244":0,"245":0,"246":0,"247":0,"248":0,"249":0,"250":0,"251":0,"252":0,"253":0,"254":0,"255":0,"256":0,"257":0,"258":0,"259":0,"260":0,"261":0,"262":0,"263":0,"264":0,"265":0,"266":0,"267":0,"268":0,"269":0,"270":0,"271":0,"272":0,"273":0},"f":{"0":0,"1":0,"2":0,"3":0,"4":0,"5":0,"6":0,"7":0,"8":0,"9":0,"10":0,"11":0,"12":0,"13":0,"14":0,"15":0,"16":0,"17":0,"18":0,"19":0,"20":0,"21":0,"22":0,"23":0,"24":0,"25":0},"b":{"0":[0,0],"1":[0,0],"2":[0,0],"3":[0,0],"4":[0,0],"5":[0,0],"6":[0,0],"7":[0,0],"8":[0,0],"9":[0,0],"10":[0,0],"11":[0,0],"12":[0,0],"13":[0,0],"14":[0,0],"15":[0,0],"16":[0,0],"17":[0,0],"18":[0,0],"19":[0],"20":[0,0],"21":[0,0]}}
,"/Users/tokaji-nagybence/Documents/GitHub/Bookly/bookly_project/backend/api/api.js": {"path":"/Users/tokaji-nagybence/Documents/GitHub/Bookly/bookly_project/backend/api/api.js","statementMap":{"0":{"start":{"line":1,"column":16},"end":{"line":1,"column":34}},"1":{"start":{"line":2,"column":15},"end":{"line":2,"column":31}},"2":{"start":{"line":3,"column":17},"end":{"line":3,"column":46}},"3":{"start":{"line":4,"column":11},"end":{"line":4,"column":33}},"4":{"start":{"line":8,"column":15},"end":{"line":8,"column":32}},"5":{"start":{"line":9,"column":13},"end":{"line":9,"column":28}},"6":{"start":{"line":11,"column":16},"end":{"line":18,"column":2}},"7":{"start":{"line":13,"column":8},"end":{"line":13,"column":59}},"8":{"start":{"line":16,"column":8},"end":{"line":16,"column":61}},"9":{"start":{"line":20,"column":15},"end":{"line":20,"column":34}},"10":{"start":{"line":24,"column":0},"end":{"line":28,"column":3}},"11":{"start":{"line":25,"column":4},"end":{"line":27,"column":7}},"12":{"start":{"line":31,"column":0},"end":{"line":43,"column":3}},"13":{"start":{"line":32,"column":4},"end":{"line":42,"column":5}},"14":{"start":{"line":33,"column":26},"end":{"line":33,"column":52}},"15":{"start":{"line":34,"column":8},"end":{"line":37,"column":11}},"16":{"start":{"line":39,"column":8},"end":{"line":41,"column":11}},"17":{"start":{"line":45,"column":0},"end":{"line":45,"column":24}}},"fnMap":{"0":{"name":"(anonymous_0)","decl":{"start":{"line":12,"column":17},"end":{"line":12,"column":18}},"loc":{"start":{"line":12,"column":46},"end":{"line":14,"column":5}},"line":12},"1":{"name":"(anonymous_1)","decl":{"start":{"line":15,"column":14},"end":{"line":15,"column":15}},"loc":{"start":{"line":15,"column":43},"end":{"line":17,"column":5}},"line":15},"2":{"name":"(anonymous_2)","decl":{"start":{"line":24,"column":20},"end":{"line":24,"column":21}},"loc":{"start":{"line":24,"column":43},"end":{"line":28,"column":1}},"line":24},"3":{"name":"(anonymous_3)","decl":{"start":{"line":31,"column":23},"end":{"line":31,"column":24}},"loc":{"start":{"line":31,"column":52},"end":{"line":43,"column":1}},"line":31}},"branchMap":{},"s":{"0":0,"1":0,"2":0,"3":0,"4":0,"5":0,"6":0,"7":0,"8":0,"9":0,"10":0,"11":0,"12":0,"13":0,"14":0,"15":0,"16":0,"17":0},"f":{"0":0,"1":0,"2":0,"3":0},"b":{}}
,"/Users/tokaji-nagybence/Documents/GitHub/Bookly/bookly_project/backend/api/calendarApi.js": {"path":"/Users/tokaji-nagybence/Documents/GitHub/Bookly/bookly_project/backend/api/calendarApi.js","statementMap":{"0":{"start":{"line":1,"column":16},"end":{"line":1,"column":34}},"1":{"start":{"line":2,"column":15},"end":{"line":2,"column":31}},"2":{"start":{"line":3,"column":94},"end":{"line":3,"column":123}},"3":{"start":{"line":4,"column":23},"end":{"line":4,"column":58}},"4":{"start":{"line":5,"column":24},"end":{"line":5,"column":59}},"5":{"start":{"line":6,"column":62},"end":{"line":6,"column":100}},"6":{"start":{"line":7,"column":43},"end":{"line":7,"column":84}},"7":{"start":{"line":8,"column":61},"end":{"line":8,"column":105}},"8":{"start":{"line":11,"column":23},"end":{"line":45,"column":1}},"9":{"start":{"line":12,"column":4},"end":{"line":44,"column":5}},"10":{"start":{"line":13,"column":27},"end":{"line":13,"column":42}},"11":{"start":{"line":16,"column":28},"end":{"line":19,"column":9}},"12":{"start":{"line":21,"column":8},"end":{"line":26,"column":9}},"13":{"start":{"line":22,"column":12},"end":{"line":25,"column":15}},"14":{"start":{"line":28,"column":8},"end":{"line":33,"column":9}},"15":{"start":{"line":29,"column":12},"end":{"line":32,"column":15}},"16":{"start":{"line":36,"column":8},"end":{"line":36,"column":36}},"17":{"start":{"line":37,"column":8},"end":{"line":37,"column":15}},"18":{"start":{"line":39,"column":8},"end":{"line":39,"column":61}},"19":{"start":{"line":40,"column":8},"end":{"line":43,"column":11}},"20":{"start":{"line":48,"column":0},"end":{"line":48,"column":70}},"21":{"start":{"line":51,"column":0},"end":{"line":133,"column":3}},"22":{"start":{"line":52,"column":4},"end":{"line":132,"column":5}},"23":{"start":{"line":53,"column":27},"end":{"line":53,"column":45}},"24":{"start":{"line":54,"column":22},"end":{"line":54,"column":32}},"25":{"start":{"line":55,"column":8},"end":{"line":55,"column":35}},"26":{"start":{"line":56,"column":25},"end":{"line":56,"column":40}},"27":{"start":{"line":57,"column":8},"end":{"line":57,"column":49}},"28":{"start":{"line":59,"column":26},"end":{"line":59,"column":41}},"29":{"start":{"line":60,"column":8},"end":{"line":60,"column":64}},"30":{"start":{"line":61,"column":24},"end":{"line":61,"column":43}},"31":{"start":{"line":62,"column":8},"end":{"line":62,"column":49}},"32":{"start":{"line":65,"column":30},"end":{"line":72,"column":9}},"33":{"start":{"line":75,"column":32},"end":{"line":82,"column":9}},"34":{"start":{"line":85,"column":27},"end":{"line":85,"column":77}},"35":{"start":{"line":86,"column":37},"end":{"line":93,"column":9}},"36":{"start":{"line":96,"column":39},"end":{"line":115,"column":9}},"37":{"start":{"line":117,"column":8},"end":{"line":125,"column":11}},"38":{"start":{"line":127,"column":8},"end":{"line":127,"column":54}},"39":{"start":{"line":128,"column":8},"end":{"line":131,"column":11}},"40":{"start":{"line":136,"column":0},"end":{"line":169,"column":3}},"41":{"start":{"line":137,"column":4},"end":{"line":168,"column":5}},"42":{"start":{"line":138,"column":27},"end":{"line":138,"column":45}},"43":{"start":{"line":140,"column":25},"end":{"line":146,"column":9}},"44":{"start":{"line":148,"column":8},"end":{"line":153,"column":9}},"45":{"start":{"line":149,"column":12},"end":{"line":152,"column":15}},"46":{"start":{"line":155,"column":49},"end":{"line":155,"column":58}},"47":{"start":{"line":157,"column":8},"end":{"line":161,"column":11}},"48":{"start":{"line":163,"column":8},"end":{"line":163,"column":57}},"49":{"start":{"line":164,"column":8},"end":{"line":167,"column":11}},"50":{"start":{"line":172,"column":0},"end":{"line":197,"column":3}},"51":{"start":{"line":173,"column":4},"end":{"line":196,"column":5}},"52":{"start":{"line":174,"column":27},"end":{"line":174,"column":45}},"53":{"start":{"line":175,"column":39},"end":{"line":175,"column":52}},"54":{"start":{"line":177,"column":8},"end":{"line":182,"column":9}},"55":{"start":{"line":178,"column":12},"end":{"line":181,"column":15}},"56":{"start":{"line":184,"column":32},"end":{"line":184,"column":88}},"57":{"start":{"line":186,"column":8},"end":{"line":189,"column":11}},"58":{"start":{"line":191,"column":8},"end":{"line":191,"column":61}},"59":{"start":{"line":192,"column":8},"end":{"line":195,"column":11}},"60":{"start":{"line":200,"column":0},"end":{"line":252,"column":3}},"61":{"start":{"line":201,"column":4},"end":{"line":251,"column":5}},"62":{"start":{"line":202,"column":27},"end":{"line":202,"column":45}},"63":{"start":{"line":203,"column":39},"end":{"line":203,"column":52}},"64":{"start":{"line":205,"column":20},"end":{"line":228,"column":9}},"65":{"start":{"line":230,"column":23},"end":{"line":230,"column":35}},"66":{"start":{"line":232,"column":8},"end":{"line":235,"column":9}},"67":{"start":{"line":233,"column":12},"end":{"line":233,"column":70}},"68":{"start":{"line":234,"column":12},"end":{"line":234,"column":44}},"69":{"start":{"line":237,"column":8},"end":{"line":237,"column":53}},"70":{"start":{"line":239,"column":31},"end":{"line":239,"column":62}},"71":{"start":{"line":241,"column":8},"end":{"line":244,"column":11}},"72":{"start":{"line":246,"column":8},"end":{"line":246,"column":56}},"73":{"start":{"line":247,"column":8},"end":{"line":250,"column":11}},"74":{"start":{"line":255,"column":0},"end":{"line":312,"column":3}},"75":{"start":{"line":256,"column":4},"end":{"line":311,"column":5}},"76":{"start":{"line":257,"column":27},"end":{"line":257,"column":45}},"77":{"start":{"line":258,"column":30},"end":{"line":258,"column":47}},"78":{"start":{"line":261,"column":8},"end":{"line":266,"column":9}},"79":{"start":{"line":262,"column":12},"end":{"line":265,"column":15}},"80":{"start":{"line":268,"column":31},"end":{"line":292,"column":9}},"81":{"start":{"line":294,"column":8},"end":{"line":299,"column":9}},"82":{"start":{"line":295,"column":12},"end":{"line":298,"column":15}},"83":{"start":{"line":301,"column":8},"end":{"line":304,"column":11}},"84":{"start":{"line":306,"column":8},"end":{"line":306,"column":55}},"85":{"start":{"line":307,"column":8},"end":{"line":310,"column":11}},"86":{"start":{"line":317,"column":14},"end":{"line":317,"column":32}},"87":{"start":{"line":318,"column":14},"end":{"line":318,"column":58}},"88":{"start":{"line":319,"column":14},"end":{"line":319,"column":53}},"89":{"start":{"line":320,"column":14},"end":{"line":320,"column":54}},"90":{"start":{"line":321,"column":16},"end":{"line":321,"column":58}},"91":{"start":{"line":322,"column":14},"end":{"line":322,"column":56}},"92":{"start":{"line":323,"column":4},"end":{"line":323,"column":45}},"93":{"start":{"line":326,"column":0},"end":{"line":515,"column":3}},"94":{"start":{"line":327,"column":4},"end":{"line":514,"column":5}},"95":{"start":{"line":328,"column":27},"end":{"line":328,"column":45}},"96":{"start":{"line":329,"column":121},"end":{"line":329,"column":133}},"97":{"start":{"line":332,"column":8},"end":{"line":337,"column":9}},"98":{"start":{"line":333,"column":12},"end":{"line":336,"column":15}},"99":{"start":{"line":340,"column":27},"end":{"line":343,"column":9}},"100":{"start":{"line":345,"column":8},"end":{"line":350,"column":9}},"101":{"start":{"line":346,"column":12},"end":{"line":349,"column":15}},"102":{"start":{"line":352,"column":24},"end":{"line":352,"column":35}},"103":{"start":{"line":353,"column":21},"end":{"line":353,"column":25}},"104":{"start":{"line":356,"column":27},"end":{"line":356,"column":70}},"105":{"start":{"line":357,"column":28},"end":{"line":357,"column":58}},"106":{"start":{"line":358,"column":28},"end":{"line":358,"column":59}},"107":{"start":{"line":361,"column":33},"end":{"line":361,"column":84}},"108":{"start":{"line":364,"column":31},"end":{"line":364,"column":102}},"109":{"start":{"line":367,"column":26},"end":{"line":367,"column":53}},"110":{"start":{"line":368,"column":8},"end":{"line":373,"column":9}},"111":{"start":{"line":369,"column":12},"end":{"line":372,"column":15}},"112":{"start":{"line":376,"column":8},"end":{"line":419,"column":9}},"113":{"start":{"line":378,"column":12},"end":{"line":383,"column":13}},"114":{"start":{"line":379,"column":16},"end":{"line":382,"column":19}},"115":{"start":{"line":386,"column":12},"end":{"line":391,"column":13}},"116":{"start":{"line":387,"column":16},"end":{"line":390,"column":19}},"117":{"start":{"line":394,"column":36},"end":{"line":397,"column":13}},"118":{"start":{"line":399,"column":12},"end":{"line":418,"column":13}},"119":{"start":{"line":400,"column":16},"end":{"line":400,"column":45}},"120":{"start":{"line":403,"column":16},"end":{"line":406,"column":18}},"121":{"start":{"line":409,"column":31},"end":{"line":409,"column":50}},"122":{"start":{"line":410,"column":44},"end":{"line":410,"column":81}},"123":{"start":{"line":412,"column":33},"end":{"line":416,"column":17}},"124":{"start":{"line":417,"column":16},"end":{"line":417,"column":41}},"125":{"start":{"line":423,"column":25},"end":{"line":423,"column":43}},"126":{"start":{"line":424,"column":26},"end":{"line":424,"column":70}},"127":{"start":{"line":425,"column":24},"end":{"line":425,"column":63}},"128":{"start":{"line":426,"column":26},"end":{"line":426,"column":66}},"129":{"start":{"line":427,"column":28},"end":{"line":427,"column":70}},"130":{"start":{"line":428,"column":28},"end":{"line":428,"column":70}},"131":{"start":{"line":429,"column":12},"end":{"line":429,"column":76}},"132":{"start":{"line":433,"column":25},"end":{"line":433,"column":43}},"133":{"start":{"line":434,"column":26},"end":{"line":434,"column":70}},"134":{"start":{"line":435,"column":24},"end":{"line":435,"column":63}},"135":{"start":{"line":436,"column":12},"end":{"line":436,"column":45}},"136":{"start":{"line":440,"column":28},"end":{"line":458,"column":9}},"137":{"start":{"line":460,"column":8},"end":{"line":465,"column":9}},"138":{"start":{"line":461,"column":12},"end":{"line":464,"column":15}},"139":{"start":{"line":468,"column":24},"end":{"line":468,"column":75}},"140":{"start":{"line":469,"column":27},"end":{"line":469,"column":82}},"141":{"start":{"line":470,"column":37},"end":{"line":474,"column":10}},"142":{"start":{"line":471,"column":31},"end":{"line":471,"column":61}},"143":{"start":{"line":472,"column":29},"end":{"line":472,"column":57}},"144":{"start":{"line":473,"column":12},"end":{"line":473,"column":78}},"145":{"start":{"line":476,"column":8},"end":{"line":481,"column":9}},"146":{"start":{"line":477,"column":12},"end":{"line":480,"column":15}},"147":{"start":{"line":484,"column":36},"end":{"line":501,"column":9}},"148":{"start":{"line":503,"column":8},"end":{"line":507,"column":11}},"149":{"start":{"line":509,"column":8},"end":{"line":509,"column":58}},"150":{"start":{"line":510,"column":8},"end":{"line":513,"column":11}},"151":{"start":{"line":518,"column":0},"end":{"line":614,"column":3}},"152":{"start":{"line":519,"column":4},"end":{"line":613,"column":5}},"153":{"start":{"line":520,"column":27},"end":{"line":520,"column":45}},"154":{"start":{"line":521,"column":30},"end":{"line":521,"column":47}},"155":{"start":{"line":524,"column":8},"end":{"line":529,"column":9}},"156":{"start":{"line":525,"column":12},"end":{"line":528,"column":15}},"157":{"start":{"line":532,"column":31},"end":{"line":547,"column":9}},"158":{"start":{"line":549,"column":8},"end":{"line":554,"column":9}},"159":{"start":{"line":550,"column":12},"end":{"line":553,"column":15}},"160":{"start":{"line":556,"column":28},"end":{"line":556,"column":43}},"161":{"start":{"line":559,"column":8},"end":{"line":565,"column":9}},"162":{"start":{"line":560,"column":12},"end":{"line":560,"column":159}},"163":{"start":{"line":561,"column":12},"end":{"line":564,"column":15}},"164":{"start":{"line":567,"column":8},"end":{"line":572,"column":9}},"165":{"start":{"line":568,"column":12},"end":{"line":571,"column":15}},"166":{"start":{"line":575,"column":8},"end":{"line":578,"column":10}},"167":{"start":{"line":581,"column":8},"end":{"line":591,"column":9}},"168":{"start":{"line":582,"column":12},"end":{"line":590,"column":15}},"169":{"start":{"line":589,"column":16},"end":{"line":589,"column":73}},"170":{"start":{"line":594,"column":8},"end":{"line":601,"column":69}},"171":{"start":{"line":601,"column":23},"end":{"line":601,"column":67}},"172":{"start":{"line":603,"column":8},"end":{"line":606,"column":11}},"173":{"start":{"line":608,"column":8},"end":{"line":608,"column":58}},"174":{"start":{"line":609,"column":8},"end":{"line":612,"column":11}},"175":{"start":{"line":617,"column":0},"end":{"line":677,"column":3}},"176":{"start":{"line":618,"column":4},"end":{"line":676,"column":5}},"177":{"start":{"line":619,"column":27},"end":{"line":619,"column":45}},"178":{"start":{"line":620,"column":30},"end":{"line":620,"column":47}},"179":{"start":{"line":621,"column":27},"end":{"line":621,"column":39}},"180":{"start":{"line":624,"column":8},"end":{"line":629,"column":9}},"181":{"start":{"line":625,"column":12},"end":{"line":628,"column":15}},"182":{"start":{"line":631,"column":30},"end":{"line":631,"column":79}},"183":{"start":{"line":632,"column":8},"end":{"line":637,"column":9}},"184":{"start":{"line":633,"column":12},"end":{"line":636,"column":15}},"185":{"start":{"line":640,"column":31},"end":{"line":643,"column":9}},"186":{"start":{"line":645,"column":8},"end":{"line":650,"column":9}},"187":{"start":{"line":646,"column":12},"end":{"line":649,"column":15}},"188":{"start":{"line":653,"column":8},"end":{"line":659,"column":9}},"189":{"start":{"line":654,"column":12},"end":{"line":654,"column":163}},"190":{"start":{"line":655,"column":12},"end":{"line":658,"column":15}},"191":{"start":{"line":661,"column":8},"end":{"line":664,"column":10}},"192":{"start":{"line":666,"column":8},"end":{"line":669,"column":11}},"193":{"start":{"line":671,"column":8},"end":{"line":671,"column":65}},"194":{"start":{"line":672,"column":8},"end":{"line":675,"column":11}},"195":{"start":{"line":680,"column":0},"end":{"line":720,"column":3}},"196":{"start":{"line":681,"column":4},"end":{"line":719,"column":5}},"197":{"start":{"line":682,"column":27},"end":{"line":682,"column":45}},"198":{"start":{"line":684,"column":27},"end":{"line":702,"column":9}},"199":{"start":{"line":704,"column":35},"end":{"line":707,"column":11}},"200":{"start":{"line":704,"column":54},"end":{"line":707,"column":9}},"201":{"start":{"line":706,"column":51},"end":{"line":706,"column":63}},"202":{"start":{"line":709,"column":8},"end":{"line":712,"column":11}},"203":{"start":{"line":714,"column":8},"end":{"line":714,"column":52}},"204":{"start":{"line":715,"column":8},"end":{"line":718,"column":11}},"205":{"start":{"line":723,"column":0},"end":{"line":768,"column":3}},"206":{"start":{"line":724,"column":4},"end":{"line":767,"column":5}},"207":{"start":{"line":725,"column":27},"end":{"line":725,"column":45}},"208":{"start":{"line":726,"column":71},"end":{"line":726,"column":83}},"209":{"start":{"line":729,"column":8},"end":{"line":734,"column":9}},"210":{"start":{"line":730,"column":12},"end":{"line":733,"column":15}},"211":{"start":{"line":736,"column":8},"end":{"line":741,"column":9}},"212":{"start":{"line":737,"column":12},"end":{"line":740,"column":15}},"213":{"start":{"line":743,"column":8},"end":{"line":748,"column":9}},"214":{"start":{"line":744,"column":12},"end":{"line":747,"column":15}},"215":{"start":{"line":750,"column":25},"end":{"line":754,"column":9}},"216":{"start":{"line":756,"column":8},"end":{"line":760,"column":11}},"217":{"start":{"line":762,"column":8},"end":{"line":762,"column":54}},"218":{"start":{"line":763,"column":8},"end":{"line":766,"column":11}},"219":{"start":{"line":771,"column":0},"end":{"line":845,"column":3}},"220":{"start":{"line":772,"column":4},"end":{"line":844,"column":5}},"221":{"start":{"line":773,"column":27},"end":{"line":773,"column":45}},"222":{"start":{"line":774,"column":26},"end":{"line":774,"column":43}},"223":{"start":{"line":775,"column":71},"end":{"line":775,"column":83}},"224":{"start":{"line":778,"column":8},"end":{"line":783,"column":9}},"225":{"start":{"line":779,"column":12},"end":{"line":782,"column":15}},"226":{"start":{"line":786,"column":27},"end":{"line":789,"column":9}},"227":{"start":{"line":791,"column":8},"end":{"line":796,"column":9}},"228":{"start":{"line":792,"column":12},"end":{"line":795,"column":15}},"229":{"start":{"line":798,"column":8},"end":{"line":803,"column":9}},"230":{"start":{"line":799,"column":12},"end":{"line":802,"column":15}},"231":{"start":{"line":806,"column":8},"end":{"line":811,"column":9}},"232":{"start":{"line":807,"column":12},"end":{"line":810,"column":15}},"233":{"start":{"line":813,"column":8},"end":{"line":818,"column":9}},"234":{"start":{"line":814,"column":12},"end":{"line":817,"column":15}},"235":{"start":{"line":820,"column":8},"end":{"line":825,"column":9}},"236":{"start":{"line":821,"column":12},"end":{"line":824,"column":15}},"237":{"start":{"line":827,"column":8},"end":{"line":832,"column":10}},"238":{"start":{"line":834,"column":8},"end":{"line":837,"column":11}},"239":{"start":{"line":839,"column":8},"end":{"line":839,"column":54}},"240":{"start":{"line":840,"column":8},"end":{"line":843,"column":11}},"241":{"start":{"line":848,"column":0},"end":{"line":907,"column":3}},"242":{"start":{"line":849,"column":4},"end":{"line":906,"column":5}},"243":{"start":{"line":850,"column":27},"end":{"line":850,"column":45}},"244":{"start":{"line":851,"column":26},"end":{"line":851,"column":43}},"245":{"start":{"line":854,"column":8},"end":{"line":859,"column":9}},"246":{"start":{"line":855,"column":12},"end":{"line":858,"column":15}},"247":{"start":{"line":862,"column":27},"end":{"line":865,"column":9}},"248":{"start":{"line":867,"column":8},"end":{"line":872,"column":9}},"249":{"start":{"line":868,"column":12},"end":{"line":871,"column":15}},"250":{"start":{"line":874,"column":8},"end":{"line":879,"column":9}},"251":{"start":{"line":875,"column":12},"end":{"line":878,"column":15}},"252":{"start":{"line":882,"column":31},"end":{"line":885,"column":9}},"253":{"start":{"line":887,"column":8},"end":{"line":892,"column":9}},"254":{"start":{"line":888,"column":12},"end":{"line":891,"column":15}},"255":{"start":{"line":894,"column":8},"end":{"line":894,"column":75}},"256":{"start":{"line":896,"column":8},"end":{"line":899,"column":11}},"257":{"start":{"line":901,"column":8},"end":{"line":901,"column":54}},"258":{"start":{"line":902,"column":8},"end":{"line":905,"column":11}},"259":{"start":{"line":911,"column":0},"end":{"line":932,"column":3}},"260":{"start":{"line":912,"column":4},"end":{"line":931,"column":5}},"261":{"start":{"line":913,"column":27},"end":{"line":913,"column":45}},"262":{"start":{"line":914,"column":26},"end":{"line":914,"column":53}},"263":{"start":{"line":915,"column":8},"end":{"line":917,"column":9}},"264":{"start":{"line":916,"column":12},"end":{"line":916,"column":112}},"265":{"start":{"line":919,"column":27},"end":{"line":919,"column":128}},"266":{"start":{"line":920,"column":8},"end":{"line":922,"column":9}},"267":{"start":{"line":921,"column":12},"end":{"line":921,"column":104}},"268":{"start":{"line":923,"column":25},"end":{"line":926,"column":9}},"269":{"start":{"line":927,"column":8},"end":{"line":927,"column":61}},"270":{"start":{"line":929,"column":8},"end":{"line":929,"column":58}},"271":{"start":{"line":930,"column":8},"end":{"line":930,"column":102}},"272":{"start":{"line":935,"column":0},"end":{"line":969,"column":3}},"273":{"start":{"line":936,"column":4},"end":{"line":968,"column":5}},"274":{"start":{"line":937,"column":27},"end":{"line":937,"column":45}},"275":{"start":{"line":938,"column":26},"end":{"line":938,"column":53}},"276":{"start":{"line":939,"column":8},"end":{"line":941,"column":9}},"277":{"start":{"line":940,"column":12},"end":{"line":940,"column":112}},"278":{"start":{"line":942,"column":8},"end":{"line":944,"column":9}},"279":{"start":{"line":943,"column":12},"end":{"line":943,"column":101}},"280":{"start":{"line":946,"column":27},"end":{"line":946,"column":128}},"281":{"start":{"line":947,"column":8},"end":{"line":949,"column":9}},"282":{"start":{"line":948,"column":12},"end":{"line":948,"column":104}},"283":{"start":{"line":951,"column":30},"end":{"line":951,"column":128}},"284":{"start":{"line":952,"column":8},"end":{"line":954,"column":9}},"285":{"start":{"line":953,"column":12},"end":{"line":953,"column":123}},"286":{"start":{"line":955,"column":25},"end":{"line":955,"column":82}},"287":{"start":{"line":956,"column":26},"end":{"line":956,"column":46}},"288":{"start":{"line":957,"column":25},"end":{"line":960,"column":9}},"289":{"start":{"line":961,"column":8},"end":{"line":964,"column":11}},"290":{"start":{"line":966,"column":8},"end":{"line":966,"column":60}},"291":{"start":{"line":967,"column":8},"end":{"line":967,"column":99}},"292":{"start":{"line":972,"column":0},"end":{"line":997,"column":3}},"293":{"start":{"line":973,"column":4},"end":{"line":996,"column":5}},"294":{"start":{"line":974,"column":27},"end":{"line":974,"column":45}},"295":{"start":{"line":975,"column":26},"end":{"line":975,"column":60}},"296":{"start":{"line":976,"column":24},"end":{"line":976,"column":56}},"297":{"start":{"line":977,"column":8},"end":{"line":979,"column":9}},"298":{"start":{"line":978,"column":12},"end":{"line":978,"column":99}},"299":{"start":{"line":981,"column":27},"end":{"line":981,"column":128}},"300":{"start":{"line":982,"column":8},"end":{"line":984,"column":9}},"301":{"start":{"line":983,"column":12},"end":{"line":983,"column":104}},"302":{"start":{"line":986,"column":25},"end":{"line":986,"column":139}},"303":{"start":{"line":987,"column":8},"end":{"line":989,"column":9}},"304":{"start":{"line":988,"column":12},"end":{"line":988,"column":95}},"305":{"start":{"line":990,"column":8},"end":{"line":990,"column":49}},"306":{"start":{"line":991,"column":8},"end":{"line":991,"column":79}},"307":{"start":{"line":992,"column":8},"end":{"line":992,"column":87}},"308":{"start":{"line":994,"column":8},"end":{"line":994,"column":60}},"309":{"start":{"line":995,"column":8},"end":{"line":995,"column":96}},"310":{"start":{"line":1000,"column":0},"end":{"line":1061,"column":3}},"311":{"start":{"line":1001,"column":4},"end":{"line":1060,"column":5}},"312":{"start":{"line":1002,"column":27},"end":{"line":1002,"column":45}},"313":{"start":{"line":1004,"column":35},"end":{"line":1008,"column":9}},"314":{"start":{"line":1010,"column":30},"end":{"line":1014,"column":9}},"315":{"start":{"line":1016,"column":38},"end":{"line":1023,"column":9}},"316":{"start":{"line":1025,"column":34},"end":{"line":1032,"column":9}},"317":{"start":{"line":1034,"column":30},"end":{"line":1043,"column":9}},"318":{"start":{"line":1045,"column":31},"end":{"line":1045,"column":79}},"319":{"start":{"line":1046,"column":31},"end":{"line":1046,"column":86}},"320":{"start":{"line":1047,"column":30},"end":{"line":1047,"column":106}},"321":{"start":{"line":1049,"column":8},"end":{"line":1056,"column":11}},"322":{"start":{"line":1058,"column":8},"end":{"line":1058,"column":58}},"323":{"start":{"line":1059,"column":8},"end":{"line":1059,"column":109}},"324":{"start":{"line":1064,"column":0},"end":{"line":1117,"column":3}},"325":{"start":{"line":1065,"column":4},"end":{"line":1116,"column":5}},"326":{"start":{"line":1066,"column":27},"end":{"line":1066,"column":45}},"327":{"start":{"line":1067,"column":23},"end":{"line":1067,"column":80}},"328":{"start":{"line":1069,"column":30},"end":{"line":1077,"column":61}},"329":{"start":{"line":1078,"column":33},"end":{"line":1078,"column":45}},"330":{"start":{"line":1080,"column":8},"end":{"line":1083,"column":9}},"331":{"start":{"line":1081,"column":12},"end":{"line":1081,"column":72}},"332":{"start":{"line":1082,"column":12},"end":{"line":1082,"column":50}},"333":{"start":{"line":1084,"column":8},"end":{"line":1084,"column":76}},"334":{"start":{"line":1086,"column":38},"end":{"line":1086,"column":89}},"335":{"start":{"line":1088,"column":25},"end":{"line":1097,"column":73}},"336":{"start":{"line":1098,"column":28},"end":{"line":1098,"column":40}},"337":{"start":{"line":1100,"column":8},"end":{"line":1103,"column":9}},"338":{"start":{"line":1101,"column":12},"end":{"line":1101,"column":79}},"339":{"start":{"line":1102,"column":12},"end":{"line":1102,"column":45}},"340":{"start":{"line":1104,"column":8},"end":{"line":1104,"column":80}},"341":{"start":{"line":1106,"column":33},"end":{"line":1106,"column":74}},"342":{"start":{"line":1108,"column":26},"end":{"line":1110,"column":9}},"343":{"start":{"line":1109,"column":22},"end":{"line":1109,"column":83}},"344":{"start":{"line":1112,"column":8},"end":{"line":1112,"column":64}},"345":{"start":{"line":1114,"column":8},"end":{"line":1114,"column":53}},"346":{"start":{"line":1115,"column":8},"end":{"line":1115,"column":106}},"347":{"start":{"line":1120,"column":0},"end":{"line":1174,"column":3}},"348":{"start":{"line":1121,"column":4},"end":{"line":1173,"column":5}},"349":{"start":{"line":1122,"column":27},"end":{"line":1122,"column":45}},"350":{"start":{"line":1123,"column":23},"end":{"line":1123,"column":54}},"351":{"start":{"line":1125,"column":8},"end":{"line":1127,"column":9}},"352":{"start":{"line":1126,"column":12},"end":{"line":1126,"column":111}},"353":{"start":{"line":1129,"column":24},"end":{"line":1132,"column":9}},"354":{"start":{"line":1134,"column":8},"end":{"line":1136,"column":9}},"355":{"start":{"line":1135,"column":12},"end":{"line":1135,"column":103}},"356":{"start":{"line":1138,"column":31},"end":{"line":1146,"column":9}},"357":{"start":{"line":1148,"column":27},"end":{"line":1148,"column":95}},"358":{"start":{"line":1148,"column":59},"end":{"line":1148,"column":91}},"359":{"start":{"line":1150,"column":26},"end":{"line":1156,"column":9}},"360":{"start":{"line":1158,"column":8},"end":{"line":1169,"column":11}},"361":{"start":{"line":1171,"column":8},"end":{"line":1171,"column":63}},"362":{"start":{"line":1172,"column":8},"end":{"line":1172,"column":104}},"363":{"start":{"line":1177,"column":0},"end":{"line":1224,"column":3}},"364":{"start":{"line":1178,"column":4},"end":{"line":1223,"column":5}},"365":{"start":{"line":1179,"column":27},"end":{"line":1179,"column":45}},"366":{"start":{"line":1180,"column":22},"end":{"line":1180,"column":41}},"367":{"start":{"line":1182,"column":8},"end":{"line":1184,"column":9}},"368":{"start":{"line":1183,"column":12},"end":{"line":1183,"column":105}},"369":{"start":{"line":1186,"column":31},"end":{"line":1195,"column":9}},"370":{"start":{"line":1197,"column":8},"end":{"line":1199,"column":9}},"371":{"start":{"line":1198,"column":12},"end":{"line":1198,"column":105}},"372":{"start":{"line":1201,"column":27},"end":{"line":1201,"column":95}},"373":{"start":{"line":1201,"column":59},"end":{"line":1201,"column":91}},"374":{"start":{"line":1202,"column":22},"end":{"line":1202,"column":59}},"375":{"start":{"line":1204,"column":8},"end":{"line":1219,"column":11}},"376":{"start":{"line":1221,"column":8},"end":{"line":1221,"column":58}},"377":{"start":{"line":1222,"column":8},"end":{"line":1222,"column":110}},"378":{"start":{"line":1227,"column":0},"end":{"line":1287,"column":3}},"379":{"start":{"line":1228,"column":4},"end":{"line":1286,"column":5}},"380":{"start":{"line":1229,"column":27},"end":{"line":1229,"column":45}},"381":{"start":{"line":1230,"column":39},"end":{"line":1230,"column":51}},"382":{"start":{"line":1232,"column":8},"end":{"line":1234,"column":9}},"383":{"start":{"line":1233,"column":12},"end":{"line":1233,"column":118}},"384":{"start":{"line":1237,"column":30},"end":{"line":1240,"column":9}},"385":{"start":{"line":1242,"column":8},"end":{"line":1244,"column":9}},"386":{"start":{"line":1243,"column":12},"end":{"line":1243,"column":98}},"387":{"start":{"line":1246,"column":26},"end":{"line":1246,"column":45}},"388":{"start":{"line":1249,"column":8},"end":{"line":1274,"column":9}},"389":{"start":{"line":1251,"column":28},"end":{"line":1256,"column":13}},"390":{"start":{"line":1257,"column":12},"end":{"line":1259,"column":13}},"391":{"start":{"line":1258,"column":16},"end":{"line":1258,"column":102}},"392":{"start":{"line":1260,"column":12},"end":{"line":1260,"column":43}},"393":{"start":{"line":1261,"column":12},"end":{"line":1261,"column":41}},"394":{"start":{"line":1264,"column":29},"end":{"line":1268,"column":13}},"395":{"start":{"line":1269,"column":12},"end":{"line":1271,"column":13}},"396":{"start":{"line":1270,"column":16},"end":{"line":1270,"column":109}},"397":{"start":{"line":1272,"column":12},"end":{"line":1272,"column":50}},"398":{"start":{"line":1273,"column":12},"end":{"line":1273,"column":48}},"399":{"start":{"line":1276,"column":8},"end":{"line":1278,"column":9}},"400":{"start":{"line":1277,"column":12},"end":{"line":1277,"column":107}},"401":{"start":{"line":1280,"column":8},"end":{"line":1280,"column":122}},"402":{"start":{"line":1282,"column":8},"end":{"line":1282,"column":96}},"403":{"start":{"line":1284,"column":8},"end":{"line":1284,"column":53}},"404":{"start":{"line":1285,"column":8},"end":{"line":1285,"column":105}},"405":{"start":{"line":1289,"column":0},"end":{"line":1289,"column":24}}},"fnMap":{"0":{"name":"(anonymous_0)","decl":{"start":{"line":11,"column":23},"end":{"line":11,"column":24}},"loc":{"start":{"line":11,"column":49},"end":{"line":45,"column":1}},"line":11},"1":{"name":"(anonymous_1)","decl":{"start":{"line":51,"column":26},"end":{"line":51,"column":27}},"loc":{"start":{"line":51,"column":55},"end":{"line":133,"column":1}},"line":51},"2":{"name":"(anonymous_2)","decl":{"start":{"line":136,"column":29},"end":{"line":136,"column":30}},"loc":{"start":{"line":136,"column":58},"end":{"line":169,"column":1}},"line":136},"3":{"name":"(anonymous_3)","decl":{"start":{"line":172,"column":33},"end":{"line":172,"column":34}},"loc":{"start":{"line":172,"column":62},"end":{"line":197,"column":1}},"line":172},"4":{"name":"(anonymous_4)","decl":{"start":{"line":200,"column":28},"end":{"line":200,"column":29}},"loc":{"start":{"line":200,"column":57},"end":{"line":252,"column":1}},"line":200},"5":{"name":"(anonymous_5)","decl":{"start":{"line":255,"column":32},"end":{"line":255,"column":33}},"loc":{"start":{"line":255,"column":61},"end":{"line":312,"column":1}},"line":255},"6":{"name":"formatLocalDatetime","decl":{"start":{"line":316,"column":9},"end":{"line":316,"column":28}},"loc":{"start":{"line":316,"column":35},"end":{"line":324,"column":1}},"line":316},"7":{"name":"(anonymous_7)","decl":{"start":{"line":326,"column":29},"end":{"line":326,"column":30}},"loc":{"start":{"line":326,"column":58},"end":{"line":515,"column":1}},"line":326},"8":{"name":"formatDateTimeLocal","decl":{"start":{"line":422,"column":17},"end":{"line":422,"column":36}},"loc":{"start":{"line":422,"column":43},"end":{"line":430,"column":9}},"line":422},"9":{"name":"formatDateLocal","decl":{"start":{"line":432,"column":17},"end":{"line":432,"column":32}},"loc":{"start":{"line":432,"column":39},"end":{"line":437,"column":9}},"line":432},"10":{"name":"(anonymous_10)","decl":{"start":{"line":470,"column":53},"end":{"line":470,"column":54}},"loc":{"start":{"line":470,"column":62},"end":{"line":474,"column":9}},"line":470},"11":{"name":"(anonymous_11)","decl":{"start":{"line":518,"column":35},"end":{"line":518,"column":36}},"loc":{"start":{"line":518,"column":64},"end":{"line":614,"column":1}},"line":518},"12":{"name":"(anonymous_12)","decl":{"start":{"line":588,"column":21},"end":{"line":588,"column":22}},"loc":{"start":{"line":588,"column":28},"end":{"line":590,"column":13}},"line":588},"13":{"name":"(anonymous_13)","decl":{"start":{"line":601,"column":16},"end":{"line":601,"column":17}},"loc":{"start":{"line":601,"column":23},"end":{"line":601,"column":67}},"line":601},"14":{"name":"(anonymous_14)","decl":{"start":{"line":617,"column":41},"end":{"line":617,"column":42}},"loc":{"start":{"line":617,"column":70},"end":{"line":677,"column":1}},"line":617},"15":{"name":"(anonymous_15)","decl":{"start":{"line":680,"column":24},"end":{"line":680,"column":25}},"loc":{"start":{"line":680,"column":53},"end":{"line":720,"column":1}},"line":680},"16":{"name":"(anonymous_16)","decl":{"start":{"line":704,"column":48},"end":{"line":704,"column":49}},"loc":{"start":{"line":704,"column":54},"end":{"line":707,"column":9}},"line":704},"17":{"name":"(anonymous_17)","decl":{"start":{"line":706,"column":44},"end":{"line":706,"column":45}},"loc":{"start":{"line":706,"column":51},"end":{"line":706,"column":63}},"line":706},"18":{"name":"(anonymous_18)","decl":{"start":{"line":723,"column":25},"end":{"line":723,"column":26}},"loc":{"start":{"line":723,"column":54},"end":{"line":768,"column":1}},"line":723},"19":{"name":"(anonymous_19)","decl":{"start":{"line":771,"column":28},"end":{"line":771,"column":29}},"loc":{"start":{"line":771,"column":57},"end":{"line":845,"column":1}},"line":771},"20":{"name":"(anonymous_20)","decl":{"start":{"line":848,"column":31},"end":{"line":848,"column":32}},"loc":{"start":{"line":848,"column":60},"end":{"line":907,"column":1}},"line":848},"21":{"name":"(anonymous_21)","decl":{"start":{"line":911,"column":35},"end":{"line":911,"column":36}},"loc":{"start":{"line":911,"column":64},"end":{"line":932,"column":1}},"line":911},"22":{"name":"(anonymous_22)","decl":{"start":{"line":935,"column":67},"end":{"line":935,"column":68}},"loc":{"start":{"line":935,"column":96},"end":{"line":969,"column":1}},"line":935},"23":{"name":"(anonymous_23)","decl":{"start":{"line":972,"column":54},"end":{"line":972,"column":55}},"loc":{"start":{"line":972,"column":83},"end":{"line":997,"column":1}},"line":972},"24":{"name":"(anonymous_24)","decl":{"start":{"line":1000,"column":31},"end":{"line":1000,"column":32}},"loc":{"start":{"line":1000,"column":60},"end":{"line":1061,"column":1}},"line":1000},"25":{"name":"(anonymous_25)","decl":{"start":{"line":1064,"column":25},"end":{"line":1064,"column":26}},"loc":{"start":{"line":1064,"column":54},"end":{"line":1117,"column":1}},"line":1064},"26":{"name":"(anonymous_26)","decl":{"start":{"line":1109,"column":12},"end":{"line":1109,"column":13}},"loc":{"start":{"line":1109,"column":22},"end":{"line":1109,"column":83}},"line":1109},"27":{"name":"(anonymous_27)","decl":{"start":{"line":1120,"column":44},"end":{"line":1120,"column":45}},"loc":{"start":{"line":1120,"column":73},"end":{"line":1174,"column":1}},"line":1120},"28":{"name":"(anonymous_28)","decl":{"start":{"line":1148,"column":47},"end":{"line":1148,"column":48}},"loc":{"start":{"line":1148,"column":59},"end":{"line":1148,"column":91}},"line":1148},"29":{"name":"(anonymous_29)","decl":{"start":{"line":1177,"column":31},"end":{"line":1177,"column":32}},"loc":{"start":{"line":1177,"column":60},"end":{"line":1224,"column":1}},"line":1177},"30":{"name":"(anonymous_30)","decl":{"start":{"line":1201,"column":47},"end":{"line":1201,"column":48}},"loc":{"start":{"line":1201,"column":59},"end":{"line":1201,"column":91}},"line":1201},"31":{"name":"(anonymous_31)","decl":{"start":{"line":1227,"column":33},"end":{"line":1227,"column":34}},"loc":{"start":{"line":1227,"column":62},"end":{"line":1287,"column":1}},"line":1227}},"branchMap":{"0":{"loc":{"start":{"line":21,"column":8},"end":{"line":26,"column":9}},"type":"if","locations":[{"start":{"line":21,"column":8},"end":{"line":26,"column":9}},{"start":{},"end":{}}],"line":21},"1":{"loc":{"start":{"line":28,"column":8},"end":{"line":33,"column":9}},"type":"if","locations":[{"start":{"line":28,"column":8},"end":{"line":33,"column":9}},{"start":{},"end":{}}],"line":28},"2":{"loc":{"start":{"line":121,"column":31},"end":{"line":121,"column":58}},"type":"binary-expr","locations":[{"start":{"line":121,"column":31},"end":{"line":121,"column":53}},{"start":{"line":121,"column":57},"end":{"line":121,"column":58}}],"line":121},"3":{"loc":{"start":{"line":148,"column":8},"end":{"line":153,"column":9}},"type":"if","locations":[{"start":{"line":148,"column":8},"end":{"line":153,"column":9}},{"start":{},"end":{}}],"line":148},"4":{"loc":{"start":{"line":159,"column":25},"end":{"line":159,"column":43}},"type":"binary-expr","locations":[{"start":{"line":159,"column":25},"end":{"line":159,"column":38}},{"start":{"line":159,"column":42},"end":{"line":159,"column":43}}],"line":159},"5":{"loc":{"start":{"line":160,"column":25},"end":{"line":160,"column":44}},"type":"binary-expr","locations":[{"start":{"line":160,"column":25},"end":{"line":160,"column":38}},{"start":{"line":160,"column":42},"end":{"line":160,"column":44}}],"line":160},"6":{"loc":{"start":{"line":177,"column":8},"end":{"line":182,"column":9}},"type":"if","locations":[{"start":{"line":177,"column":8},"end":{"line":182,"column":9}},{"start":{},"end":{}}],"line":177},"7":{"loc":{"start":{"line":177,"column":12},"end":{"line":177,"column":34}},"type":"binary-expr","locations":[{"start":{"line":177,"column":12},"end":{"line":177,"column":22}},{"start":{"line":177,"column":26},"end":{"line":177,"column":34}}],"line":177},"8":{"loc":{"start":{"line":232,"column":8},"end":{"line":235,"column":9}},"type":"if","locations":[{"start":{"line":232,"column":8},"end":{"line":235,"column":9}},{"start":{},"end":{}}],"line":232},"9":{"loc":{"start":{"line":232,"column":12},"end":{"line":232,"column":32}},"type":"binary-expr","locations":[{"start":{"line":232,"column":12},"end":{"line":232,"column":21}},{"start":{"line":232,"column":25},"end":{"line":232,"column":32}}],"line":232},"10":{"loc":{"start":{"line":261,"column":8},"end":{"line":266,"column":9}},"type":"if","locations":[{"start":{"line":261,"column":8},"end":{"line":266,"column":9}},{"start":{},"end":{}}],"line":261},"11":{"loc":{"start":{"line":294,"column":8},"end":{"line":299,"column":9}},"type":"if","locations":[{"start":{"line":294,"column":8},"end":{"line":299,"column":9}},{"start":{},"end":{}}],"line":294},"12":{"loc":{"start":{"line":332,"column":8},"end":{"line":337,"column":9}},"type":"if","locations":[{"start":{"line":332,"column":8},"end":{"line":337,"column":9}},{"start":{},"end":{}}],"line":332},"13":{"loc":{"start":{"line":332,"column":12},"end":{"line":332,"column":79}},"type":"binary-expr","locations":[{"start":{"line":332,"column":12},"end":{"line":332,"column":22}},{"start":{"line":332,"column":26},"end":{"line":332,"column":37}},{"start":{"line":332,"column":41},"end":{"line":332,"column":58}},{"start":{"line":332,"column":62},"end":{"line":332,"column":79}}],"line":332},"14":{"loc":{"start":{"line":345,"column":8},"end":{"line":350,"column":9}},"type":"if","locations":[{"start":{"line":345,"column":8},"end":{"line":350,"column":9}},{"start":{},"end":{}}],"line":345},"15":{"loc":{"start":{"line":357,"column":28},"end":{"line":357,"column":58}},"type":"binary-expr","locations":[{"start":{"line":357,"column":28},"end":{"line":357,"column":53}},{"start":{"line":357,"column":57},"end":{"line":357,"column":58}}],"line":357},"16":{"loc":{"start":{"line":358,"column":28},"end":{"line":358,"column":59}},"type":"binary-expr","locations":[{"start":{"line":358,"column":28},"end":{"line":358,"column":53}},{"start":{"line":358,"column":57},"end":{"line":358,"column":59}}],"line":358},"17":{"loc":{"start":{"line":368,"column":8},"end":{"line":373,"column":9}},"type":"if","locations":[{"start":{"line":368,"column":8},"end":{"line":373,"column":9}},{"start":{},"end":{}}],"line":368},"18":{"loc":{"start":{"line":368,"column":12},"end":{"line":368,"column":63}},"type":"binary-expr","locations":[{"start":{"line":368,"column":12},"end":{"line":368,"column":35}},{"start":{"line":368,"column":39},"end":{"line":368,"column":63}}],"line":368},"19":{"loc":{"start":{"line":376,"column":8},"end":{"line":419,"column":9}},"type":"if","locations":[{"start":{"line":376,"column":8},"end":{"line":419,"column":9}},{"start":{"line":384,"column":15},"end":{"line":419,"column":9}}],"line":376},"20":{"loc":{"start":{"line":378,"column":12},"end":{"line":383,"column":13}},"type":"if","locations":[{"start":{"line":378,"column":12},"end":{"line":383,"column":13}},{"start":{},"end":{}}],"line":378},"21":{"loc":{"start":{"line":378,"column":16},"end":{"line":378,"column":42}},"type":"binary-expr","locations":[{"start":{"line":378,"column":16},"end":{"line":378,"column":27}},{"start":{"line":378,"column":31},"end":{"line":378,"column":42}}],"line":378},"22":{"loc":{"start":{"line":386,"column":12},"end":{"line":391,"column":13}},"type":"if","locations":[{"start":{"line":386,"column":12},"end":{"line":391,"column":13}},{"start":{},"end":{}}],"line":386},"23":{"loc":{"start":{"line":399,"column":12},"end":{"line":418,"column":13}},"type":"if","locations":[{"start":{"line":399,"column":12},"end":{"line":418,"column":13}},{"start":{"line":407,"column":19},"end":{"line":418,"column":13}}],"line":399},"24":{"loc":{"start":{"line":405,"column":39},"end":{"line":405,"column":65}},"type":"binary-expr","locations":[{"start":{"line":405,"column":39},"end":{"line":405,"column":57}},{"start":{"line":405,"column":61},"end":{"line":405,"column":65}}],"line":405},"25":{"loc":{"start":{"line":415,"column":58},"end":{"line":415,"column":84}},"type":"binary-expr","locations":[{"start":{"line":415,"column":58},"end":{"line":415,"column":76}},{"start":{"line":415,"column":80},"end":{"line":415,"column":84}}],"line":415},"26":{"loc":{"start":{"line":460,"column":8},"end":{"line":465,"column":9}},"type":"if","locations":[{"start":{"line":460,"column":8},"end":{"line":465,"column":9}},{"start":{},"end":{}}],"line":460},"27":{"loc":{"start":{"line":473,"column":19},"end":{"line":473,"column":77}},"type":"binary-expr","locations":[{"start":{"line":473,"column":19},"end":{"line":473,"column":46}},{"start":{"line":473,"column":50},"end":{"line":473,"column":77}}],"line":473},"28":{"loc":{"start":{"line":476,"column":8},"end":{"line":481,"column":9}},"type":"if","locations":[{"start":{"line":476,"column":8},"end":{"line":481,"column":9}},{"start":{},"end":{}}],"line":476},"29":{"loc":{"start":{"line":495,"column":16},"end":{"line":495,"column":39}},"type":"binary-expr","locations":[{"start":{"line":495,"column":16},"end":{"line":495,"column":31}},{"start":{"line":495,"column":35},"end":{"line":495,"column":39}}],"line":495},"30":{"loc":{"start":{"line":497,"column":16},"end":{"line":497,"column":50}},"type":"cond-expr","locations":[{"start":{"line":497,"column":27},"end":{"line":497,"column":43}},{"start":{"line":497,"column":46},"end":{"line":497,"column":50}}],"line":497},"31":{"loc":{"start":{"line":498,"column":16},"end":{"line":498,"column":62}},"type":"cond-expr","locations":[{"start":{"line":498,"column":28},"end":{"line":498,"column":54}},{"start":{"line":498,"column":58},"end":{"line":498,"column":62}}],"line":498},"32":{"loc":{"start":{"line":498,"column":28},"end":{"line":498,"column":54}},"type":"binary-expr","locations":[{"start":{"line":498,"column":28},"end":{"line":498,"column":46}},{"start":{"line":498,"column":50},"end":{"line":498,"column":54}}],"line":498},"33":{"loc":{"start":{"line":499,"column":16},"end":{"line":499,"column":62}},"type":"cond-expr","locations":[{"start":{"line":499,"column":28},"end":{"line":499,"column":54}},{"start":{"line":499,"column":58},"end":{"line":499,"column":62}}],"line":499},"34":{"loc":{"start":{"line":499,"column":28},"end":{"line":499,"column":54}},"type":"binary-expr","locations":[{"start":{"line":499,"column":28},"end":{"line":499,"column":46}},{"start":{"line":499,"column":50},"end":{"line":499,"column":54}}],"line":499},"35":{"loc":{"start":{"line":524,"column":8},"end":{"line":529,"column":9}},"type":"if","locations":[{"start":{"line":524,"column":8},"end":{"line":529,"column":9}},{"start":{},"end":{}}],"line":524},"36":{"loc":{"start":{"line":549,"column":8},"end":{"line":554,"column":9}},"type":"if","locations":[{"start":{"line":549,"column":8},"end":{"line":554,"column":9}},{"start":{},"end":{}}],"line":549},"37":{"loc":{"start":{"line":559,"column":8},"end":{"line":565,"column":9}},"type":"if","locations":[{"start":{"line":559,"column":8},"end":{"line":565,"column":9}},{"start":{},"end":{}}],"line":559},"38":{"loc":{"start":{"line":567,"column":8},"end":{"line":572,"column":9}},"type":"if","locations":[{"start":{"line":567,"column":8},"end":{"line":572,"column":9}},{"start":{},"end":{}}],"line":567},"39":{"loc":{"start":{"line":581,"column":8},"end":{"line":591,"column":9}},"type":"if","locations":[{"start":{"line":581,"column":8},"end":{"line":591,"column":9}},{"start":{},"end":{}}],"line":581},"40":{"loc":{"start":{"line":581,"column":12},"end":{"line":581,"column":61}},"type":"binary-expr","locations":[{"start":{"line":581,"column":12},"end":{"line":581,"column":31}},{"start":{"line":581,"column":35},"end":{"line":581,"column":61}}],"line":581},"41":{"loc":{"start":{"line":624,"column":8},"end":{"line":629,"column":9}},"type":"if","locations":[{"start":{"line":624,"column":8},"end":{"line":629,"column":9}},{"start":{},"end":{}}],"line":624},"42":{"loc":{"start":{"line":632,"column":8},"end":{"line":637,"column":9}},"type":"if","locations":[{"start":{"line":632,"column":8},"end":{"line":637,"column":9}},{"start":{},"end":{}}],"line":632},"43":{"loc":{"start":{"line":645,"column":8},"end":{"line":650,"column":9}},"type":"if","locations":[{"start":{"line":645,"column":8},"end":{"line":650,"column":9}},{"start":{},"end":{}}],"line":645},"44":{"loc":{"start":{"line":653,"column":8},"end":{"line":659,"column":9}},"type":"if","locations":[{"start":{"line":653,"column":8},"end":{"line":659,"column":9}},{"start":{},"end":{}}],"line":653},"45":{"loc":{"start":{"line":706,"column":21},"end":{"line":706,"column":35}},"type":"binary-expr","locations":[{"start":{"line":706,"column":21},"end":{"line":706,"column":29}},{"start":{"line":706,"column":33},"end":{"line":706,"column":35}}],"line":706},"46":{"loc":{"start":{"line":729,"column":8},"end":{"line":734,"column":9}},"type":"if","locations":[{"start":{"line":729,"column":8},"end":{"line":734,"column":9}},{"start":{},"end":{}}],"line":729},"47":{"loc":{"start":{"line":729,"column":12},"end":{"line":729,"column":48}},"type":"binary-expr","locations":[{"start":{"line":729,
[...]
:71}},{"start":{},"end":{}}],"line":559},"39":{"loc":{"start":{"line":560,"column":16},"end":{"line":560,"column":63}},"type":"if","locations":[{"start":{"line":560,"column":16},"end":{"line":560,"column":63}},{"start":{},"end":{}}],"line":560},"40":{"loc":{"start":{"line":565,"column":12},"end":{"line":570,"column":13}},"type":"if","locations":[{"start":{"line":565,"column":12},"end":{"line":570,"column":13}},{"start":{},"end":{}}],"line":565},"41":{"loc":{"start":{"line":576,"column":53},"end":{"line":576,"column":66}},"type":"binary-expr","locations":[{"start":{"line":576,"column":53},"end":{"line":576,"column":58}},{"start":{"line":576,"column":62},"end":{"line":576,"column":66}}],"line":576},"42":{"loc":{"start":{"line":589,"column":12},"end":{"line":589,"column":33}},"type":"binary-expr","locations":[{"start":{"line":589,"column":12},"end":{"line":589,"column":24}},{"start":{"line":589,"column":28},"end":{"line":589,"column":33}}],"line":589},"43":{"loc":{"start":{"line":590,"column":12},"end":{"line":590,"column":38}},"type":"binary-expr","locations":[{"start":{"line":590,"column":12},"end":{"line":590,"column":30}},{"start":{"line":590,"column":34},"end":{"line":590,"column":38}}],"line":590},"44":{"loc":{"start":{"line":591,"column":12},"end":{"line":591,"column":68}},"type":"cond-expr","locations":[{"start":{"line":591,"column":30},"end":{"line":591,"column":61}},{"start":{"line":591,"column":64},"end":{"line":591,"column":68}}],"line":591},"45":{"loc":{"start":{"line":592,"column":12},"end":{"line":592,"column":39}},"type":"binary-expr","locations":[{"start":{"line":592,"column":12},"end":{"line":592,"column":31}},{"start":{"line":592,"column":35},"end":{"line":592,"column":39}}],"line":592},"46":{"loc":{"start":{"line":593,"column":12},"end":{"line":593,"column":25}},"type":"binary-expr","locations":[{"start":{"line":593,"column":12},"end":{"line":593,"column":17}},{"start":{"line":593,"column":21},"end":{"line":593,"column":25}}],"line":593},"47":{"loc":{"start":{"line":609,"column":42},"end":{"line":609,"column":63}},"type":"binary-expr","locations":[{"start":{"line":609,"column":42},"end":{"line":609,"column":54}},{"start":{"line":609,"column":58},"end":{"line":609,"column":63}}],"line":609},"48":{"loc":{"start":{"line":610,"column":12},"end":{"line":610,"column":38}},"type":"binary-expr","locations":[{"start":{"line":610,"column":12},"end":{"line":610,"column":30}},{"start":{"line":610,"column":34},"end":{"line":610,"column":38}}],"line":610},"49":{"loc":{"start":{"line":611,"column":12},"end":{"line":611,"column":68}},"type":"cond-expr","locations":[{"start":{"line":611,"column":30},"end":{"line":611,"column":61}},{"start":{"line":611,"column":64},"end":{"line":611,"column":68}}],"line":611},"50":{"loc":{"start":{"line":612,"column":12},"end":{"line":612,"column":39}},"type":"binary-expr","locations":[{"start":{"line":612,"column":12},"end":{"line":612,"column":31}},{"start":{"line":612,"column":35},"end":{"line":612,"column":39}}],"line":612},"51":{"loc":{"start":{"line":613,"column":12},"end":{"line":613,"column":25}},"type":"binary-expr","locations":[{"start":{"line":613,"column":12},"end":{"line":613,"column":17}},{"start":{"line":613,"column":21},"end":{"line":613,"column":25}}],"line":613},"52":{"loc":{"start":{"line":639,"column":11},"end":{"line":639,"column":43}},"type":"cond-expr","locations":[{"start":{"line":639,"column":29},"end":{"line":639,"column":36}},{"start":{"line":639,"column":39},"end":{"line":639,"column":43}}],"line":639},"53":{"loc":{"start":{"line":646,"column":24},"end":{"line":646,"column":54}},"type":"binary-expr","locations":[{"start":{"line":646,"column":24},"end":{"line":646,"column":49}},{"start":{"line":646,"column":53},"end":{"line":646,"column":54}}],"line":646},"54":{"loc":{"start":{"line":647,"column":24},"end":{"line":647,"column":55}},"type":"binary-expr","locations":[{"start":{"line":647,"column":24},"end":{"line":647,"column":49}},{"start":{"line":647,"column":53},"end":{"line":647,"column":55}}],"line":647},"55":{"loc":{"start":{"line":656,"column":4},"end":{"line":656,"column":32}},"type":"if","locations":[{"start":{"line":656,"column":4},"end":{"line":656,"column":32}},{"start":{},"end":{}}],"line":656},"56":{"loc":{"start":{"line":677,"column":8},"end":{"line":677,"column":69}},"type":"if","locations":[{"start":{"line":677,"column":8},"end":{"line":677,"column":69}},{"start":{},"end":{}}],"line":677},"57":{"loc":{"start":{"line":686,"column":8},"end":{"line":686,"column":69}},"type":"if","locations":[{"start":{"line":686,"column":8},"end":{"line":686,"column":69}},{"start":{},"end":{}}],"line":686},"58":{"loc":{"start":{"line":705,"column":26},"end":{"line":705,"column":56}},"type":"binary-expr","locations":[{"start":{"line":705,"column":26},"end":{"line":705,"column":50}},{"start":{"line":705,"column":54},"end":{"line":705,"column":56}}],"line":705},"59":{"loc":{"start":{"line":708,"column":8},"end":{"line":711,"column":9}},"type":"if","locations":[{"start":{"line":708,"column":8},"end":{"line":711,"column":9}},{"start":{},"end":{}}],"line":708},"60":{"loc":{"start":{"line":716,"column":22},"end":{"line":716,"column":61}},"type":"cond-expr","locations":[{"start":{"line":716,"column":43},"end":{"line":716,"column":50}},{"start":{"line":716,"column":53},"end":{"line":716,"column":61}}],"line":716},"61":{"loc":{"start":{"line":717,"column":22},"end":{"line":717,"column":59}},"type":"cond-expr","locations":[{"start":{"line":717,"column":42},"end":{"line":717,"column":50}},{"start":{"line":717,"column":53},"end":{"line":717,"column":59}}],"line":717},"62":{"loc":{"start":{"line":718,"column":12},"end":{"line":723,"column":13}},"type":"if","locations":[{"start":{"line":718,"column":12},"end":{"line":723,"column":13}},{"start":{},"end":{}}],"line":718},"63":{"loc":{"start":{"line":730,"column":12},"end":{"line":734,"column":13}},"type":"if","locations":[{"start":{"line":730,"column":12},"end":{"line":734,"column":13}},{"start":{"line":732,"column":19},"end":{"line":734,"column":13}}],"line":730},"64":{"loc":{"start":{"line":730,"column":16},"end":{"line":730,"column":79}},"type":"binary-expr","locations":[{"start":{"line":730,"column":16},"end":{"line":730,"column":35}},{"start":{"line":730,"column":39},"end":{"line":730,"column":79}}],"line":730},"65":{"loc":{"start":{"line":743,"column":8},"end":{"line":745,"column":9}},"type":"if","locations":[{"start":{"line":743,"column":8},"end":{"line":745,"column":9}},{"start":{},"end":{}}],"line":743},"66":{"loc":{"start":{"line":743,"column":12},"end":{"line":743,"column":75}},"type":"binary-expr","locations":[{"start":{"line":743,"column":12},"end":{"line":743,"column":31}},{"start":{"line":743,"column":35},"end":{"line":743,"column":75}}],"line":743},"67":{"loc":{"start":{"line":748,"column":8},"end":{"line":755,"column":9}},"type":"if","locations":[{"start":{"line":748,"column":8},"end":{"line":755,"column":9}},{"start":{},"end":{}}],"line":748},"68":{"loc":{"start":{"line":750,"column":16},"end":{"line":753,"column":17}},"type":"if","locations":[{"start":{"line":750,"column":16},"end":{"line":753,"column":17}},{"start":{},"end":{}}],"line":750},"69":{"loc":{"start":{"line":758,"column":8},"end":{"line":760,"column":9}},"type":"if","locations":[{"start":{"line":758,"column":8},"end":{"line":760,"column":9}},{"start":{},"end":{}}],"line":758},"70":{"loc":{"start":{"line":758,"column":12},"end":{"line":758,"column":103}},"type":"binary-expr","locations":[{"start":{"line":758,"column":12},"end":{"line":758,"column":23}},{"start":{"line":758,"column":27},"end":{"line":758,"column":44}},{"start":{"line":758,"column":48},"end":{"line":758,"column":103}}],"line":758},"71":{"loc":{"start":{"line":762,"column":8},"end":{"line":764,"column":9}},"type":"if","locations":[{"start":{"line":762,"column":8},"end":{"line":764,"column":9}},{"start":{},"end":{}}],"line":762},"72":{"loc":{"start":{"line":787,"column":58},"end":{"line":787,"column":74}},"type":"binary-expr","locations":[{"start":{"line":787,"column":58},"end":{"line":787,"column":66}},{"start":{"line":787,"column":70},"end":{"line":787,"column":74}}],"line":787},"73":{"loc":{"start":{"line":787,"column":76},"end":{"line":787,"column":90}},"type":"binary-expr","locations":[{"start":{"line":787,"column":76},"end":{"line":787,"column":82}},{"start":{"line":787,"column":86},"end":{"line":787,"column":90}}],"line":787},"74":{"loc":{"start":{"line":841,"column":54},"end":{"line":841,"column":63}},"type":"default-arg","locations":[{"start":{"line":841,"column":62},"end":{"line":841,"column":63}}],"line":841}},"s":{"0":1,"1":1,"2":0,"3":0,"4":0,"5":0,"6":0,"7":0,"8":0,"9":0,"10":0,"11":0,"12":0,"13":0,"14":0,"15":0,"16":0,"17":0,"18":0,"19":0,"20":0,"21":0,"22":0,"23":0,"24":0,"25":0,"26":0,"27":0,"28":0,"29":0,"30":0,"31":0,"32":0,"33":0,"34":0,"35":0,"36":0,"37":0,"38":0,"39":0,"40":0,"41":0,"42":0,"43":0,"44":0,"45":0,"46":0,"47":0,"48":0,"49":0,"50":0,"51":0,"52":0,"53":0,"54":0,"55":0,"56":0,"57":0,"58":0,"59":0,"60":0,"61":0,"62":0,"63":0,"64":0,"65":0,"66":0,"67":0,"68":0,"69":0,"70":0,"71":0,"72":0,"73":0,"74":0,"75":0,"76":0,"77":0,"78":0,"79":0,"80":0,"81":0,"82":0,"83":0,"84":0,"85":0,"86":0,"87":0,"88":0,"89":0,"90":0,"91":0,"92":0,"93":0,"94":0,"95":0,"96":0,"97":0,"98":0,"99":0,"100":0,"101":0,"102":0,"103":0,"104":0,"105":0,"106":0,"107":0,"108":0,"109":0,"110":0,"111":0,"112":0,"113":0,"114":0,"115":0,"116":0,"117":0,"118":0,"119":6,"120":6,"121":6,"122":6,"123":6,"124":6,"125":5,"126":2,"127":2,"128":2,"129":1,"130":3,"131":3,"132":3,"133":3,"134":3,"135":3,"136":3,"137":3,"138":3,"139":3,"140":3,"141":3,"142":3,"143":2,"144":2,"145":7,"146":1,"147":1,"148":1,"149":1,"150":5,"151":1,"152":3,"153":8,"154":8,"155":8,"156":8,"157":8,"158":6,"159":0,"160":0,"161":0,"162":0,"163":0,"164":0,"165":0,"166":0,"167":0,"168":0,"169":0,"170":0,"171":0,"172":0,"173":0,"174":0,"175":0,"176":0,"177":0,"178":0,"179":0,"180":0,"181":0,"182":0,"183":0,"184":0,"185":0,"186":0,"187":0,"188":0,"189":0,"190":0,"191":0,"192":0,"193":0,"194":0,"195":0,"196":0,"197":0,"198":0,"199":0,"200":0,"201":0,"202":0,"203":0,"204":0,"205":0,"206":0,"207":0,"208":0,"209":0,"210":0,"211":0,"212":0,"213":0,"214":0,"215":0,"216":0,"217":0,"218":0,"219":0,"220":0,"221":0,"222":0,"223":0,"224":0,"225":0,"226":0,"227":0,"228":0,"229":0,"230":0,"231":0,"232":0,"233":0,"234":0,"235":0,"236":0,"237":0,"238":0,"239":0,"240":0,"241":0,"242":0,"243":0,"244":0,"245":0,"246":0,"247":0,"248":0,"249":0,"250":0,"251":0,"252":0,"253":0,"254":0,"255":0,"256":0,"257":0,"258":0,"259":0,"260":0,"261":0,"262":0,"263":0,"264":0,"265":0,"266":0,"267":0,"268":0,"269":0,"270":0,"271":0,"272":0,"273":0,"274":0,"275":0,"276":0,"277":0,"278":0,"279":0,"280":0,"281":0,"282":0,"283":0,"284":1},"f":{"0":0,"1":0,"2":0,"3":0,"4":0,"5":0,"6":0,"7":0,"8":0,"9":0,"10":0,"11":0,"12":0,"13":0,"14":0,"15":0,"16":0,"17":0,"18":0,"19":0,"20":0,"21":0,"22":0,"23":0,"24":0,"25":0,"26":0,"27":0,"28":0,"29":6,"30":0,"31":0,"32":0,"33":0,"34":0,"35":0,"36":0,"37":0,"38":0,"39":0,"40":0,"41":0,"42":0,"43":0,"44":0,"45":0,"46":0,"47":0},"b":{"0":[1,1],"1":[1,1],"2":[0,0],"3":[0,0],"4":[0,0],"5":[0],"6":[0,0],"7":[0,0],"8":[0,0],"9":[0,0],"10":[0,0],"11":[0,0],"12":[0,0],"13":[0,0],"14":[0,0],"15":[0,0],"16":[0,0],"17":[0,0],"18":[0,0],"19":[0,0],"20":[0,0],"21":[0,0],"22":[0,0],"23":[2,3],"24":[1,1],"25":[2,1],"26":[1,2],"27":[1,2],"28":[0,3],"29":[2,1],"30":[1,0],"31":[1,0],"32":[0,0],"33":[1,4],"34":[0],"35":[0,0],"36":[0,0],"37":[0,0],"38":[0,0],"39":[0,0],"40":[0,0],"41":[0,0],"42":[0,0],"43":[0,0],"44":[0,0],"45":[0,0],"46":[0,0],"47":[0,0],"48":[0,0],"49":[0,0],"50":[0,0],"51":[0,0],"52":[0,0],"53":[0,0],"54":[0,0],"55":[0,0],"56":[0,0],"57":[0,0],"58":[0,0],"59":[0,0],"60":[0,0],"61":[0,0],"62":[0,0],"63":[0,0],"64":[0,0],"65":[0,0],"66":[0,0],"67":[0,0],"68":[0,0],"69":[0,0],"70":[0,0,0],"71":[0,0],"72":[0,0],"73":[0,0],"74":[0]},"_coverageSchema":"1a1c01bbd47fc00a2c39e90264f33305004495a9","hash":"aad59f636bcf1892ce08fd0f490f01ad62722668"}
,"/Users/tokaji-nagybence/Documents/GitHub/Bookly/bookly_project/backend/sql/users.js": {"path":"/Users/tokaji-nagybence/Documents/GitHub/Bookly/bookly_project/backend/sql/users.js","statementMap":{"0":{"start":{"line":1,"column":16},"end":{"line":1,"column":47}},"1":{"start":{"line":2,"column":15},"end":{"line":2,"column":39}},"2":{"start":{"line":3,"column":14},"end":{"line":3,"column":39}},"3":{"start":{"line":6,"column":18},"end":{"line":10,"column":1}},"4":{"start":{"line":7,"column":18},"end":{"line":7,"column":129}},"5":{"start":{"line":8,"column":19},"end":{"line":8,"column":54}},"6":{"start":{"line":9,"column":4},"end":{"line":9,"column":19}},"7":{"start":{"line":12,"column":21},"end":{"line":16,"column":1}},"8":{"start":{"line":13,"column":18},"end":{"line":13,"column":55}},"9":{"start":{"line":14,"column":19},"end":{"line":14,"column":53}},"10":{"start":{"line":15,"column":4},"end":{"line":15,"column":19}},"11":{"start":{"line":17,"column":15},"end":{"line":21,"column":1}},"12":{"start":{"line":18,"column":18},"end":{"line":18,"column":39}},"13":{"start":{"line":19,"column":19},"end":{"line":19,"column":44}},"14":{"start":{"line":20,"column":4},"end":{"line":20,"column":16}},"15":{"start":{"line":23,"column":14},"end":{"line":27,"column":1}},"16":{"start":{"line":24,"column":18},"end":{"line":24,"column":92}},"17":{"start":{"line":25,"column":21},"end":{"line":25,"column":83}},"18":{"start":{"line":26,"column":4},"end":{"line":26,"column":27}},"19":{"start":{"line":29,"column":26},"end":{"line":33,"column":1}},"20":{"start":{"line":30,"column":18},"end":{"line":30,"column":105}},"21":{"start":{"line":31,"column":21},"end":{"line":31,"column":93}},"22":{"start":{"line":32,"column":4},"end":{"line":32,"column":35}},"23":{"start":{"line":35,"column":27},"end":{"line":39,"column":1}},"24":{"start":{"line":36,"column":18},"end":{"line":36,"column":67}},"25":{"start":{"line":37,"column":21},"end":{"line":37,"column":72}},"26":{"start":{"line":38,"column":4},"end":{"line":38,"column":35}},"27":{"start":{"line":41,"column":28},"end":{"line":45,"column":1}},"28":{"start":{"line":42,"column":18},"end":{"line":42,"column":64}},"29":{"start":{"line":43,"column":19},"end":{"line":43,"column":54}},"30":{"start":{"line":44,"column":4},"end":{"line":44,"column":34}},"31":{"start":{"line":47,"column":25},"end":{"line":51,"column":1}},"32":{"start":{"line":48,"column":18},"end":{"line":48,"column":68}},"33":{"start":{"line":49,"column":19},"end":{"line":49,"column":68}},"34":{"start":{"line":50,"column":4},"end":{"line":50,"column":27}},"35":{"start":{"line":53,"column":19},"end":{"line":67,"column":1}},"36":{"start":{"line":56,"column":18},"end":{"line":64,"column":5}},"37":{"start":{"line":65,"column":21},"end":{"line":65,"column":56}},"38":{"start":{"line":66,"column":4},"end":{"line":66,"column":35}},"39":{"start":{"line":69,"column":20},"end":{"line":81,"column":1}},"40":{"start":{"line":71,"column":18},"end":{"line":78,"column":5}},"41":{"start":{"line":79,"column":21},"end":{"line":79,"column":56}},"42":{"start":{"line":80,"column":4},"end":{"line":80,"column":35}},"43":{"start":{"line":83,"column":30},"end":{"line":88,"column":1}},"44":{"start":{"line":85,"column":18},"end":{"line":85,"column":50}},"45":{"start":{"line":86,"column":21},"end":{"line":86,"column":56}},"46":{"start":{"line":87,"column":4},"end":{"line":87,"column":35}},"47":{"start":{"line":92,"column":21},"end":{"line":104,"column":1}},"48":{"start":{"line":93,"column":18},"end":{"line":101,"column":5}},"49":{"start":{"line":102,"column":21},"end":{"line":102,"column":168}},"50":{"start":{"line":103,"column":4},"end":{"line":103,"column":54}},"51":{"start":{"line":106,"column":31},"end":{"line":110,"column":1}},"52":{"start":{"line":107,"column":18},"end":{"line":107,"column":66}},"53":{"start":{"line":108,"column":19},"end":{"line":108,"column":61}},"54":{"start":{"line":109,"column":4},"end":{"line":109,"column":27}},"55":{"start":{"line":112,"column":0},"end":{"line":126,"column":2}}},"fnMap":{"0":{"name":"(anonymous_0)","decl":{"start":{"line":6,"column":18},"end":{"line":6,"column":19}},"loc":{"start":{"line":6,"column":36},"end":{"line":10,"column":1}},"line":6},"1":{"name":"(anonymous_1)","decl":{"start":{"line":12,"column":21},"end":{"line":12,"column":22}},"loc":{"start":{"line":12,"column":38},"end":{"line":16,"column":1}},"line":12},"2":{"name":"(anonymous_2)","decl":{"start":{"line":17,"column":15},"end":{"line":17,"column":16}},"loc":{"start":{"line":17,"column":27},"end":{"line":21,"column":1}},"line":17},"3":{"name":"(anonymous_3)","decl":{"start":{"line":23,"column":14},"end":{"line":23,"column":15}},"loc":{"start":{"line":23,"column":59},"end":{"line":27,"column":1}},"line":23},"4":{"name":"(anonymous_4)","decl":{"start":{"line":29,"column":26},"end":{"line":29,"column":27}},"loc":{"start":{"line":29,"column":85},"end":{"line":33,"column":1}},"line":29},"5":{"name":"(anonymous_5)","decl":{"start":{"line":35,"column":27},"end":{"line":35,"column":28}},"loc":{"start":{"line":35,"column":61},"end":{"line":39,"column":1}},"line":35},"6":{"name":"(anonymous_6)","decl":{"start":{"line":41,"column":28},"end":{"line":41,"column":29}},"loc":{"start":{"line":41,"column":46},"end":{"line":45,"column":1}},"line":41},"7":{"name":"(anonymous_7)","decl":{"start":{"line":47,"column":25},"end":{"line":47,"column":26}},"loc":{"start":{"line":47,"column":57},"end":{"line":51,"column":1}},"line":47},"8":{"name":"(anonymous_8)","decl":{"start":{"line":53,"column":19},"end":{"line":53,"column":20}},"loc":{"start":{"line":53,"column":37},"end":{"line":67,"column":1}},"line":53},"9":{"name":"(anonymous_9)","decl":{"start":{"line":69,"column":20},"end":{"line":69,"column":21}},"loc":{"start":{"line":69,"column":38},"end":{"line":81,"column":1}},"line":69},"10":{"name":"(anonymous_10)","decl":{"start":{"line":83,"column":30},"end":{"line":83,"column":31}},"loc":{"start":{"line":83,"column":48},"end":{"line":88,"column":1}},"line":83},"11":{"name":"(anonymous_11)","decl":{"start":{"line":92,"column":21},"end":{"line":92,"column":22}},"loc":{"start":{"line":92,"column":135},"end":{"line":104,"column":1}},"line":92},"12":{"name":"(anonymous_12)","decl":{"start":{"line":106,"column":31},"end":{"line":106,"column":32}},"loc":{"start":{"line":106,"column":56},"end":{"line":110,"column":1}},"line":106}},"branchMap":{"0":{"loc":{"start":{"line":102,"column":121},"end":{"line":102,"column":141}},"type":"binary-expr","locations":[{"start":{"line":102,"column":121},"end":{"line":102,"column":133}},{"start":{"line":102,"column":137},"end":{"line":102,"column":141}}],"line":102},"1":{"loc":{"start":{"line":102,"column":143},"end":{"line":102,"column":166}},"type":"binary-expr","locations":[{"start":{"line":102,"column":143},"end":{"line":102,"column":158}},{"start":{"line":102,"column":162},"end":{"line":102,"column":166}}],"line":102},"2":{"loc":{"start":{"line":103,"column":11},"end":{"line":103,"column":53}},"type":"binary-expr","locations":[{"start":{"line":103,"column":11},"end":{"line":103,"column":26}},{"start":{"line":103,"column":30},"end":{"line":103,"column":53}}],"line":103},"3":{"loc":{"start":{"line":109,"column":11},"end":{"line":109,"column":26}},"type":"binary-expr","locations":[{"start":{"line":109,"column":11},"end":{"line":109,"column":18}},{"start":{"line":109,"column":22},"end":{"line":109,"column":26}}],"line":109}},"s":{"0":0,"1":0,"2":0,"3":0,"4":0,"5":0,"6":0,"7":0,"8":0,"9":0,"10":0,"11":0,"12":0,"13":0,"14":0,"15":0,"16":0,"17":0,"18":0,"19":0,"20":0,"21":0,"22":0,"23":0,"24":0,"25":0,"26":0,"27":0,"28":0,"29":0,"30":0,"31":0,"32":0,"33":0,"34":0,"35":0,"36":0,"37":0,"38":0,"39":0,"40":0,"41":0,"42":0,"43":0,"44":0,"45":0,"46":0,"47":0,"48":0,"49":0,"50":0,"51":0,"52":0,"53":0,"54":0,"55":0},"f":{"0":0,"1":0,"2":0,"3":0,"4":0,"5":0,"6":0,"7":0,"8":0,"9":0,"10":0,"11":0,"12":0},"b":{"0":[0,0],"1":[0,0],"2":[0,0],"3":[0,0]}}
}
