TN:
SF:services/locationService.js
FN:11,parseAddress
FN:13,(anonymous_1)
FN:27,(anonymous_2)
FN:34,(anonymous_3)
FN:52,placeToCoordinate
FN:132,calculateDistance
FN:151,toRadians
FN:156,findNearbySalons
FN:158,(anonymous_8)
FN:176,(anonymous_9)
FN:177,(anonymous_10)
FN:181,coordinateToPlace
FN:228,addressAutocomplete
FN:244,(anonymous_13)
FNF:14
FNH:14
FNDA:2,parseAddress
FNDA:6,(anonymous_1)
FNDA:2,(anonymous_2)
FNDA:4,(anonymous_3)
FNDA:5,placeToCoordinate
FNDA:14,calculateDistance
FNDA:56,toRadians
FNDA:5,findNearbySalons
FNDA:15,(anonymous_8)
FNDA:15,(anonymous_9)
FNDA:2,(anonymous_10)
FNDA:3,coordinateToPlace
FNDA:3,addressAutocomplete
FNDA:1,(anonymous_13)
DA:13,6
DA:15,2
DA:16,2
DA:17,2
DA:20,2
DA:21,2
DA:22,2
DA:26,2
DA:27,2
DA:28,2
DA:29,2
DA:34,2
DA:35,4
DA:39,4
DA:44,2
DA:45,2
DA:48,2
DA:53,5
DA:58,5
DA:59,2
DA:62,2
DA:63,2
DA:64,2
DA:65,2
DA:66,2
DA:67,2
DA:68,2
DA:70,2
DA:72,2
DA:78,2
DA:79,0
DA:82,2
DA:85,2
DA:86,1
DA:87,1
DA:89,1
DA:95,1
DA:96,0
DA:99,1
DA:103,3
DA:105,3
DA:111,3
DA:112,1
DA:115,2
DA:118,4
DA:119,1
DA:122,3
DA:127,2
DA:133,14
DA:134,14
DA:135,14
DA:138,14
DA:144,14
DA:145,14
DA:147,14
DA:152,56
DA:157,5
DA:160,15
DA:161,5
DA:164,10
DA:171,10
DA:176,15
DA:177,2
DA:182,3
DA:183,3
DA:185,3
DA:191,3
DA:192,0
DA:195,3
DA:197,3
DA:198,1
DA:201,2
DA:202,2
DA:204,2
DA:205,2
DA:207,2
DA:208,2
DA:209,2
DA:210,1
DA:213,2
DA:214,2
DA:216,2
DA:223,1
DA:229,3
DA:230,3
DA:232,3
DA:238,3
DA:239,1
DA:242,2
DA:244,2
DA:252,1
DA:256,1
LF:92
LH:89
BRDA:21,0,0,2
BRDA:21,0,1,0
BRDA:28,1,0,2
BRDA:28,1,1,0
BRDA:39,2,0,4
BRDA:39,2,1,2
BRDA:39,2,2,2
BRDA:39,2,3,2
BRDA:44,3,0,2
BRDA:44,3,1,0
BRDA:58,4,0,2
BRDA:58,4,1,3
BRDA:58,5,0,5
BRDA:58,5,1,3
BRDA:63,6,0,2
BRDA:63,6,1,0
BRDA:64,7,0,2
BRDA:64,7,1,0
BRDA:65,8,0,2
BRDA:65,8,1,0
BRDA:78,9,0,0
BRDA:78,9,1,2
BRDA:85,10,0,1
BRDA:85,10,1,1
BRDA:85,11,0,2
BRDA:85,11,1,2
BRDA:95,12,0,0
BRDA:95,12,1,1
BRDA:111,13,0,1
BRDA:111,13,1,2
BRDA:118,14,0,1
BRDA:118,14,1,3
BRDA:118,15,0,4
BRDA:118,15,1,4
BRDA:156,16,0,0
BRDA:160,17,0,5
BRDA:160,17,1,10
BRDA:160,18,0,15
BRDA:160,18,1,10
BRDA:176,19,0,15
BRDA:176,19,1,10
BRDA:191,20,0,0
BRDA:191,20,1,3
BRDA:197,21,0,1
BRDA:197,21,1,2
BRDA:197,22,0,3
BRDA:197,22,1,3
BRDA:204,23,0,2
BRDA:204,23,1,1
BRDA:204,23,2,1
BRDA:204,23,3,1
BRDA:205,24,0,1
BRDA:205,24,1,1
BRDA:207,25,0,2
BRDA:207,25,1,1
BRDA:208,26,0,2
BRDA:208,26,1,1
BRDA:209,27,0,1
BRDA:209,27,1,1
BRDA:210,28,0,1
BRDA:210,28,1,0
BRDA:213,29,0,2
BRDA:213,29,1,1
BRDA:214,30,0,1
BRDA:214,30,1,1
BRDA:217,31,0,2
BRDA:217,31,1,1
BRDA:217,31,2,0
BRDA:238,32,0,1
BRDA:238,32,1,2
BRF:70
BRH:58
end_of_record
