TN:
SF:api/adminApi.js
FN:17,(anonymous_0)
FN:71,(anonymous_1)
FN:98,(anonymous_2)
FN:111,(anonymous_3)
FN:146,(anonymous_4)
FN:160,(anonymous_5)
FN:173,(anonymous_6)
FN:209,(anonymous_7)
FN:229,(anonymous_8)
FN:246,(anonymous_9)
FN:284,(anonymous_10)
FN:296,(anonymous_11)
FN:308,(anonymous_12)
FN:325,(anonymous_13)
FN:339,(anonymous_14)
FN:354,(anonymous_15)
FN:375,(anonymous_16)
FN:409,(anonymous_17)
FN:426,(anonymous_18)
FN:443,(anonymous_19)
FN:455,(anonymous_20)
FN:475,(anonymous_21)
FN:497,(anonymous_22)
FN:517,(anonymous_23)
FN:539,(anonymous_24)
FN:566,(anonymous_25)
FNF:26
FNH:0
FNDA:0,(anonymous_0)
FNDA:0,(anonymous_1)
FNDA:0,(anonymous_2)
FNDA:0,(anonymous_3)
FNDA:0,(anonymous_4)
FNDA:0,(anonymous_5)
FNDA:0,(anonymous_6)
FNDA:0,(anonymous_7)
FNDA:0,(anonymous_8)
FNDA:0,(anonymous_9)
FNDA:0,(anonymous_10)
FNDA:0,(anonymous_11)
FNDA:0,(anonymous_12)
FNDA:0,(anonymous_13)
FNDA:0,(anonymous_14)
FNDA:0,(anonymous_15)
FNDA:0,(anonymous_16)
FNDA:0,(anonymous_17)
FNDA:0,(anonymous_18)
FNDA:0,(anonymous_19)
FNDA:0,(anonymous_20)
FNDA:0,(anonymous_21)
FNDA:0,(anonymous_22)
FNDA:0,(anonymous_23)
FNDA:0,(anonymous_24)
FNDA:0,(anonymous_25)
DA:1,0
DA:2,0
DA:3,0
DA:4,0
DA:5,0
DA:6,0
DA:7,0
DA:8,0
DA:9,0
DA:12,0
DA:17,0
DA:18,0
DA:30,0
DA:56,0
DA:57,0
DA:59,0
DA:60,0
DA:61,0
DA:67,0
DA:70,0
DA:71,0
DA:73,0
DA:90,0
DA:91,0
DA:98,0
DA:99,0
DA:100,0
DA:104,0
DA:106,0
DA:107,0
DA:111,0
DA:112,0
DA:113,0
DA:114,0
DA:118,0
DA:120,0
DA:130,0
DA:139,0
DA:141,0
DA:142,0
DA:146,0
DA:147,0
DA:148,0
DA:149,0
DA:151,0
DA:152,0
DA:153,0
DA:155,0
DA:156,0
DA:160,0
DA:161,0
DA:162,0
DA:163,0
DA:164,0
DA:165,0
DA:167,0
DA:168,0
DA:173,0
DA:174,0
DA:175,0
DA:176,0
DA:177,0
DA:180,0
DA:181,0
DA:182,0
DA:186,0
DA:196,0
DA:200,0
DA:202,0
DA:204,0
DA:205,0
DA:209,0
DA:210,0
DA:211,0
DA:212,0
DA:213,0
DA:214,0
DA:215,0
DA:217,0
DA:218,0
DA:219,0
DA:221,0
DA:222,0
DA:229,0
DA:230,0
DA:231,0
DA:239,0
DA:241,0
DA:242,0
DA:246,0
DA:247,0
DA:248,0
DA:249,0
DA:253,0
DA:255,0
DA:264,0
DA:272,0
DA:277,0
DA:279,0
DA:280,0
DA:284,0
DA:285,0
DA:286,0
DA:287,0
DA:288,0
DA:289,0
DA:291,0
DA:292,0
DA:296,0
DA:297,0
DA:298,0
DA:299,0
DA:300,0
DA:301,0
DA:303,0
DA:304,0
DA:308,0
DA:309,0
DA:310,0
DA:311,0
DA:312,0
DA:313,0
DA:314,0
DA:316,0
DA:317,0
DA:318,0
DA:320,0
DA:321,0
DA:325,0
DA:326,0
DA:327,0
DA:328,0
DA:330,0
DA:331,0
DA:332,0
DA:334,0
DA:335,0
DA:339,0
DA:340,0
DA:341,0
DA:342,0
DA:343,0
DA:344,0
DA:346,0
DA:347,0
DA:354,0
DA:355,0
DA:356,0
DA:368,0
DA:370,0
DA:371,0
DA:375,0
DA:376,0
DA:377,0
DA:378,0
DA:379,0
DA:381,0
DA:386,0
DA:393,0
DA:402,0
DA:404,0
DA:405,0
DA:409,0
DA:410,0
DA:411,0
DA:412,0
DA:413,0
DA:414,0
DA:415,0
DA:417,0
DA:418,0
DA:419,0
DA:421,0
DA:422,0
DA:426,0
DA:427,0
DA:428,0
DA:429,0
DA:430,0
DA:431,0
DA:432,0
DA:434,0
DA:435,0
DA:436,0
DA:438,0
DA:439,0
DA:443,0
DA:444,0
DA:445,0
DA:446,0
DA:447,0
DA:448,0
DA:450,0
DA:451,0
DA:455,0
DA:456,0
DA:457,0
DA:458,0
DA:459,0
DA:460,0
DA:461,0
DA:463,0
DA:464,0
DA:465,0
DA:467,0
DA:468,0
DA:475,0
DA:476,0
DA:477,0
DA:490,0
DA:492,0
DA:493,0
DA:497,0
DA:498,0
DA:499,0
DA:500,0
DA:501,0
DA:504,0
DA:505,0
DA:507,0
DA:509,0
DA:510,0
DA:517,0
DA:518,0
DA:519,0
DA:532,0
DA:534,0
DA:535,0
DA:539,0
DA:540,0
DA:541,0
DA:542,0
DA:543,0
DA:544,0
DA:546,0
DA:547,0
DA:548,0
DA:550,0
DA:554,0
DA:556,0
DA:558,0
DA:559,0
DA:566,0
DA:567,0
DA:568,0
DA:569,0
DA:570,0
DA:571,0
DA:572,0
DA:573,0
DA:574,0
DA:575,0
DA:576,0
DA:578,0
DA:579,0
DA:583,0
LF:256
LH:0
BRDA:118,0,0,0
BRDA:118,0,1,0
BRDA:177,1,0,0
BRDA:177,1,1,0
BRDA:180,2,0,0
BRDA:180,2,1,0
BRDA:213,3,0,0
BRDA:213,3,1,0
BRDA:213,4,0,0
BRDA:213,4,1,0
BRDA:253,5,0,0
BRDA:253,5,1,0
BRDA:312,6,0,0
BRDA:312,6,1,0
BRDA:312,7,0,0
BRDA:312,7,1,0
BRDA:379,8,0,0
BRDA:379,8,1,0
BRDA:413,9,0,0
BRDA:413,9,1,0
BRDA:413,10,0,0
BRDA:413,10,1,0
BRDA:430,11,0,0
BRDA:430,11,1,0
BRDA:430,12,0,0
BRDA:430,12,1,0
BRDA:460,13,0,0
BRDA:460,13,1,0
BRDA:501,14,0,0
BRDA:501,14,1,0
BRDA:543,15,0,0
BRDA:543,15,1,0
BRDA:543,16,0,0
BRDA:543,16,1,0
BRDA:547,17,0,0
BRDA:547,17,1,0
BRDA:548,18,0,0
BRDA:548,18,1,0
BRDA:568,19,0,0
BRDA:571,20,0,0
BRDA:571,20,1,0
BRDA:572,21,0,0
BRDA:572,21,1,0
BRF:43
BRH:0
end_of_record
TN:
SF:api/api.js
FN:12,(anonymous_0)
FN:15,(anonymous_1)
FN:24,(anonymous_2)
FN:31,(anonymous_3)
FNF:4
FNH:0
FNDA:0,(anonymous_0)
FNDA:0,(anonymous_1)
FNDA:0,(anonymous_2)
FNDA:0,(anonymous_3)
DA:1,0
DA:2,0
DA:3,0
DA:4,0
DA:8,0
DA:9,0
DA:11,0
DA:13,0
DA:16,0
DA:20,0
DA:24,0
DA:25,0
DA:31,0
DA:32,0
DA:33,0
DA:34,0
DA:39,0
DA:45,0
LF:18
LH:0
BRF:0
BRH:0
end_of_record
TN:
SF:api/calendarApi.js
FN:11,(anonymous_0)
FN:51,(anonymous_1)
FN:136,(anonymous_2)
FN:172,(anonymous_3)
FN:200,(anonymous_4)
FN:255,(anonymous_5)
FN:316,formatLocalDatetime
FN:326,(anonymous_7)
FN:422,formatDateTimeLocal
FN:432,formatDateLocal
FN:470,(anonymous_10)
FN:518,(anonymous_11)
FN:588,(anonymous_12)
FN:601,(anonymous_13)
FN:617,(anonymous_14)
FN:680,(anonymous_15)
FN:704,(anonymous_16)
FN:706,(anonymous_17)
FN:723,(anonymous_18)
FN:771,(anonymous_19)
FN:848,(anonymous_20)
FN:911,(anonymous_21)
FN:935,(anonymous_22)
FN:972,(anonymous_23)
FN:1000,(anonymous_24)
FN:1064,(anonymous_25)
FN:1109,(anonymous_26)
FN:1120,(anonymous_27)
FN:1148,(anonymous_28)
FN:1177,(anonymous_29)
FN:1201,(anonymous_30)
FN:1227,(anonymous_31)
FNF:32
FNH:8
FNDA:16,(anonymous_0)
FNDA:1,(anonymous_1)
FNDA:0,(anonymous_2)
FNDA:0,(anonymous_3)
FNDA:1,(anonymous_4)
FNDA:0,(anonymous_5)
FNDA:24,formatLocalDatetime
FNDA:6,(anonymous_7)
FNDA:0,formatDateTimeLocal
FNDA:0,formatDateLocal
FNDA:0,(anonymous_10)
FNDA:4,(anonymous_11)
FNDA:0,(anonymous_12)
FNDA:0,(anonymous_13)
FNDA:0,(anonymous_14)
FNDA:0,(anonymous_15)
FNDA:0,(anonymous_16)
FNDA:0,(anonymous_17)
FNDA:2,(anonymous_18)
FNDA:0,(anonymous_19)
FNDA:2,(anonymous_20)
FNDA:0,(anonymous_21)
FNDA:0,(anonymous_22)
FNDA:0,(anonymous_23)
FNDA:0,(anonymous_24)
FNDA:0,(anonymous_25)
FNDA:0,(anonymous_26)
FNDA:0,(anonymous_27)
FNDA:0,(anonymous_28)
FNDA:0,(anonymous_29)
FNDA:0,(anonymous_30)
FNDA:0,(anonymous_31)
DA:1,1
DA:2,1
DA:3,1
DA:4,1
DA:5,1
DA:6,1
DA:7,1
DA:8,1
DA:11,1
DA:12,16
DA:13,16
DA:16,16
DA:21,16
DA:22,0
DA:28,16
DA:29,0
DA:36,16
DA:37,16
DA:39,0
DA:40,0
DA:48,1
DA:51,1
DA:52,1
DA:53,1
DA:54,1
DA:55,1
DA:56,1
DA:57,1
DA:59,1
DA:60,1
DA:61,1
DA:62,1
DA:65,1
DA:75,1
DA:85,1
DA:86,1
DA:96,1
DA:117,1
DA:127,0
DA:128,0
DA:136,1
DA:137,0
DA:138,0
DA:140,0
DA:148,0
DA:149,0
DA:155,0
DA:157,0
DA:163,0
DA:164,0
DA:172,1
DA:173,0
DA:174,0
DA:175,0
DA:177,0
DA:178,0
DA:184,0
DA:186,0
DA:191,0
DA:192,0
DA:200,1
DA:201,1
DA:202,1
DA:203,1
DA:205,1
DA:230,1
DA:232,1
DA:233,0
DA:234,0
DA:237,1
DA:239,1
DA:241,1
DA:246,0
DA:247,0
DA:255,1
DA:256,0
DA:257,0
DA:258,0
DA:261,0
DA:262,0
DA:268,0
DA:294,0
DA:295,0
DA:301,0
DA:306,0
DA:307,0
DA:317,24
DA:318,24
DA:319,24
DA:320,24
DA:321,24
DA:322,24
DA:323,24
DA:326,1
DA:327,6
DA:328,6
DA:329,6
DA:332,6
DA:333,1
DA:340,5
DA:345,5
DA:346,1
DA:352,4
DA:353,4
DA:356,4
DA:357,4
DA:358,4
DA:361,4
DA:364,4
DA:367,4
DA:368,4
DA:369,1
DA:376,3
DA:378,2
DA:379,0
DA:386,1
DA:387,0
DA:394,1
DA:399,1
DA:400,1
DA:403,1
DA:409,0
DA:410,0
DA:412,0
DA:417,0
DA:423,0
DA:424,0
DA:425,0
DA:426,0
DA:427,0
DA:428,0
DA:429,0
DA:433,0
DA:434,0
DA:435,0
DA:436,0
DA:440,3
DA:460,3
DA:461,1
DA:468,2
DA:469,2
DA:470,2
DA:471,0
DA:472,0
DA:473,0
DA:476,2
DA:477,0
DA:484,2
DA:503,2
DA:509,0
DA:510,0
DA:518,1
DA:519,4
DA:520,4
DA:521,4
DA:524,4
DA:525,0
DA:532,4
DA:549,4
DA:550,1
DA:556,3
DA:559,3
DA:560,1
DA:561,1
DA:567,2
DA:568,1
DA:575,1
DA:581,1
DA:582,0
DA:589,0
DA:594,1
DA:601,0
DA:603,1
DA:608,0
DA:609,0
DA:617,1
DA:618,0
DA:619,0
DA:620,0
DA:621,0
DA:624,0
DA:625,0
DA:631,0
DA:632,0
DA:633,0
DA:640,0
DA:645,0
DA:646,0
DA:653,0
DA:654,0
DA:655,0
DA:661,0
DA:666,0
DA:671,0
DA:672,0
DA:680,1
DA:681,0
DA:682,0
DA:684,0
DA:704,0
DA:706,0
DA:709,0
DA:714,0
DA:715,0
DA:723,1
DA:724,2
DA:725,2
DA:726,2
DA:729,2
DA:730,1
DA:736,1
DA:737,0
DA:743,1
DA:744,0
DA:750,1
DA:756,1
DA:762,0
DA:763,0
DA:771,1
DA:772,0
DA:773,0
DA:774,0
DA:775,0
DA:778,0
DA:779,0
DA:786,0
DA:791,0
DA:792,0
DA:798,0
DA:799,0
DA:806,0
DA:807,0
DA:813,0
DA:814,0
DA:820,0
DA:821,0
DA:827,0
DA:834,0
DA:839,0
DA:840,0
DA:848,1
DA:849,2
DA:850,2
DA:851,2
DA:854,2
DA:855,0
DA:862,2
DA:867,2
DA:868,0
DA:874,2
DA:875,0
DA:882,2
DA:887,2
DA:888,1
DA:894,1
DA:896,1
DA:901,0
DA:902,0
DA:911,1
DA:912,0
DA:913,0
DA:914,0
DA:915,0
DA:916,0
DA:919,0
DA:920,0
DA:921,0
DA:923,0
DA:927,0
DA:929,0
DA:930,0
DA:935,1
DA:936,0
DA:937,0
DA:938,0
DA:939,0
DA:940,0
DA:942,0
DA:943,0
DA:946,0
DA:947,0
DA:948,0
DA:951,0
DA:952,0
DA:953,0
DA:955,0
DA:956,0
DA:957,0
DA:961,0
DA:966,0
DA:967,0
DA:972,1
DA:973,0
DA:974,0
DA:975,0
DA:976,0
DA:977,0
DA:978,0
DA:981,0
DA:982,0
DA:983,0
DA:986,0
DA:987,0
DA:988,0
DA:990,0
DA:991,0
DA:992,0
DA:994,0
DA:995,0
DA:1000,1
DA:1001,0
DA:1002,0
DA:1004,0
DA:1010,0
DA:1016,0
DA:1025,0
DA:1034,0
DA:1045,0
DA:1046,0
DA:1047,0
DA:1049,0
DA:1058,0
DA:1059,0
DA:1064,1
DA:1065,0
DA:1066,0
DA:1067,0
DA:1069,0
DA:1078,0
DA:1080,0
DA:1081,0
DA:1082,0
DA:1084,0
DA:1086,0
DA:1088,0
DA:1098,0
DA:1100,0
DA:1101,0
DA:1102,0
DA:1104,0
DA:1106,0
DA:1108,0
DA:1109,0
DA:1112,0
DA:1114,0
DA:1115,0
DA:1120,1
DA:1121,0
DA:1122,0
DA:1123,0
DA:1125,0
DA:1126,0
DA:1129,0
DA:1134,0
DA:1135,0
DA:1138,0
DA:1148,0
DA:1150,0
DA:1158,0
DA:1171,0
DA:1172,0
DA:1177,1
DA:1178,0
DA:1179,0
DA:1180,0
DA:1182,0
DA:1183,0
DA:1186,0
DA:1197,0
DA:1198,0
DA:1201,0
DA:1202,0
DA:1204,0
DA:1221,0
DA:1222,0
DA:1227,1
DA:1228,0
DA:1229,0
DA:1230,0
DA:1232,0
DA:1233,0
DA:1237,0
DA:1242,0
DA:1243,0
DA:1246,0
DA:1249,0
DA:1251,0
DA:1257,0
DA:1258,0
DA:1260,0
DA:1261,0
DA:1264,0
DA:1269,0
DA:1270,0
DA:1272,0
DA:1273,0
DA:1276,0
DA:1277,0
DA:1280,0
DA:1282,0
DA:1284,0
DA:1285,0
DA:1289,1
LF:403
LH:142
BRDA:21,0,0,0
BRDA:21,0,1,16
BRDA:28,1,0,0
BRDA:28,1,1,16
BRDA:121,2,0,1
BRDA:121,2,1,0
BRDA:148,3,0,0
BRDA:148,3,1,0
BRDA:159,4,0,0
BRDA:159,4,1,0
BRDA:160,5,0,0
BRDA:160,5,1,0
BRDA:177,6,0,0
BRDA:177,6,1,0
BRDA:177,7,0,0
BRDA:177,7,1,0
BRDA:232,8,0,0
BRDA:232,8,1,1
BRDA:232,9,0,1
BRDA:232,9,1,0
BRDA:261,10,0,0
BRDA:261,10,1,0
BRDA:294,11,0,0
BRDA:294,11,1,0
BRDA:332,12,0,1
BRDA:332,12,1,5
BRDA:332,13,0,6
BRDA:332,13,1,5
BRDA:332,13,2,5
BRDA:332,13,3,5
BRDA:345,14,0,1
BRDA:345,14,1,4
BRDA:357,15,0,4
BRDA:357,15,1,0
BRDA:358,16,0,4
BRDA:358,16,1,0
BRDA:368,17,0,1
BRDA:368,17,1,3
BRDA:368,18,0,4
BRDA:368,18,1,4
BRDA:376,19,0,2
BRDA:376,19,1,1
BRDA:378,20,0,0
BRDA:378,20,1,2
BRDA:378,21,0,2
BRDA:378,21,1,0
BRDA:386,22,0,0
BRDA:386,22,1,1
BRDA:399,23,0,1
BRDA:399,23,1,0
BRDA:405,24,0,1
BRDA:405,24,1,1
BRDA:415,25,0,0
BRDA:415,25,1,0
BRDA:460,26,0,1
BRDA:460,26,1,2
BRDA:473,27,0,0
BRDA:473,27,1,0
BRDA:476,28,0,0
BRDA:476,28,1,2
BRDA:495,29,0,2
BRDA:495,29,1,2
BRDA:497,30,0,1
BRDA:497,30,1,1
BRDA:498,31,0,1
BRDA:498,31,1,1
BRDA:498,32,0,1
BRDA:498,32,1,0
BRDA:499,33,0,1
BRDA:499,33,1,1
BRDA:499,34,0,1
BRDA:499,34,1,1
BRDA:524,35,0,0
BRDA:524,35,1,4
BRDA:549,36,0,1
BRDA:549,36,1,3
BRDA:559,37,0,1
BRDA:559,37,1,2
BRDA:567,38,0,1
BRDA:567,38,1,1
BRDA:581,39,0,0
BRDA:581,39,1,1
BRDA:581,40,0,1
BRDA:581,40,1,0
BRDA:624,41,0,0
BRDA:624,41,1,0
BRDA:632,42,0,0
BRDA:632,42,1,0
BRDA:645,43,0,0
BRDA:645,43,1,0
BRDA:653,44,0,0
BRDA:653,44,1,0
BRDA:706,45,0,0
BRDA:706,45,1,0
BRDA:729,46,0,1
BRDA:729,46,1,1
BRDA:729,47,0,2
BRDA:729,47,1,2
BRDA:729,47,2,1
BRDA:736,48,0,0
BRDA:736,48,1,1
BRDA:736,49,0,1
BRDA:736,49,1,1
BRDA:743,50,0,0
BRDA:743,50,1,1
BRDA:753,51,0,1
BRDA:753,51,1,1
BRDA:753,52,0,1
BRDA:753,52,1,1
BRDA:778,53,0,0
BRDA:778,53,1,0
BRDA:791,54,0,0
BRDA:791,54,1,0
BRDA:798,55,0,0
BRDA:798,55,1,0
BRDA:806,56,0,0
BRDA:806,56,1,0
BRDA:806,57,0,0
BRDA:806,57,1,0
BRDA:806,57,2,0
BRDA:813,58,0,0
BRDA:813,58,1,0
BRDA:813,59,0,0
BRDA:813,59,1,0
BRDA:820,60,0,0
BRDA:820,60,1,0
BRDA:831,61,0,0
BRDA:831,61,1,0
BRDA:831,62,0,0
BRDA:831,62,1,0
BRDA:854,63,0,0
BRDA:854,63,1,2
BRDA:867,64,0,0
BRDA:867,64,1,2
BRDA:874,65,0,0
BRDA:874,65,1,2
BRDA:887,66,0,1
BRDA:887,66,1,1
BRDA:915,67,0,0
BRDA:915,67,1,0
BRDA:920,68,0,0
BRDA:920,68,1,0
BRDA:939,69,0,0
BRDA:939,69,1,0
BRDA:942,70,0,0
BRDA:942,70,1,0
BRDA:947,71,0,0
BRDA:947,71,1,0
BRDA:952,72,0,0
BRDA:952,72,1,0
BRDA:977,73,0,0
BRDA:977,73,1,0
BRDA:977,74,0,0
BRDA:977,74,1,0
BRDA:982,75,0,0
BRDA:982,75,1,0
BRDA:987,76,0,0
BRDA:987,76,1,0
BRDA:1047,77,0,0
BRDA:1047,77,1,0
BRDA:1067,78,0,0
BRDA:1067,78,1,0
BRDA:1080,79,0,0
BRDA:1080,79,1,0
BRDA:1100,80,0,0
BRDA:1100,80,1,0
BRDA:1125,81,0,0
BRDA:1125,81,1,0
BRDA:1134,82,0,0
BRDA:1134,82,1,0
BRDA:1148,83,0,0
BRDA:1148,83,1,0
BRDA:1165,84,0,0
BRDA:1165,84,1,0
BRDA:1166,85,0,0
BRDA:1166,85,1,0
BRDA:1182,86,0,0
BRDA:1182,86,1,0
BRDA:1197,87,0,0
BRDA:1197,87,1,0
BRDA:1201,88,0,0
BRDA:1201,88,1,0
BRDA:1232,89,0,0
BRDA:1232,89,1,0
BRDA:1232,90,0,0
BRDA:1232,90,1,0
BRDA:1242,91,0,0
BRDA:1242,91,1,0
BRDA:1249,92,0,0
BRDA:1249,92,1,0
BRDA:1257,93,0,0
BRDA:1257,93,1,0
BRDA:1269,94,0,0
BRDA:1269,94,1,0
BRDA:1276,95,0,0
BRDA:1276,95,1,0
BRF:196
BRH:68
end_of_record
TN:
SF:api/messagingApi.js
FN:16,(anonymous_0)
FN:22,(anonymous_1)
FN:41,(anonymous_2)
FN:68,(anonymous_3)
FN:102,(anonymous_4)
FN:145,(anonymous_5)
FN:172,(anonymous_6)
FNF:7
FNH:0
FNDA:0,(anonymous_0)
FNDA:0,(anonymous_1)
FNDA:0,(anonymous_2)
FNDA:0,(anonymous_3)
FNDA:0,(anonymous_4)
FNDA:0,(anonymous_5)
FNDA:0,(anonymous_6)
DA:1,0
DA:2,0
DA:14,0
DA:16,0
DA:17,0
DA:19,0
DA:22,0
DA:23,0
DA:24,0
DA:27,0
DA:28,0
DA:30,0
DA:33,0
DA:35,0
DA:36,0
DA:41,0
DA:42,0
DA:43,0
DA:44,0
DA:46,0
DA:47,0
DA:48,0
DA:52,0
DA:55,0
DA:56,0
DA:59,0
DA:60,0
DA:62,0
DA:63,0
DA:68,0
DA:69,0
DA:70,0
DA:71,0
DA:73,0
DA:74,0
DA:78,0
DA:79,0
DA:80,0
DA:81,0
DA:85,0
DA:86,0
DA:88,0
DA:89,0
DA:90,0
DA:91,0
DA:94,0
DA:96,0
DA:97,0
DA:102,0
DA:103,0
DA:104,0
DA:105,0
DA:106,0
DA:108,0
DA:109,0
DA:112,0
DA:113,0
DA:114,0
DA:118,0
DA:121,0
DA:122,0
DA:125,0
DA:126,0
DA:129,0
DA:130,0
DA:131,0
DA:137,0
DA:139,0
DA:140,0
DA:145,0
DA:146,0
DA:147,0
DA:148,0
DA:150,0
DA:151,0
DA:152,0
DA:156,0
DA:159,0
DA:160,0
DA:163,0
DA:164,0
DA:166,0
DA:167,0
DA:172,0
DA:173,0
DA:174,0
DA:175,0
DA:177,0
DA:178,0
DA:179,0
DA:183,0
DA:186,0
DA:187,0
DA:190,0
DA:191,0
DA:193,0
DA:195,0
DA:196,0
DA:200,0
LF:99
LH:0
BRDA:27,0,0,0
BRDA:27,0,1,0
BRDA:47,1,0,0
BRDA:47,1,1,0
BRDA:52,2,0,0
BRDA:52,2,1,0
BRDA:52,2,2,0
BRDA:52,2,3,0
BRDA:55,3,0,0
BRDA:55,3,1,0
BRDA:73,4,0,0
BRDA:73,4,1,0
BRDA:73,5,0,0
BRDA:73,5,1,0
BRDA:78,6,0,0
BRDA:78,6,1,0
BRDA:80,7,0,0
BRDA:80,7,1,0
BRDA:88,8,0,0
BRDA:88,8,1,0
BRDA:94,9,0,0
BRDA:94,9,1,0
BRDA:108,10,0,0
BRDA:108,10,1,0
BRDA:108,11,0,0
BRDA:108,11,1,0
BRDA:113,12,0,0
BRDA:113,12,1,0
BRDA:118,13,0,0
BRDA:118,13,1,0
BRDA:118,13,2,0
BRDA:118,13,3,0
BRDA:121,14,0,0
BRDA:121,14,1,0
BRDA:125,15,0,0
BRDA:125,15,1,0
BRDA:129,16,0,0
BRDA:129,16,1,0
BRDA:130,17,0,0
BRDA:130,17,1,0
BRDA:151,18,0,0
BRDA:151,18,1,0
BRDA:156,19,0,0
BRDA:156,19,1,0
BRDA:156,19,2,0
BRDA:156,19,3,0
BRDA:159,20,0,0
BRDA:159,20,1,0
BRDA:178,21,0,0
BRDA:178,21,1,0
BRDA:183,22,0,0
BRDA:183,22,1,0
BRDA:183,22,2,0
BRDA:183,22,3,0
BRDA:186,23,0,0
BRDA:186,23,1,0
BRDA:190,24,0,0
BRDA:190,24,1,0
BRF:58
BRH:0
end_of_record
TN:
SF:api/messagingQueries.js
FN:3,getConversationsForProvider
FN:20,getConversationsForUser
FN:39,getConversationById
FN:47,getConversationByParticipants
FN:55,getMessages
FN:72,createConversation
FN:80,insertMessage
FN:104,markConversationRead
FN:114,checkBookingExists
FN:122,deleteConversation
FNF:10
FNH:0
FNDA:0,getConversationsForProvider
FNDA:0,getConversationsForUser
FNDA:0,getConversationById
FNDA:0,getConversationByParticipants
FNDA:0,getMessages
FNDA:0,createConversation
FNDA:0,insertMessage
FNDA:0,markConversationRead
FNDA:0,checkBookingExists
FNDA:0,deleteConversation
DA:1,0
DA:4,0
DA:17,0
DA:21,0
DA:36,0
DA:40,0
DA:44,0
DA:48,0
DA:52,0
DA:56,0
DA:57,0
DA:69,0
DA:73,0
DA:77,0
DA:81,0
DA:85,0
DA:87,0
DA:97,0
DA:101,0
DA:105,0
DA:115,0
DA:119,0
DA:123,0
DA:126,0
LF:24
LH:0
BRDA:44,0,0,0
BRDA:44,0,1,0
BRDA:52,1,0,0
BRDA:52,1,1,0
BRDA:55,2,0,0
BRDA:56,3,0,0
BRDA:56,3,1,0
BRDA:83,4,0,0
BRDA:83,4,1,0
BRF:9
BRH:0
end_of_record
TN:
SF:api/salonApi.js
FN:9,(anonymous_0)
FN:46,(anonymous_1)
FN:96,(anonymous_2)
FN:190,(anonymous_3)
FN:234,(anonymous_4)
FN:340,(anonymous_5)
FN:403,(anonymous_6)
FN:436,(anonymous_7)
FN:458,(anonymous_8)
FN:493,(anonymous_9)
FN:494,(anonymous_10)
FN:506,(anonymous_11)
FN:538,(anonymous_12)
FN:577,(anonymous_13)
FN:650,(anonymous_14)
FNF:15
FNH:0
FNDA:0,(anonymous_0)
FNDA:0,(anonymous_1)
FNDA:0,(anonymous_2)
FNDA:0,(anonymous_3)
FNDA:0,(anonymous_4)
FNDA:0,(anonymous_5)
FNDA:0,(anonymous_6)
FNDA:0,(anonymous_7)
FNDA:0,(anonymous_8)
FNDA:0,(anonymous_9)
FNDA:0,(anonymous_10)
FNDA:0,(anonymous_11)
FNDA:0,(anonymous_12)
FNDA:0,(anonymous_13)
FNDA:0,(anonymous_14)
DA:1,0
DA:2,0
DA:3,0
DA:4,0
DA:5,0
DA:6,0
DA:9,0
DA:10,0
DA:11,0
DA:13,0
DA:18,0
DA:19,0
DA:25,0
DA:27,0
DA:28,0
DA:34,0
DA:35,0
DA:37,0
DA:38,0
DA:46,0
DA:47,0
DA:48,0
DA:50,0
DA:55,0
DA:56,0
DA:62,0
DA:63,0
DA:65,0
DA:72,0
DA:73,0
DA:79,0
DA:87,0
DA:88,0
DA:96,0
DA:97,0
DA:98,0
DA:99,0
DA:102,0
DA:103,0
DA:110,0
DA:111,0
DA:113,0
DA:114,0
DA:115,0
DA:117,0
DA:118,0
DA:119,0
DA:121,0
DA:122,0
DA:123,0
DA:125,0
DA:126,0
DA:127,0
DA:129,0
DA:130,0
DA:131,0
DA:133,0
DA:134,0
DA:135,0
DA:137,0
DA:138,0
DA:139,0
DA:141,0
DA:142,0
DA:143,0
DA:145,0
DA:146,0
DA:147,0
DA:149,0
DA:150,0
DA:151,0
DA:154,0
DA:155,0
DA:161,0
DA:163,0
DA:165,0
DA:168,0
DA:175,0
DA:181,0
DA:182,0
DA:190,0
DA:191,0
DA:192,0
DA:194,0
DA:199,0
DA:200,0
DA:206,0
DA:208,0
DA:220,0
DA:225,0
DA:226,0
DA:234,0
DA:235,0
DA:236,0
DA:237,0
DA:238,0
DA:239,0
DA:242,0
DA:247,0
DA:248,0
DA:254,0
DA:256,0
DA:257,0
DA:264,0
DA:265,0
DA:270,0
DA:271,0
DA:279,0
DA:280,0
DA:282,0
DA:283,0
DA:284,0
DA:286,0
DA:287,0
DA:288,0
DA:290,0
DA:291,0
DA:292,0
DA:294,0
DA:295,0
DA:296,0
DA:298,0
DA:299,0
DA:300,0
DA:301,0
DA:302,0
DA:305,0
DA:306,0
DA:312,0
DA:314,0
DA:316,0
DA:319,0
DA:325,0
DA:331,0
DA:332,0
DA:340,0
DA:341,0
DA:342,0
DA:343,0
DA:344,0
DA:347,0
DA:352,0
DA:353,0
DA:359,0
DA:361,0
DA:362,0
DA:369,0
DA:370,0
DA:375,0
DA:376,0
DA:384,0
DA:389,0
DA:394,0
DA:395,0
DA:403,0
DA:404,0
DA:405,0
DA:406,0
DA:408,0
DA:409,0
DA:415,0
DA:420,0
DA:425,0
DA:426,0
DA:436,0
DA:437,0
DA:438,0
DA:440,0
DA:446,0
DA:447,0
DA:450,0
DA:452,0
DA:453,0
DA:458,0
DA:459,0
DA:460,0
DA:461,0
DA:463,0
DA:464,0
DA:466,0
DA:467,0
DA:470,0
DA:475,0
DA:481,0
DA:487,0
DA:488,0
DA:493,0
DA:494,0
DA:495,0
DA:496,0
DA:497,0
DA:499,0
DA:500,0
DA:502,0
DA:504,0
DA:507,0
DA:508,0
DA:510,0
DA:511,0
DA:514,0
DA:515,0
DA:516,0
DA:519,0
DA:520,0
DA:522,0
DA:524,0
DA:526,0
DA:532,0
DA:533,0
DA:538,0
DA:539,0
DA:540,0
DA:541,0
DA:543,0
DA:544,0
DA:546,0
DA:547,0
DA:549,0
DA:550,0
DA:553,0
DA:554,0
DA:555,0
DA:558,0
DA:559,0
DA:560,0
DA:563,0
DA:564,0
DA:566,0
DA:568,0
DA:569,0
DA:574,0
DA:578,0
DA:579,0
DA:580,0
DA:583,0
DA:587,0
DA:588,0
DA:591,0
DA:592,0
DA:595,0
DA:596,0
DA:597,0
DA:598,0
DA:599,0
DA:603,0
DA:604,0
DA:605,0
DA:606,0
DA:607,0
DA:611,0
DA:612,0
DA:613,0
DA:614,0
DA:616,0
DA:617,0
DA:620,0
DA:621,0
DA:624,0
DA:625,0
DA:631,0
DA:638,0
DA:644,0
DA:645,0
DA:650,0
DA:651,0
DA:652,0
DA:654,0
DA:659,0
DA:660,0
DA:663,0
DA:665,0
DA:667,0
DA:668,0
DA:672,0
LF:274
LH:0
BRDA:18,0,0,0
BRDA:18,0,1,0
BRDA:27,1,0,0
BRDA:27,1,1,0
BRDA:55,2,0,0
BRDA:55,2,1,0
BRDA:72,3,0,0
BRDA:72,3,1,0
BRDA:102,4,0,0
BRDA:102,4,1,0
BRDA:102,5,0,0
BRDA:102,5,1,0
BRDA:113,6,0,0
BRDA:113,6,1,0
BRDA:117,7,0,0
BRDA:117,7,1,0
BRDA:121,8,0,0
BRDA:121,8,1,0
BRDA:123,9,0,0
BRDA:123,9,1,0
BRDA:125,10,0,0
BRDA:125,10,1,0
BRDA:127,11,0,0
BRDA:127,11,1,0
BRDA:129,12,0,0
BRDA:129,12,1,0
BRDA:131,13,0,0
BRDA:131,13,1,0
BRDA:133,14,0,0
BRDA:133,14,1,0
BRDA:137,15,0,0
BRDA:137,15,1,0
BRDA:141,16,0,0
BRDA:141,16,1,0
BRDA:143,17,0,0
BRDA:143,17,1,0
BRDA:145,18,0,0
BRDA:145,18,1,0
BRDA:149,19,0,0
BRDA:149,19,1,0
BRDA:154,20,0,0
BRDA:154,20,1,0
BRDA:199,21,0,0
BRDA:199,21,1,0
BRDA:247,22,0,0
BRDA:247,22,1,0
BRDA:256,23,0,0
BRDA:256,23,1,0
BRDA:264,24,0,0
BRDA:264,24,1,0
BRDA:264,25,0,0
BRDA:264,25,1,0
BRDA:264,25,2,0
BRDA:270,26,0,0
BRDA:270,26,1,0
BRDA:282,27,0,0
BRDA:282,27,1,0
BRDA:286,28,0,0
BRDA:286,28,1,0
BRDA:290,29,0,0
BRDA:290,29,1,0
BRDA:292,30,0,0
BRDA:292,30,1,0
BRDA:294,31,0,0
BRDA:294,31,1,0
BRDA:294,32,0,0
BRDA:294,32,1,0
BRDA:298,33,0,0
BRDA:298,33,1,0
BRDA:302,34,0,0
BRDA:302,34,1,0
BRDA:305,35,0,0
BRDA:305,35,1,0
BRDA:352,36,0,0
BRDA:352,36,1,0
BRDA:361,37,0,0
BRDA:361,37,1,0
BRDA:369,38,0,0
BRDA:369,38,1,0
BRDA:369,39,0,0
BRDA:369,39,1,0
BRDA:375,40,0,0
BRDA:375,40,1,0
BRDA:408,41,0,0
BRDA:408,41,1,0
BRDA:408,42,0,0
BRDA:408,42,1,0
BRDA:446,43,0,0
BRDA:446,43,1,0
BRDA:463,44,0,0
BRDA:463,44,1,0
BRDA:463,45,0,0
BRDA:463,45,1,0
BRDA:466,46,0,0
BRDA:466,46,1,0
BRDA:466,47,0,0
BRDA:466,47,1,0
BRDA:472,48,0,0
BRDA:472,48,1,0
BRDA:495,49,0,0
BRDA:495,49,1,0
BRDA:496,50,0,0
BRDA:496,50,1,0
BRDA:499,51,0,0
BRDA:499,51,1,0
BRDA:510,52,0,0
BRDA:510,52,1,0
BRDA:515,53,0,0
BRDA:515,53,1,0
BRDA:543,54,0,0
BRDA:543,54,1,0
BRDA:543,55,0,0
BRDA:543,55,1,0
BRDA:543,55,2,0
BRDA:546,56,0,0
BRDA:546,56,1,0
BRDA:549,57,0,0
BRDA:549,57,1,0
BRDA:554,58,0,0
BRDA:554,58,1,0
BRDA:559,59,0,0
BRDA:559,59,1,0
BRDA:587,60,0,0
BRDA:587,60,1,0
BRDA:595,61,0,0
BRDA:595,61,1,0
BRDA:595,62,0,0
BRDA:595,62,1,0
BRDA:595,62,2,0
BRDA:603,63,0,0
BRDA:603,63,1,0
BRDA:603,64,0,0
BRDA:603,64,1,0
BRDA:603,64,2,0
BRDA:611,65,0,0
BRDA:611,65,1,0
BRDA:613,66,0,0
BRDA:613,66,1,0
BRDA:620,67,0,0
BRDA:620,67,1,0
BRDA:659,68,0,0
BRDA:659,68,1,0
BRDA:659,69,0,0
BRDA:659,69,1,0
BRF:144
BRH:0
end_of_record
TN:
SF:api/searchApi.js
FN:8,(anonymous_0)
FN:60,(anonymous_1)
FN:76,(anonymous_2)
FN:82,(anonymous_3)
FN:114,(anonymous_4)
FN:143,(anonymous_5)
FN:162,(anonymous_6)
FN:169,(anonymous_7)
FN:193,(anonymous_8)
FN:228,(anonymous_9)
FN:246,(anonymous_10)
FN:272,(anonymous_11)
FN:303,(anonymous_12)
FN:337,(anonymous_13)
FN:364,(anonymous_14)
FN:405,(anonymous_15)
FN:433,(anonymous_16)
FN:471,(anonymous_17)
FNF:18
FNH:6
FNDA:5,(anonymous_0)
FNDA:3,(anonymous_1)
FNDA:2,(anonymous_2)
FNDA:2,(anonymous_3)
FNDA:0,(anonymous_4)
FNDA:1,(anonymous_5)
FNDA:0,(anonymous_6)
FNDA:0,(anonymous_7)
FNDA:0,(anonymous_8)
FNDA:0,(anonymous_9)
FNDA:2,(anonymous_10)
FNDA:0,(anonymous_11)
FNDA:0,(anonymous_12)
FNDA:0,(anonymous_13)
FNDA:0,(anonymous_14)
FNDA:0,(anonymous_15)
FNDA:0,(anonymous_16)
FNDA:0,(anonymous_17)
DA:1,1
DA:2,1
DA:3,1
DA:4,1
DA:5,1
DA:8,1
DA:9,5
DA:10,5
DA:13,5
DA:16,5
DA:17,1
DA:18,1
DA:19,0
DA:20,0
DA:22,1
DA:23,1
DA:32,4
DA:33,1
DA:40,3
DA:41,1
DA:48,2
DA:51,2
DA:59,2
DA:61,3
DA:62,3
DA:64,3
DA:73,2
DA:74,2
DA:75,1
DA:76,1
DA:78,2
DA:81,2
DA:83,2
DA:88,2
DA:92,2
DA:104,0
DA:105,0
DA:114,1
DA:115,0
DA:116,0
DA:118,0
DA:119,0
DA:125,0
DA:127,0
DA:133,0
DA:134,0
DA:143,1
DA:144,1
DA:145,1
DA:147,1
DA:152,0
DA:153,0
DA:162,1
DA:163,0
DA:164,0
DA:165,0
DA:168,0
DA:170,0
DA:171,0
DA:178,0
DA:183,0
DA:184,0
DA:193,1
DA:194,0
DA:195,0
DA:197,0
DA:198,0
DA:205,0
DA:208,0
DA:215,0
DA:218,0
DA:227,0
DA:228,0
DA:230,0
DA:236,0
DA:237,0
DA:246,1
DA:247,2
DA:248,2
DA:250,2
DA:251,0
DA:258,2
DA:260,2
DA:261,1
DA:268,1
DA:271,1
DA:273,0
DA:274,0
DA:282,1
DA:284,1
DA:293,0
DA:294,0
DA:303,1
DA:304,0
DA:305,0
DA:308,0
DA:309,0
DA:311,0
DA:312,0
DA:313,0
DA:316,0
DA:317,0
DA:318,0
DA:321,0
DA:333,0
DA:336,0
DA:338,0
DA:339,0
DA:340,0
DA:348,0
DA:354,0
DA:355,0
DA:364,1
DA:365,0
DA:366,0
DA:368,0
DA:388,0
DA:390,0
DA:395,0
DA:396,0
DA:405,1
DA:406,0
DA:407,0
DA:409,0
DA:410,0
DA:416,0
DA:418,0
DA:423,0
DA:424,0
DA:433,1
DA:434,0
DA:435,0
DA:437,0
DA:438,0
DA:444,0
DA:445,0
DA:451,0
DA:453,0
DA:461,0
DA:462,0
DA:471,1
DA:472,0
DA:473,0
DA:474,0
DA:475,0
DA:476,0
DA:478,0
DA:479,0
DA:481,0
DA:482,0
DA:486,1
LF:151
LH:57
BRDA:13,0,0,5
BRDA:13,0,1,4
BRDA:16,1,0,1
BRDA:16,1,1,4
BRDA:16,2,0,5
BRDA:16,2,1,1
BRDA:16,2,2,1
BRDA:32,3,0,1
BRDA:32,3,1,3
BRDA:32,4,0,4
BRDA:32,4,1,3
BRDA:40,5,0,1
BRDA:40,5,1,2
BRDA:40,6,0,3
BRDA:40,6,1,3
BRDA:40,6,2,2
BRDA:40,6,3,2
BRDA:74,7,0,1
BRDA:74,7,1,1
BRDA:78,8,0,2
BRDA:78,8,1,2
BRDA:83,9,0,2
BRDA:83,9,1,1
BRDA:83,9,2,1
BRDA:88,10,0,2
BRDA:88,10,1,1
BRDA:99,11,0,2
BRDA:99,11,1,1
BRDA:118,12,0,0
BRDA:118,12,1,0
BRDA:164,13,0,0
BRDA:164,13,1,0
BRDA:197,14,0,0
BRDA:197,14,1,0
BRDA:197,15,0,0
BRDA:197,15,1,0
BRDA:250,16,0,0
BRDA:250,16,1,2
BRDA:260,17,0,1
BRDA:260,17,1,1
BRDA:311,18,0,0
BRDA:311,18,1,0
BRDA:316,19,0,0
BRDA:316,19,1,0
BRDA:366,20,0,0
BRDA:366,20,1,0
BRDA:409,21,0,0
BRDA:409,21,1,0
BRDA:409,22,0,0
BRDA:409,22,1,0
BRDA:437,23,0,0
BRDA:437,23,1,0
BRDA:437,24,0,0
BRDA:437,24,1,0
BRDA:444,25,0,0
BRDA:444,25,1,0
BRDA:444,26,0,0
BRDA:444,26,1,0
BRDA:444,26,2,0
BRDA:444,26,3,0
BRDA:474,27,0,0
BRDA:475,28,0,0
BRDA:475,28,1,0
BRDA:475,29,0,0
BRDA:475,29,1,0
BRF:65
BRH:31
end_of_record
TN:
SF:api/staffApi.js
FN:7,(anonymous_0)
FN:33,(anonymous_1)
FN:42,(anonymous_2)
FN:52,formatLocalDatetime
FN:70,(anonymous_4)
FN:98,(anonymous_5)
FN:162,(anonymous_6)
FN:254,(anonymous_7)
FN:286,(anonymous_8)
FN:327,(anonymous_9)
FNF:10
FNH:0
FNDA:0,(anonymous_0)
FNDA:0,(anonymous_1)
FNDA:0,(anonymous_2)
FNDA:0,formatLocalDatetime
FNDA:0,(anonymous_4)
FNDA:0,(anonymous_5)
FNDA:0,(anonymous_6)
FNDA:0,(anonymous_7)
FNDA:0,(anonymous_8)
FNDA:0,(anonymous_9)
DA:1,0
DA:2,0
DA:3,0
DA:4,0
DA:7,0
DA:8,0
DA:9,0
DA:11,0
DA:16,0
DA:17,0
DA:20,0
DA:21,0
DA:24,0
DA:25,0
DA:27,0
DA:28,0
DA:33,0
DA:34,0
DA:38,0
DA:42,0
DA:43,0
DA:49,0
DA:53,0
DA:54,0
DA:55,0
DA:56,0
DA:57,0
DA:58,0
DA:59,0
DA:67,0
DA:70,0
DA:71,0
DA:72,0
DA:73,0
DA:74,0
DA:77,0
DA:78,0
DA:79,0
DA:82,0
DA:89,0
DA:91,0
DA:92,0
DA:98,0
DA:99,0
DA:100,0
DA:101,0
DA:103,0
DA:104,0
DA:107,0
DA:108,0
DA:111,0
DA:112,0
DA:113,0
DA:116,0
DA:143,0
DA:145,0
DA:147,0
DA:155,0
DA:156,0
DA:162,0
DA:163,0
DA:164,0
DA:166,0
DA:167,0
DA:170,0
DA:171,0
DA:172,0
DA:175,0
DA:176,0
DA:177,0
DA:181,0
DA:186,0
DA:187,0
DA:190,0
DA:191,0
DA:192,0
DA:193,0
DA:195,0
DA:196,0
DA:198,0
DA:199,0
DA:200,0
DA:203,0
DA:205,0
DA:206,0
DA:207,0
DA:210,0
DA:211,0
DA:214,0
DA:216,0
DA:217,0
DA:218,0
DA:220,0
DA:221,0
DA:222,0
DA:226,0
DA:231,0
DA:247,0
DA:248,0
DA:252,0
DA:253,0
DA:254,0
DA:255,0
DA:256,0
DA:257,0
DA:260,0
DA:261,0
DA:264,0
DA:277,0
DA:279,0
DA:280,0
DA:286,0
DA:287,0
DA:288,0
DA:289,0
DA:291,0
DA:292,0
DA:295,0
DA:296,0
DA:297,0
DA:300,0
DA:301,0
DA:302,0
DA:305,0
DA:306,0
DA:308,0
DA:309,0
DA:311,0
DA:312,0
DA:315,0
DA:316,0
DA:318,0
DA:320,0
DA:321,0
DA:327,0
DA:328,0
DA:329,0
DA:331,0
DA:332,0
DA:335,0
DA:336,0
DA:337,0
DA:340,0
DA:345,0
DA:346,0
DA:349,0
DA:350,0
DA:353,0
DA:355,0
DA:357,0
DA:358,0
DA:362,0
LF:152
LH:0
BRDA:16,0,0,0
BRDA:16,0,1,0
BRDA:20,1,0,0
BRDA:20,1,1,0
BRDA:73,2,0,0
BRDA:73,2,1,0
BRDA:78,3,0,0
BRDA:78,3,1,0
BRDA:103,4,0,0
BRDA:103,4,1,0
BRDA:107,5,0,0
BRDA:107,5,1,0
BRDA:107,6,0,0
BRDA:107,6,1,0
BRDA:112,7,0,0
BRDA:112,7,1,0
BRDA:151,8,0,0
BRDA:151,8,1,0
BRDA:152,9,0,0
BRDA:152,9,1,0
BRDA:166,10,0,0
BRDA:166,10,1,0
BRDA:166,11,0,0
BRDA:166,11,1,0
BRDA:166,11,2,0
BRDA:166,11,3,0
BRDA:166,11,4,0
BRDA:171,12,0,0
BRDA:171,12,1,0
BRDA:176,13,0,0
BRDA:176,13,1,0
BRDA:186,14,0,0
BRDA:186,14,1,0
BRDA:192,15,0,0
BRDA:192,15,1,0
BRDA:193,16,0,0
BRDA:193,16,1,0
BRDA:199,17,0,0
BRDA:199,17,1,0
BRDA:199,18,0,0
BRDA:199,18,1,0
BRDA:205,19,0,0
BRDA:205,19,1,0
BRDA:206,20,0,0
BRDA:206,20,1,0
BRDA:206,21,0,0
BRDA:206,21,1,0
BRDA:210,22,0,0
BRDA:210,22,1,0
BRDA:216,23,0,0
BRDA:216,23,1,0
BRDA:218,24,0,0
BRDA:218,24,1,0
BRDA:224,25,0,0
BRDA:224,25,1,0
BRDA:247,26,0,0
BRDA:247,26,1,0
BRDA:257,27,0,0
BRDA:257,27,1,0
BRDA:260,28,0,0
BRDA:260,28,1,0
BRDA:270,29,0,0
BRDA:270,29,1,0
BRDA:271,30,0,0
BRDA:271,30,1,0
BRDA:272,31,0,0
BRDA:272,31,1,0
BRDA:272,32,0,0
BRDA:272,32,1,0
BRDA:273,33,0,0
BRDA:273,33,1,0
BRDA:273,34,0,0
BRDA:273,34,1,0
BRDA:291,35,0,0
BRDA:291,35,1,0
BRDA:296,36,0,0
BRDA:296,36,1,0
BRDA:301,37,0,0
BRDA:301,37,1,0
BRDA:301,38,0,0
BRDA:301,38,1,0
BRDA:308,39,0,0
BRDA:308,39,1,0
BRDA:309,40,0,0
BRDA:309,40,1,0
BRDA:309,41,0,0
BRDA:309,41,1,0
BRDA:311,42,0,0
BRDA:311,42,1,0
BRDA:331,43,0,0
BRDA:331,43,1,0
BRDA:336,44,0,0
BRDA:336,44,1,0
BRDA:345,45,0,0
BRDA:345,45,1,0
BRDA:349,46,0,0
BRDA:349,46,1,0
BRF:97
BRH:0
end_of_record
TN:
SF:api/timeBlocksApi.js
FN:17,(anonymous_0)
FN:54,(anonymous_1)
FN:82,(anonymous_2)
FN:114,(anonymous_3)
FN:180,(anonymous_4)
FN:218,(anonymous_5)
FN:304,(anonymous_6)
FN:339,(anonymous_7)
FNF:8
FNH:0
FNDA:0,(anonymous_0)
FNDA:0,(anonymous_1)
FNDA:0,(anonymous_2)
FNDA:0,(anonymous_3)
FNDA:0,(anonymous_4)
FNDA:0,(anonymous_5)
FNDA:0,(anonymous_6)
FNDA:0,(anonymous_7)
DA:1,0
DA:2,0
DA:12,0
DA:13,0
DA:14,0
DA:17,0
DA:18,0
DA:19,0
DA:20,0
DA:25,0
DA:26,0
DA:32,0
DA:33,0
DA:39,0
DA:40,0
DA:42,0
DA:43,0
DA:51,0
DA:54,0
DA:55,0
DA:56,0
DA:57,0
DA:59,0
DA:60,0
DA:66,0
DA:68,0
DA:73,0
DA:74,0
DA:82,0
DA:83,0
DA:84,0
DA:86,0
DA:100,0
DA:105,0
DA:106,0
DA:114,0
DA:115,0
DA:116,0
DA:117,0
DA:120,0
DA:121,0
DA:127,0
DA:128,0
DA:131,0
DA:132,0
DA:139,0
DA:140,0
DA:141,0
DA:148,0
DA:149,0
DA:150,0
DA:151,0
DA:159,0
DA:160,0
DA:161,0
DA:166,0
DA:167,0
DA:175,0
DA:176,0
DA:177,0
DA:180,0
DA:190,0
DA:200,0
DA:209,0
DA:210,0
DA:218,0
DA:219,0
DA:220,0
DA:221,0
DA:222,0
DA:224,0
DA:225,0
DA:232,0
DA:233,0
DA:234,0
DA:241,0
DA:242,0
DA:243,0
DA:244,0
DA:245,0
DA:253,0
DA:255,0
DA:256,0
DA:257,0
DA:258,0
DA:259,0
DA:262,0
DA:270,0
DA:271,0
DA:273,0
DA:274,0
DA:275,0
DA:276,0
DA:277,0
DA:278,0
DA:280,0
DA:290,0
DA:298,0
DA:299,0
DA:300,0
DA:301,0
DA:304,0
DA:315,0
DA:325,0
DA:330,0
DA:331,0
DA:339,0
DA:340,0
DA:341,0
DA:342,0
DA:343,0
DA:345,0
DA:346,0
DA:353,0
DA:354,0
DA:355,0
DA:362,0
DA:363,0
DA:364,0
DA:365,0
DA:366,0
DA:369,0
DA:372,0
DA:373,0
DA:375,0
DA:376,0
DA:377,0
DA:378,0
DA:379,0
DA:380,0
DA:382,0
DA:392,0
DA:399,0
DA:401,0
DA:406,0
DA:407,0
DA:414,0
LF:137
LH:0
BRDA:25,0,0,0
BRDA:25,0,1,0
BRDA:32,1,0,0
BRDA:32,1,1,0
BRDA:59,2,0,0
BRDA:59,2,1,0
BRDA:59,3,0,0
BRDA:59,3,1,0
BRDA:120,4,0,0
BRDA:120,4,1,0
BRDA:120,5,0,0
BRDA:120,5,1,0
BRDA:131,6,0,0
BRDA:131,6,1,0
BRDA:140,7,0,0
BRDA:140,7,1,0
BRDA:140,8,0,0
BRDA:140,8,1,0
BRDA:148,9,0,0
BRDA:148,9,1,0
BRDA:150,10,0,0
BRDA:150,10,1,0
BRDA:159,11,0,0
BRDA:159,11,1,0
BRDA:160,12,0,0
BRDA:160,12,1,0
BRDA:160,13,0,0
BRDA:160,13,1,0
BRDA:166,14,0,0
BRDA:166,14,1,0
BRDA:166,15,0,0
BRDA:166,15,1,0
BRDA:166,15,2,0
BRDA:166,15,3,0
BRDA:176,16,0,0
BRDA:176,16,1,0
BRDA:193,17,0,0
BRDA:193,17,1,0
BRDA:194,18,0,0
BRDA:194,18,1,0
BRDA:195,19,0,0
BRDA:195,19,1,0
BRDA:195,20,0,0
BRDA:195,20,1,0
BRDA:196,21,0,0
BRDA:196,21,1,0
BRDA:202,22,0,0
BRDA:202,22,1,0
BRDA:224,23,0,0
BRDA:224,23,1,0
BRDA:233,24,0,0
BRDA:233,24,1,0
BRDA:233,25,0,0
BRDA:233,25,1,0
BRDA:241,26,0,0
BRDA:241,26,1,0
BRDA:241,27,0,0
BRDA:241,27,1,0
BRDA:244,28,0,0
BRDA:244,28,1,0
BRDA:253,29,0,0
BRDA:253,29,1,0
BRDA:253,30,0,0
BRDA:253,30,1,0
BRDA:285,31,0,0
BRDA:285,31,1,0
BRDA:298,32,0,0
BRDA:298,32,1,0
BRDA:298,33,0,0
BRDA:298,33,1,0
BRDA:300,34,0,0
BRDA:300,34,1,0
BRDA:316,35,0,0
BRDA:316,35,1,0
BRDA:317,36,0,0
BRDA:317,36,1,0
BRDA:318,37,0,0
BRDA:318,37,1,0
BRDA:319,38,0,0
BRDA:319,38,1,0
BRDA:320,39,0,0
BRDA:320,39,1,0
BRDA:321,40,0,0
BRDA:321,40,1,0
BRDA:322,41,0,0
BRDA:322,41,1,0
BRDA:345,42,0,0
BRDA:345,42,1,0
BRDA:354,43,0,0
BRDA:354,43,1,0
BRDA:354,44,0,0
BRDA:354,44,1,0
BRDA:362,45,0,0
BRDA:362,45,1,0
BRDA:362,46,0,0
BRDA:362,46,1,0
BRDA:362,46,2,0
BRDA:387,47,0,0
BRDA:387,47,1,0
BRF:99
BRH:0
end_of_record
TN:
SF:api/userApi.js
FN:31,calculateTravelBuffer
FN:36,(anonymous_1)
FN:84,(anonymous_2)
FN:184,(anonymous_3)
FN:254,(anonymous_4)
FN:273,(anonymous_5)
FN:274,(anonymous_6)
FN:286,(anonymous_7)
FN:323,(anonymous_8)
FN:330,(anonymous_9)
FN:353,(anonymous_10)
FN:372,(anonymous_11)
FN:400,(anonymous_12)
FN:430,(anonymous_13)
FN:462,(anonymous_14)
FN:482,(anonymous_15)
FN:508,(anonymous_16)
FN:591,formatDateTimeLocal
FN:602,(anonymous_18)
FN:639,(anonymous_19)
FN:662,(anonymous_20)
FN:689,(anonymous_21)
FN:935,(anonymous_22)
FN:971,(anonymous_23)
FN:1035,(anonymous_24)
FN:1048,(anonymous_25)
FN:1066,(anonymous_26)
FNF:27
FNH:8
FNDA:0,calculateTravelBuffer
FNDA:2,(anonymous_1)
FNDA:3,(anonymous_2)
FNDA:4,(anonymous_3)
FNDA:0,(anonymous_4)
FNDA:0,(anonymous_5)
FNDA:0,(anonymous_6)
FNDA:0,(anonymous_7)
FNDA:0,(anonymous_8)
FNDA:0,(anonymous_9)
FNDA:0,(anonymous_10)
FNDA:0,(anonymous_11)
FNDA:0,(anonymous_12)
FNDA:3,(anonymous_13)
FNDA:0,(anonymous_14)
FNDA:0,(anonymous_15)
FNDA:3,(anonymous_16)
FNDA:14,formatDateTimeLocal
FNDA:0,(anonymous_18)
FNDA:0,(anonymous_19)
FNDA:0,(anonymous_20)
FNDA:4,(anonymous_21)
FNDA:0,(anonymous_22)
FNDA:3,(anonymous_23)
FNDA:0,(anonymous_24)
FNDA:0,(anonymous_25)
FNDA:0,(anonymous_26)
DA:1,1
DA:2,1
DA:3,1
DA:4,1
DA:5,1
DA:19,1
DA:20,1
DA:21,1
DA:22,1
DA:23,1
DA:26,1
DA:32,0
DA:36,1
DA:37,2
DA:39,2
DA:41,2
DA:42,0
DA:48,2
DA:50,2
DA:51,1
DA:58,1
DA:75,0
DA:76,0
DA:84,1
DA:85,3
DA:86,3
DA:87,3
DA:89,3
DA:90,0
DA:97,3
DA:98,1
DA:105,2
DA:106,0
DA:113,2
DA:114,2
DA:115,0
DA:122,2
DA:123,2
DA:124,1
DA:131,1
DA:132,1
DA:133,1
DA:134,1
DA:137,1
DA:138,1
DA:141,1
DA:149,1
DA:150,0
DA:157,1
DA:159,1
DA:175,0
DA:176,0
DA:184,1
DA:185,4
DA:186,4
DA:187,4
DA:189,4
DA:190,0
DA:197,4
DA:198,1
DA:205,3
DA:206,1
DA:213,2
DA:214,0
DA:221,2
DA:222,2
DA:223,0
DA:230,2
DA:231,2
DA:232,1
DA:239,1
DA:242,1
DA:243,1
DA:244,0
DA:251,1
DA:252,1
DA:254,1
DA:255,0
DA:259,1
DA:264,0
DA:265,0
DA:273,1
DA:274,0
DA:275,0
DA:276,0
DA:277,0
DA:279,0
DA:280,0
DA:282,0
DA:284,0
DA:287,0
DA:288,0
DA:290,0
DA:291,0
DA:295,0
DA:296,0
DA:297,0
DA:300,0
DA:303,0
DA:306,0
DA:309,0
DA:311,0
DA:317,0
DA:318,0
DA:323,1
DA:324,0
DA:325,0
DA:326,0
DA:329,0
DA:331,0
DA:332,0
DA:339,0
DA:344,0
DA:345,0
DA:353,1
DA:354,0
DA:355,0
DA:356,0
DA:358,0
DA:363,0
DA:364,0
DA:372,1
DA:373,0
DA:374,0
DA:375,0
DA:377,0
DA:378,0
DA:384,0
DA:386,0
DA:391,0
DA:392,0
DA:400,1
DA:401,0
DA:402,0
DA:403,0
DA:405,0
DA:406,0
DA:412,0
DA:414,0
DA:419,0
DA:420,0
DA:430,1
DA:431,3
DA:432,3
DA:433,3
DA:435,3
DA:436,1
DA:439,2
DA:440,0
DA:444,2
DA:445,2
DA:446,0
DA:448,2
DA:449,1
DA:452,1
DA:454,1
DA:456,0
DA:457,0
DA:462,1
DA:463,0
DA:464,0
DA:465,0
DA:467,0
DA:470,0
DA:471,0
DA:474,0
DA:476,0
DA:477,0
DA:482,1
DA:483,0
DA:484,0
DA:486,0
DA:487,0
DA:488,0
DA:494,0
DA:499,0
DA:500,0
DA:508,1
DA:509,3
DA:510,3
DA:511,3
DA:513,3
DA:514,0
DA:521,3
DA:522,1
DA:529,2
DA:530,2
DA:531,0
DA:538,2
DA:539,2
DA:540,1
DA:547,1
DA:555,1
DA:561,1
DA:567,1
DA:568,1
DA:569,0
DA:575,1
DA:580,0
DA:581,0
DA:592,14
DA:593,14
DA:594,14
DA:595,14
DA:596,14
DA:597,14
DA:598,14
DA:602,1
DA:603,0
DA:604,0
DA:607,0
DA:635,0
DA:638,0
DA:640,0
DA:641,0
DA:648,0
DA:653,0
DA:654,0
DA:662,1
DA:663,0
DA:664,0
DA:667,0
DA:673,0
DA:675,0
DA:680,0
DA:681,0
DA:689,1
DA:690,4
DA:692,4
DA:693,4
DA:694,4
DA:697,4
DA:698,1
DA:705,3
DA:706,3
DA:707,1
DA:714,2
DA:715,0
DA:722,2
DA:723,2
DA:724,0
DA:731,2
DA:732,2
DA:735,2
DA:736,0
DA:743,2
DA:744,2
DA:745,2
DA:746,2
DA:747,2
DA:749,2
DA:750,0
DA:757,2
DA:759,2
DA:761,2
DA:764,2
DA:779,2
DA:780,0
DA:781,0
DA:784,0
DA:785,0
DA:787,0
DA:790,0
DA:796,0
DA:797,0
DA:799,0
DA:804,0
DA:805,0
DA:809,0
DA:814,0
DA:818,0
DA:819,0
DA:822,0
DA:823,0
DA:824,0
DA:827,0
DA:828,0
DA:830,0
DA:833,0
DA:841,2
DA:862,2
DA:863,1
DA:864,1
DA:871,1
DA:888,1
DA:891,1
DA:909,1
DA:911,1
DA:918,0
DA:919,0
DA:923,0
DA:924,0
DA:929,4
DA:935,1
DA:936,0
DA:937,0
DA:938,0
DA:939,0
DA:941,0
DA:942,0
DA:945,0
DA:947,0
DA:948,0
DA:951,0
DA:952,0
DA:955,0
DA:956,0
DA:959,0
DA:964,0
DA:966,0
DA:967,0
DA:971,1
DA:972,3
DA:973,3
DA:974,3
DA:976,3
DA:977,0
DA:984,3
DA:986,3
DA:987,0
DA:993,3
DA:994,1
DA:1000,2
DA:1001,1
DA:1008,1
DA:1028,1
DA:1034,1
DA:1035,1
DA:1036,0
DA:1040,1
DA:1041,1
DA:1048,0
DA:1051,1
DA:1057,0
DA:1058,0
DA:1066,1
DA:1067,0
DA:1068,0
DA:1069,0
DA:1071,0
DA:1072,0
DA:1078,0
DA:1079,0
DA:1085,0
DA:1088,0
DA:1089,0
DA:1090,0
DA:1097,0
DA:1098,0
DA:1099,0
DA:1101,0
DA:1102,0
DA:1108,0
DA:1110,0
DA:1118,0
DA:1119,0
DA:1126,1
LF:357
LH:169
BRDA:41,0,0,0
BRDA:41,0,1,2
BRDA:50,1,0,1
BRDA:50,1,1,1
BRDA:69,2,0,1
BRDA:69,2,1,1
BRDA:89,3,0,0
BRDA:89,3,1,3
BRDA:97,4,0,1
BRDA:97,4,1,2
BRDA:97,5,0,3
BRDA:97,5,1,2
BRDA:105,6,0,0
BRDA:105,6,1,2
BRDA:105,7,0,2
BRDA:105,7,1,2
BRDA:114,8,0,0
BRDA:114,8,1,2
BRDA:123,9,0,1
BRDA:123,9,1,1
BRDA:133,10,0,1
BRDA:133,10,1,0
BRDA:134,11,0,1
BRDA:134,11,1,0
BRDA:137,12,0,1
BRDA:137,12,1,1
BRDA:137,12,2,1
BRDA:138,13,0,1
BRDA:138,13,1,0
BRDA:149,14,0,0
BRDA:149,14,1,1
BRDA:189,15,0,0
BRDA:189,15,1,4
BRDA:197,16,0,1
BRDA:197,16,1,3
BRDA:197,17,0,4
BRDA:197,17,1,4
BRDA:197,17,2,3
BRDA:205,18,0,1
BRDA:205,18,1,2
BRDA:213,19,0,0
BRDA:213,19,1,2
BRDA:222,20,0,0
BRDA:222,20,1,2
BRDA:231,21,0,1
BRDA:231,21,1,1
BRDA:243,22,0,0
BRDA:243,22,1,1
BRDA:252,23,0,1
BRDA:252,23,1,0
BRDA:275,24,0,0
BRDA:275,24,1,0
BRDA:276,25,0,0
BRDA:276,25,1,0
BRDA:279,26,0,0
BRDA:279,26,1,0
BRDA:290,27,0,0
BRDA:290,27,1,0
BRDA:296,28,0,0
BRDA:296,28,1,0
BRDA:377,29,0,0
BRDA:377,29,1,0
BRDA:377,30,0,0
BRDA:377,30,1,0
BRDA:405,31,0,0
BRDA:405,31,1,0
BRDA:405,32,0,0
BRDA:405,32,1,0
BRDA:435,33,0,1
BRDA:435,33,1,2
BRDA:435,34,0,3
BRDA:435,34,1,3
BRDA:435,34,2,2
BRDA:435,34,3,2
BRDA:435,34,4,2
BRDA:439,35,0,0
BRDA:439,35,1,2
BRDA:439,36,0,2
BRDA:439,36,1,2
BRDA:439,36,2,2
BRDA:439,36,3,2
BRDA:445,37,0,0
BRDA:445,37,1,2
BRDA:445,38,0,2
BRDA:445,38,1,2
BRDA:448,39,0,1
BRDA:448,39,1,1
BRDA:470,40,0,0
BRDA:470,40,1,0
BRDA:470,41,0,0
BRDA:470,41,1,0
BRDA:487,42,0,0
BRDA:487,42,1,0
BRDA:513,43,0,0
BRDA:513,43,1,3
BRDA:521,44,0,1
BRDA:521,44,1,2
BRDA:530,45,0,0
BRDA:530,45,1,2
BRDA:539,46,0,1
BRDA:539,46,1,1
BRDA:568,47,0,0
BRDA:568,47,1,1
BRDA:697,48,0,1
BRDA:697,48,1,3
BRDA:697,49,0,4
BRDA:697,49,1,4
BRDA:697,49,2,3
BRDA:697,49,3,3
BRDA:706,50,0,1
BRDA:706,50,1,2
BRDA:714,51,0,0
BRDA:714,51,1,2
BRDA:723,52,0,0
BRDA:723,52,1,2
BRDA:723,53,0,2
BRDA:723,53,1,2
BRDA:735,54,0,0
BRDA:735,54,1,2
BRDA:743,55,0,2
BRDA:743,55,1,0
BRDA:744,56,0,2
BRDA:744,56,1,0
BRDA:749,57,0,0
BRDA:749,57,1,2
BRDA:749,58,0,2
BRDA:749,58,1,2
BRDA:749,58,2,2
BRDA:749,58,3,0
BRDA:787,59,0,0
BRDA:787,59,1,0
BRDA:787,60,0,0
BRDA:787,60,1,0
BRDA:787,60,2,0
BRDA:787,60,3,0
BRDA:787,60,4,0
BRDA:797,61,0,0
BRDA:797,61,1,0
BRDA:809,62,0,0
BRDA:809,62,1,0
BRDA:814,63,0,0
BRDA:814,63,1,0
BRDA:814,63,2,0
BRDA:814,63,3,0
BRDA:818,64,0,0
BRDA:818,64,1,0
BRDA:827,65,0,0
BRDA:827,65,1,0
BRDA:862,66,0,1
BRDA:862,66,1,1
BRDA:883,67,0,1
BRDA:883,67,1,0
BRDA:941,68,0,0
BRDA:941,68,1,0
BRDA:941,69,0,0
BRDA:941,69,1,0
BRDA:947,70,0,0
BRDA:947,70,1,0
BRDA:951,71,0,0
BRDA:951,71,1,0
BRDA:955,72,0,0
BRDA:955,72,1,0
BRDA:961,73,0,0
BRDA:961,73,1,0
BRDA:976,74,0,0
BRDA:976,74,1,3
BRDA:976,75,0,3
BRDA:976,75,1,3
BRDA:986,76,0,0
BRDA:986,76,1,3
BRDA:993,77,0,1
BRDA:993,77,1,2
BRDA:1000,78,0,1
BRDA:1000,78,1,1
BRDA:1034,79,0,1
BRDA:1034,79,1,0
BRDA:1071,80,0,0
BRDA:1071,80,1,0
BRDA:1071,81,0,0
BRDA:1071,81,1,0
BRDA:1078,82,0,0
BRDA:1078,82,1,0
BRDA:1085,83,0,0
BRDA:1085,83,1,0
BRDA:1089,84,0,0
BRDA:1089,84,1,0
BRDA:1101,85,0,0
BRDA:1101,85,1,0
BRF:188
BRH:92
end_of_record
TN:
SF:api/waitlistApi.js
FN:7,(anonymous_0)
FN:21,(anonymous_1)
FN:32,(anonymous_2)
FNF:3
FNH:0
FNDA:0,(anonymous_0)
FNDA:0,(anonymous_1)
FNDA:0,(anonymous_2)
DA:1,0
DA:2,0
DA:3,0
DA:4,0
DA:7,0
DA:8,0
DA:9,0
DA:10,0
DA:11,0
DA:12,0
DA:13,0
DA:14,0
DA:16,0
DA:21,0
DA:22,0
DA:23,0
DA:24,0
DA:25,0
DA:27,0
DA:32,0
DA:33,0
DA:34,0
DA:35,0
DA:36,0
DA:38,0
DA:42,0
LF:26
LH:0
BRDA:11,0,0,0
BRDA:11,0,1,0
BRDA:11,1,0,0
BRDA:11,1,1,0
BRDA:11,1,2,0
BRDA:11,1,3,0
BRF:6
BRH:0
end_of_record
TN:
SF:api/auth/AuthMiddleware.js
FN:4,(anonymous_0)
FNF:1
FNH:1
FNDA:47,(anonymous_0)
DA:1,4
DA:2,4
DA:4,4
DA:5,47
DA:6,47
DA:7,47
DA:9,47
DA:10,1
DA:16,46
DA:17,0
DA:18,0
DA:24,46
DA:25,46
DA:27,2
DA:28,2
DA:32,2
DA:39,44
DA:42,44
DA:43,0
DA:47,0
DA:48,0
DA:53,0
DA:57,44
DA:58,18
DA:62,18
DA:63,0
DA:68,18
DA:69,1
DA:75,17
DA:76,0
DA:84,26
DA:88,26
DA:89,1
DA:94,25
DA:95,1
DA:101,24
DA:102,1
DA:110,40
DA:112,0
DA:113,0
DA:119,4
LF:41
LH:31
BRDA:7,0,0,47
BRDA:7,0,1,46
BRDA:9,1,0,1
BRDA:9,1,1,46
BRDA:16,2,0,0
BRDA:16,2,1,46
BRDA:27,3,0,1
BRDA:27,3,1,1
BRDA:28,4,0,1
BRDA:28,4,1,1
BRDA:42,5,0,0
BRDA:42,5,1,44
BRDA:47,6,0,0
BRDA:47,6,1,0
BRDA:57,7,0,18
BRDA:57,7,1,26
BRDA:62,8,0,0
BRDA:62,8,1,18
BRDA:62,9,0,18
BRDA:62,9,1,18
BRDA:68,10,0,1
BRDA:68,10,1,17
BRDA:75,11,0,0
BRDA:75,11,1,17
BRDA:88,12,0,1
BRDA:88,12,1,25
BRDA:94,13,0,1
BRDA:94,13,1,24
BRDA:101,14,0,1
BRDA:101,14,1,23
BRF:30
BRH:24
end_of_record
TN:
SF:api/auth/LoginApi.js
FN:20,(anonymous_0)
FN:23,(anonymous_1)
FN:34,(anonymous_2)
FN:61,(anonymous_3)
FN:81,(anonymous_4)
FN:111,(anonymous_5)
FN:128,(anonymous_6)
FN:238,(anonymous_7)
FN:394,(anonymous_8)
FN:428,(anonymous_9)
FN:502,(anonymous_10)
FNF:11
FNH:5
FNDA:0,(anonymous_0)
FNDA:0,(anonymous_1)
FNDA:1,(anonymous_2)
FNDA:0,(anonymous_3)
FNDA:4,(anonymous_4)
FNDA:0,(anonymous_5)
FNDA:6,(anonymous_6)
FNDA:4,(anonymous_7)
FNDA:2,(anonymous_8)
FNDA:0,(anonymous_9)
FNDA:0,(anonymous_10)
DA:1,1
DA:2,1
DA:3,1
DA:4,1
DA:5,1
DA:6,1
DA:7,1
DA:8,1
DA:9,1
DA:10,1
DA:11,1
DA:12,1
DA:16,1
DA:17,1
DA:19,1
DA:21,0
DA:24,0
DA:28,1
DA:34,1
DA:35,1
DA:36,0
DA:37,0
DA:40,1
DA:41,0
DA:42,0
DA:45,1
DA:51,1
DA:57,1
DA:61,1
DA:62,0
DA:63,0
DA:66,0
DA:72,0
DA:78,0
DA:81,1
DA:82,4
DA:84,4
DA:85,1
DA:91,3
DA:92,1
DA:97,2
DA:99,2
DA:100,2
DA:101,2
DA:102,1
DA:108,1
DA:111,1
DA:112,0
DA:115,1
DA:120,0
DA:121,0
DA:128,1
DA:129,6
DA:132,6
DA:133,1
DA:139,5
DA:140,0
DA:146,5
DA:147,5
DA:149,5
DA:150,1
DA:156,4
DA:157,4
DA:158,1
DA:165,3
DA:166,1
DA:175,2
DA:177,1
DA:178,1
DA:183,1
DA:191,0
DA:200,1
DA:203,1
DA:209,1
DA:212,1
DA:215,1
DA:223,1
DA:229,0
DA:230,0
DA:238,1
DA:239,4
DA:241,4
DA:242,1
DA:248,3
DA:249,0
DA:250,0
DA:256,3
DA:258,3
DA:264,3
DA:269,3
DA:270,1
DA:271,1
DA:277,2
DA:280,2
DA:282,0
DA:283,0
DA:284,0
DA:285,0
DA:291,0
DA:296,0
DA:297,0
DA:298,0
DA:299,0
DA:300,0
DA:307,2
DA:309,0
DA:310,0
DA:311,0
DA:312,0
DA:318,0
DA:323,0
DA:324,0
DA:325,0
DA:326,0
DA:333,2
DA:334,0
DA:335,0
DA:336,0
DA:342,2
DA:347,2
DA:348,1
DA:349,1
DA:350,1
DA:351,1
DA:362,1
DA:363,1
DA:369,1
DA:375,0
DA:378,0
DA:379,0
DA:381,0
DA:384,0
DA:386,0
DA:394,1
DA:395,2
DA:397,2
DA:398,2
DA:401,2
DA:402,1
DA:404,1
DA:407,1
DA:408,1
DA:410,0
DA:414,2
DA:421,2
DA:428,1
DA:429,0
DA:431,0
DA:432,0
DA:438,0
DA:440,0
DA:445,0
DA:446,0
DA:452,0
DA:454,0
DA:456,0
DA:457,0
DA:464,0
DA:467,0
DA:473,0
DA:476,0
DA:479,0
DA:487,0
DA:493,0
DA:494,0
DA:502,1
DA:503,0
DA:505,0
DA:506,0
DA:512,0
DA:513,0
DA:519,0
DA:520,0
DA:526,0
DA:528,0
DA:530,0
DA:531,0
DA:537,0
DA:540,0
DA:545,0
DA:546,0
DA:552,0
DA:554,0
DA:555,0
DA:562,0
DA:563,0
DA:564,0
DA:565,0
DA:566,0
DA:567,0
DA:575,0
DA:587,0
DA:590,0
DA:596,0
DA:599,0
DA:602,0
DA:610,0
DA:616,0
DA:617,0
DA:622,0
DA:623,0
DA:630,1
LF:202
LH:99
BRDA:34,0,0,0
BRDA:35,1,0,0
BRDA:35,1,1,1
BRDA:40,2,0,0
BRDA:40,2,1,1
BRDA:62,3,0,0
BRDA:62,3,1,0
BRDA:62,4,0,0
BRDA:62,4,1,0
BRDA:84,5,0,1
BRDA:84,5,1,3
BRDA:84,6,0,4
BRDA:84,6,1,4
BRDA:84,6,2,4
BRDA:91,7,0,1
BRDA:91,7,1,2
BRDA:101,8,0,1
BRDA:101,8,1,1
BRDA:132,9,0,1
BRDA:132,9,1,5
BRDA:132,10,0,6
BRDA:132,10,1,5
BRDA:139,11,0,0
BRDA:139,11,1,5
BRDA:149,12,0,1
BRDA:149,12,1,4
BRDA:157,13,0,1
BRDA:157,13,1,3
BRDA:165,14,0,1
BRDA:165,14,1,2
BRDA:175,15,0,1
BRDA:175,15,1,1
BRDA:177,16,0,1
BRDA:177,16,1,0
BRDA:241,17,0,1
BRDA:241,17,1,3
BRDA:248,18,0,0
BRDA:248,18,1,3
BRDA:269,19,0,1
BRDA:269,19,1,2
BRDA:280,20,0,0
BRDA:280,20,1,2
BRDA:282,21,0,0
BRDA:282,21,1,0
BRDA:296,22,0,0
BRDA:296,22,1,0
BRDA:296,23,0,0
BRDA:296,23,1,0
BRDA:296,23,2,0
BRDA:299,24,0,0
BRDA:299,24,1,0
BRDA:299,25,0,0
BRDA:299,25,1,0
BRDA:302,26,0,0
BRDA:302,26,1,0
BRDA:307,27,0,0
BRDA:307,27,1,2
BRDA:309,28,0,0
BRDA:309,28,1,0
BRDA:323,29,0,0
BRDA:323,29,1,0
BRDA:333,30,0,0
BRDA:333,30,1,2
BRDA:347,31,0,1
BRDA:347,31,1,1
BRDA:347,32,0,2
BRDA:347,32,1,2
BRDA:347,32,2,1
BRDA:350,33,0,1
BRDA:350,33,1,0
BRDA:350,34,0,1
BRDA:350,34,1,1
BRDA:353,35,0,1
BRDA:353,35,1,0
BRDA:362,36,0,0
BRDA:362,36,1,1
BRDA:401,37,0,1
BRDA:401,37,1,1
BRDA:431,38,0,0
BRDA:431,38,1,0
BRDA:431,39,0,0
BRDA:431,39,1,0
BRDA:445,40,0,0
BRDA:445,40,1,0
BRDA:456,41,0,0
BRDA:456,41,1,0
BRDA:505,42,0,0
BRDA:505,42,1,0
BRDA:512,43,0,0
BRDA:512,43,1,0
BRDA:512,44,0,0
BRDA:512,44,1,0
BRDA:519,45,0,0
BRDA:519,45,1,0
BRDA:519,46,0,0
BRDA:519,46,1,0
BRDA:530,47,0,0
BRDA:530,47,1,0
BRDA:545,48,0,0
BRDA:545,48,1,0
BRDA:554,49,0,0
BRDA:554,49,1,0
BRDA:562,50,0,0
BRDA:562,50,1,0
BRDA:566,51,0,0
BRDA:566,51,1,0
BRDA:583,52,0,0
BRDA:583,52,1,0
BRDA:583,53,0,0
BRDA:583,53,1,0
BRDA:616,54,0,0
BRDA:616,54,1,0
BRF:112
BRH:45
end_of_record
TN:
SF:api/auth/ProvLoginApi.js
FN:18,(anonymous_0)
FN:21,(anonymous_1)
FN:33,generateShareCode
FN:38,(anonymous_3)
FN:65,(anonymous_4)
FN:104,(anonymous_5)
FN:271,(anonymous_6)
FN:301,(anonymous_7)
FNF:8
FNH:5
FNDA:0,(anonymous_0)
FNDA:0,(anonymous_1)
FNDA:1,generateShareCode
FNDA:1,(anonymous_3)
FNDA:3,(anonymous_4)
FNDA:5,(anonymous_5)
FNDA:0,(anonymous_6)
FNDA:6,(anonymous_7)
DA:1,1
DA:2,1
DA:3,1
DA:4,1
DA:5,1
DA:6,1
DA:7,1
DA:8,1
DA:9,1
DA:14,1
DA:15,1
DA:17,1
DA:19,0
DA:22,0
DA:26,1
DA:30,1
DA:34,1
DA:38,1
DA:39,1
DA:40,0
DA:41,0
DA:44,1
DA:45,0
DA:46,0
DA:49,1
DA:55,1
DA:61,1
DA:65,1
DA:66,3
DA:68,3
DA:69,1
DA:75,2
DA:76,2
DA:81,2
DA:82,1
DA:88,1
DA:90,1
DA:96,0
DA:97,0
DA:104,1
DA:105,5
DA:108,5
DA:109,1
DA:115,4
DA:116,1
DA:123,3
DA:124,0
DA:131,3
DA:132,0
DA:138,3
DA:139,1
DA:140,0
DA:147,3
DA:149,3
DA:150,3
DA:153,3
DA:158,3
DA:159,1
DA:160,1
DA:167,2
DA:169,2
DA:171,1
DA:176,1
DA:177,0
DA:178,0
DA:186,1
DA:187,1
DA:188,1
DA:189,1
DA:193,1
DA:194,1
DA:200,1
DA:201,1
DA:203,1
DA:204,1
DA:205,1
DA:206,1
DA:207,1
DA:209,0
DA:215,1
DA:229,1
DA:230,1
DA:233,1
DA:238,1
DA:239,0
DA:240,0
DA:246,1
DA:247,1
DA:251,2
DA:254,2
DA:268,2
DA:271,2
DA:272,0
DA:275,2
DA:282,0
DA:283,0
DA:284,0
DA:286,0
DA:289,0
DA:290,0
DA:295,3
DA:296,3
DA:301,1
DA:302,6
DA:304,6
DA:305,1
DA:311,5
DA:313,5
DA:321,5
DA:322,1
DA:328,4
DA:330,4
DA:331,1
DA:339,3
DA:340,1
DA:348,2
DA:349,2
DA:350,1
DA:357,1
DA:360,1
DA:366,1
DA:372,1
DA:380,1
DA:394,0
DA:395,0
DA:403,1
LF:126
LH:101
BRDA:39,0,0,0
BRDA:39,0,1,1
BRDA:44,1,0,0
BRDA:44,1,1,1
BRDA:68,2,0,1
BRDA:68,2,1,2
BRDA:68,3,0,3
BRDA:68,3,1,2
BRDA:81,4,0,1
BRDA:81,4,1,1
BRDA:99,5,0,0
BRDA:99,5,1,0
BRDA:108,6,0,1
BRDA:108,6,1,4
BRDA:108,7,0,5
BRDA:108,7,1,5
BRDA:108,7,2,4
BRDA:108,7,3,4
BRDA:115,8,0,1
BRDA:115,8,1,3
BRDA:123,9,0,0
BRDA:123,9,1,3
BRDA:123,10,0,3
BRDA:123,10,1,3
BRDA:131,11,0,0
BRDA:131,11,1,3
BRDA:131,12,0,3
BRDA:131,12,1,2
BRDA:138,13,0,1
BRDA:138,13,1,2
BRDA:139,14,0,0
BRDA:139,14,1,1
BRDA:139,15,0,1
BRDA:139,15,1,1
BRDA:139,15,2,1
BRDA:139,15,3,1
BRDA:139,15,4,1
BRDA:158,16,0,1
BRDA:158,16,1,2
BRDA:169,17,0,1
BRDA:169,17,1,1
BRDA:176,18,0,0
BRDA:176,18,1,1
BRDA:193,19,0,1
BRDA:193,19,1,0
BRDA:200,20,0,1
BRDA:200,20,1,1
BRDA:201,21,0,1
BRDA:201,21,1,1
BRDA:203,22,0,1
BRDA:203,22,1,0
BRDA:203,23,0,1
BRDA:203,23,1,0
BRDA:238,24,0,0
BRDA:238,24,1,1
BRDA:262,25,0,1
BRDA:262,25,1,1
BRDA:282,26,0,0
BRDA:282,26,1,0
BRDA:292,27,0,0
BRDA:292,27,1,0
BRDA:295,28,0,3
BRDA:295,28,1,0
BRDA:304,29,0,1
BRDA:304,29,1,5
BRDA:304,30,0,6
BRDA:304,30,1,6
BRDA:321,31,0,1
BRDA:321,31,1,4
BRDA:330,32,0,1
BRDA:330,32,1,3
BRDA:339,33,0,1
BRDA:339,33,1,2
BRDA:349,34,0,1
BRDA:349,34,1,1
BRDA:375,35,0,0
BRDA:375,35,1,1
BRF:77
BRH:59
end_of_record
TN:
SF:api/auth/RoleMiddleware.js
FN:16,(anonymous_0)
FN:17,(anonymous_1)
FNF:2
FNH:2
FNDA:1,(anonymous_0)
FNDA:16,(anonymous_1)
DA:16,1
DA:17,1
DA:19,16
DA:20,0
DA:27,16
DA:30,16
DA:31,0
DA:33,0
DA:41,16
DA:45,1
LF:10
LH:7
BRDA:19,0,0,0
BRDA:19,0,1,16
BRDA:30,1,0,0
BRDA:30,1,1,16
BRF:4
BRH:2
end_of_record
TN:
SF:services/appointmentExpirationService.js
FN:13,completeExpiredAppointments
FN:43,startExpirationJob
FNF:2
FNH:0
FNDA:0,completeExpiredAppointments
FNDA:0,startExpirationJob
DA:1,0
DA:2,0
DA:5,0
DA:14,0
DA:15,0
DA:22,0
DA:23,0
DA:24,0
DA:35,0
DA:45,0
DA:48,0
DA:50,0
DA:52,0
DA:55,0
LF:14
LH:0
BRDA:22,0,0,0
BRDA:22,0,1,0
BRF:2
BRH:0
end_of_record
TN:
SF:services/emailService.js
FN:13,formatDateTime
FN:21,sendAppointmentConfirmation
FN:80,sendWelcomeEmail
FN:131,sendAppointmentModification
FN:190,sendAppointmentCancellation
FN:245,sendPasswordChangeConfirmation
FN:296,sendWaitlistNotification
FN:366,sendCustomerReminder
FNF:8
FNH:0
FNDA:0,formatDateTime
FNDA:0,sendAppointmentConfirmation
FNDA:0,sendWelcomeEmail
FNDA:0,sendAppointmentModification
FNDA:0,sendAppointmentCancellation
FNDA:0,sendPasswordChangeConfirmation
FNDA:0,sendWaitlistNotification
FNDA:0,sendCustomerReminder
DA:1,0
DA:3,0
DA:14,0
DA:15,0
DA:22,0
DA:24,0
DA:72,0
DA:81,0
DA:83,0
DA:84,0
DA:85,0
DA:88,0
DA:89,0
DA:93,0
DA:123,0
DA:132,0
DA:134,0
DA:182,0
DA:191,0
DA:193,0
DA:237,0
DA:246,0
DA:248,0
DA:288,0
DA:297,0
DA:301,0
DA:358,0
DA:367,0
DA:396,0
DA:404,0
LF:30
LH:0
BRDA:84,0,0,0
BRDA:84,0,1,0
BRDA:85,1,0,0
BRDA:85,1,1,0
BRDA:88,2,0,0
BRDA:88,2,1,0
BRDA:89,3,0,0
BRDA:89,3,1,0
BRF:8
BRH:0
end_of_record
TN:
SF:services/locationService.js
FN:11,parseAddress
FN:13,(anonymous_1)
FN:27,(anonymous_2)
FN:34,(anonymous_3)
FN:52,placeToCoordinate
FN:132,calculateDistance
FN:151,toRadians
FN:156,findNearbySalons
FN:158,(anonymous_8)
FN:176,(anonymous_9)
FN:177,(anonymous_10)
FN:181,coordinateToPlace
FN:228,addressAutocomplete
FN:244,(anonymous_13)
FNF:14
FNH:6
FNDA:0,parseAddress
FNDA:0,(anonymous_1)
FNDA:0,(anonymous_2)
FNDA:0,(anonymous_3)
FNDA:0,placeToCoordinate
FNDA:14,calculateDistance
FNDA:56,toRadians
FNDA:5,findNearbySalons
FNDA:15,(anonymous_8)
FNDA:15,(anonymous_9)
FNDA:2,(anonymous_10)
FNDA:0,coordinateToPlace
FNDA:0,addressAutocomplete
FNDA:0,(anonymous_13)
DA:13,0
DA:15,0
DA:16,0
DA:17,0
DA:20,0
DA:21,0
DA:22,0
DA:26,0
DA:27,0
DA:28,0
DA:29,0
DA:34,0
DA:35,0
DA:39,0
DA:44,0
DA:45,0
DA:48,0
DA:53,0
DA:58,0
DA:59,0
DA:62,0
DA:63,0
DA:64,0
DA:65,0
DA:66,0
DA:67,0
DA:68,0
DA:70,0
DA:72,0
DA:78,0
DA:79,0
DA:82,0
DA:85,0
DA:86,0
DA:87,0
DA:89,0
DA:95,0
DA:96,0
DA:99,0
DA:103,0
DA:105,0
DA:111,0
DA:112,0
DA:115,0
DA:118,0
DA:119,0
DA:122,0
DA:127,0
DA:133,14
DA:134,14
DA:135,14
DA:138,14
DA:144,14
DA:145,14
DA:147,14
DA:152,56
DA:157,5
DA:160,15
DA:161,5
DA:164,10
DA:171,10
DA:176,15
DA:177,2
DA:182,0
DA:183,0
DA:185,0
DA:191,0
DA:192,0
DA:195,0
DA:197,0
DA:198,0
DA:201,0
DA:202,0
DA:204,0
DA:205,0
DA:207,0
DA:208,0
DA:209,0
DA:210,0
DA:213,0
DA:214,0
DA:216,0
DA:223,0
DA:229,0
DA:230,0
DA:232,0
DA:238,0
DA:239,0
DA:242,0
DA:244,0
DA:252,0
DA:256,1
LF:92
LH:16
BRDA:21,0,0,0
BRDA:21,0,1,0
BRDA:28,1,0,0
BRDA:28,1,1,0
BRDA:39,2,0,0
BRDA:39,2,1,0
BRDA:39,2,2,0
BRDA:39,2,3,0
BRDA:44,3,0,0
BRDA:44,3,1,0
BRDA:58,4,0,0
BRDA:58,4,1,0
BRDA:58,5,0,0
BRDA:58,5,1,0
BRDA:63,6,0,0
BRDA:63,6,1,0
BRDA:64,7,0,0
BRDA:64,7,1,0
BRDA:65,8,0,0
BRDA:65,8,1,0
BRDA:78,9,0,0
BRDA:78,9,1,0
BRDA:85,10,0,0
BRDA:85,10,1,0
BRDA:85,11,0,0
BRDA:85,11,1,0
BRDA:95,12,0,0
BRDA:95,12,1,0
BRDA:111,13,0,0
BRDA:111,13,1,0
BRDA:118,14,0,0
BRDA:118,14,1,0
BRDA:118,15,0,0
BRDA:118,15,1,0
BRDA:156,16,0,0
BRDA:160,17,0,5
BRDA:160,17,1,10
BRDA:160,18,0,15
BRDA:160,18,1,10
BRDA:176,19,0,15
BRDA:176,19,1,10
BRDA:191,20,0,0
BRDA:191,20,1,0
BRDA:197,21,0,0
BRDA:197,21,1,0
BRDA:197,22,0,0
BRDA:197,22,1,0
BRDA:204,23,0,0
BRDA:204,23,1,0
BRDA:204,23,2,0
BRDA:204,23,3,0
BRDA:205,24,0,0
BRDA:205,24,1,0
BRDA:207,25,0,0
BRDA:207,25,1,0
BRDA:208,26,0,0
BRDA:208,26,1,0
BRDA:209,27,0,0
BRDA:209,27,1,0
BRDA:210,28,0,0
BRDA:210,28,1,0
BRDA:213,29,0,0
BRDA:213,29,1,0
BRDA:214,30,0,0
BRDA:214,30,1,0
BRDA:217,31,0,0
BRDA:217,31,1,0
BRDA:217,31,2,0
BRDA:238,32,0,0
BRDA:238,32,1,0
BRF:70
BRH:6
end_of_record
TN:
SF:services/logService.js
FN:13,logEvent
FNF:1
FNH:0
FNDA:0,logEvent
DA:1,0
DA:14,0
DA:15,0
DA:20,0
DA:24,0
LF:5
LH:0
BRDA:13,0,0,0
BRDA:13,1,0,0
BRDA:13,2,0,0
BRF:3
BRH:0
end_of_record
TN:
SF:services/waitlistService.js
FN:4,notifyWaitlistForCancelledSlot
FN:15,(anonymous_1)
FNF:2
FNH:0
FNDA:0,notifyWaitlistForCancelledSlot
FNDA:0,(anonymous_1)
DA:1,0
DA:2,0
DA:5,0
DA:6,0
DA:7,0
DA:8,0
DA:15,0
DA:19,0
LF:8
LH:0
BRF:0
BRH:0
end_of_record
TN:
SF:sql/database.js
FN:15,selectall
FN:21,getAllSalons
FN:31,getSalonById
FN:41,getProvidersBySalonId
FN:66,getDistinctSalonTypes
FN:75,(anonymous_5)
FN:78,getServicesByProviderId
FN:90,(anonymous_7)
FN:90,(anonymous_8)
FN:93,getServicesBySalonId
FN:107,(anonymous_10)
FN:107,(anonymous_11)
FN:110,getTopRatedSalons
FN:136,getSavedSalonsByUserId
FN:154,saveSalon
FN:164,unsaveSalon
FN:173,isSalonSaved
FN:182,getSavedSalonIds
FN:188,(anonymous_18)
FN:191,updateSalon
FN:195,(anonymous_20)
FN:202,getProviderById
FN:213,getUserAppointments
FN:250,getServiceById
FN:267,getProviderAppointmentsForDate
FN:282,getSalonHoursByProviderId
FN:294,getAvailableTimeSlots
FN:376,getAppointmentById
FN:392,getProviderTimeBlocks
FN:410,expandTimeBlocks
FN:491,getExpandedTimeBlocksForDate
FN:497,getExpandedTimeBlocksForRange
FN:503,checkAppointmentConflicts
FN:521,getOverlappingTimeBlocks
FN:543,createTimeBlock
FN:567,(anonymous_35)
FN:600,updateTimeBlock
FN:621,deleteTimeBlock
FN:630,getTimeBlockById
FN:643,getFullyBookedDays
FN:727,(anonymous_40)
FN:773,endRecurringBlockAt
FN:783,addToWaitlist
FN:792,getWaitlistForFreedSlot
FN:808,getUserWaitlistEntries
FN:825,cancelWaitlistEntry
FN:833,markWaitlistBooked
FN:841,getRecommendedSalons
FNF:48
FNH:1
FNDA:0,selectall
FNDA:0,getAllSalons
FNDA:0,getSalonById
FNDA:0,getProvidersBySalonId
FNDA:0,getDistinctSalonTypes
FNDA:0,(anonymous_5)
FNDA:0,getServicesByProviderId
FNDA:0,(anonymous_7)
FNDA:0,(anonymous_8)
FNDA:0,getServicesBySalonId
FNDA:0,(anonymous_10)
FNDA:0,(anonymous_11)
FNDA:0,getTopRatedSalons
FNDA:0,getSavedSalonsByUserId
FNDA:0,saveSalon
FNDA:0,unsaveSalon
FNDA:0,isSalonSaved
FNDA:0,getSavedSalonIds
FNDA:0,(anonymous_18)
FNDA:0,updateSalon
FNDA:0,(anonymous_20)
FNDA:0,getProviderById
FNDA:0,getUserAppointments
FNDA:0,getServiceById
FNDA:0,getProviderAppointmentsForDate
FNDA:0,getSalonHoursByProviderId
FNDA:0,getAvailableTimeSlots
FNDA:0,getAppointmentById
FNDA:0,getProviderTimeBlocks
FNDA:6,expandTimeBlocks
FNDA:0,getExpandedTimeBlocksForDate
FNDA:0,getExpandedTimeBlocksForRange
FNDA:0,checkAppointmentConflicts
FNDA:0,getOverlappingTimeBlocks
FNDA:0,createTimeBlock
FNDA:0,(anonymous_35)
FNDA:0,updateTimeBlock
FNDA:0,deleteTimeBlock
FNDA:0,getTimeBlockById
FNDA:0,getFullyBookedDays
FNDA:0,(anonymous_40)
FNDA:0,endRecurringBlockAt
FNDA:0,addToWaitlist
FNDA:0,getWaitlistForFreedSlot
FNDA:0,getUserWaitlistEntries
FNDA:0,cancelWaitlistEntry
FNDA:0,markWaitlistBooked
FNDA:0,getRecommendedSalons
DA:1,1
DA:3,1
DA:16,0
DA:17,0
DA:18,0
DA:22,0
DA:27,0
DA:28,0
DA:32,0
DA:37,0
DA:38,0
DA:42,0
DA:62,0
DA:63,0
DA:67,0
DA:74,0
DA:75,0
DA:79,0
DA:89,0
DA:90,0
DA:94,0
DA:106,0
DA:107,0
DA:111,0
DA:112,0
DA:131,0
DA:132,0
DA:137,0
DA:150,0
DA:151,0
DA:155,0
DA:160,0
DA:161,0
DA:165,0
DA:169,0
DA:170,0
DA:174,0
DA:178,0
DA:179,0
DA:183,0
DA:187,0
DA:188,0
DA:192,0
DA:193,0
DA:195,0
DA:196,0
DA:198,0
DA:199,0
DA:203,0
DA:208,0
DA:209,0
DA:214,0
DA:245,0
DA:246,0
DA:251,0
DA:262,0
DA:263,0
DA:268,0
DA:277,0
DA:278,0
DA:283,0
DA:289,0
DA:290,0
DA:296,0
DA:297,0
DA:298,0
DA:301,0
DA:302,0
DA:305,0
DA:308,0
DA:311,0
DA:312,0
DA:315,0
DA:316,0
DA:317,0
DA:319,0
DA:320,0
DA:321,0
DA:322,0
DA:324,0
DA:327,0
DA:328,0
DA:329,0
DA:330,0
DA:334,0
DA:335,0
DA:339,0
DA:340,0
DA:341,0
DA:342,0
DA:345,0
DA:346,0
DA:347,0
DA:352,0
DA:353,0
DA:354,0
DA:355,0
DA:357,0
DA:358,0
DA:359,0
DA:364,0
DA:366,0
DA:367,0
DA:372,0
DA:377,0
DA:385,0
DA:386,0
DA:393,0
DA:405,0
DA:406,0
DA:411,6
DA:412,6
DA:413,6
DA:414,6
DA:415,6
DA:417,6
DA:418,5
DA:420,2
DA:421,2
DA:422,2
DA:423,1
DA:434,3
DA:435,3
DA:436,3
DA:437,3
DA:438,3
DA:439,3
DA:441,3
DA:444,3
DA:446,3
DA:447,3
DA:448,3
DA:450,3
DA:451,3
DA:453,2
DA:454,7
DA:456,1
DA:458,1
DA:461,1
DA:462,5
DA:463,1
DA:468,3
DA:469,8
DA:470,8
DA:471,8
DA:472,8
DA:474,8
DA:487,6
DA:492,0
DA:493,0
DA:498,0
DA:499,0
DA:504,0
DA:516,0
DA:517,0
DA:522,0
DA:531,0
DA:533,0
DA:534,0
DA:535,0
DA:538,0
DA:539,0
DA:544,0
DA:547,0
DA:548,0
DA:550,0
DA:552,0
DA:553,0
DA:554,0
DA:556,0
DA:557,0
DA:558,0
DA:559,0
DA:560,0
DA:561,0
DA:565,0
DA:566,0
DA:567,0
DA:573,0
DA:578,0
DA:582,0
DA:596,0
DA:601,0
DA:603,0
DA:617,0
DA:622,0
DA:626,0
DA:631,0
DA:638,0
DA:639,0
DA:645,0
DA:646,0
DA:647,0
DA:650,0
DA:655,0
DA:656,0
DA:659,0
DA:670,0
DA:673,0
DA:675,0
DA:676,0
DA:677,0
DA:678,0
DA:684,0
DA:685,0
DA:686,0
DA:687,0
DA:694,0
DA:695,0
DA:696,0
DA:698,0
DA:699,0
DA:700,0
DA:701,0
DA:702,0
DA:703,0
DA:705,0
DA:708,0
DA:709,0
DA:710,0
DA:714,0
DA:715,0
DA:716,0
DA:717,0
DA:718,0
DA:719,0
DA:727,0
DA:728,0
DA:729,0
DA:730,0
DA:731,0
DA:733,0
DA:738,0
DA:739,0
DA:740,0
DA:743,0
DA:744,0
DA:748,0
DA:749,0
DA:750,0
DA:751,0
DA:752,0
DA:758,0
DA:759,0
DA:762,0
DA:763,0
DA:766,0
DA:769,0
DA:774,0
DA:778,0
DA:784,0
DA:789,0
DA:793,0
DA:804,0
DA:805,0
DA:809,0
DA:821,0
DA:822,0
DA:826,0
DA:830,0
DA:834,0
DA:838,0
DA:842,0
DA:936,0
DA:937,0
DA:938,0
DA:942,1
LF:267
LH:41
BRDA:4,0,0,1
BRDA:4,0,1,1
BRDA:5,1,0,1
BRDA:5,1,1,1
BRDA:38,2,0,0
BRDA:38,2,1,0
BRDA:90,3,0,0
BRDA:90,3,1,0
BRDA:107,4,0,0
BRDA:107,4,1,0
BRDA:110,5,0,0
BRDA:111,6,0,0
BRDA:111,6,1,0
BRDA:209,7,0,0
BRDA:209,7,1,0
BRDA:263,8,0,0
BRDA:263,8,1,0
BRDA:290,9,0,0
BRDA:290,9,1,0
BRDA:297,10,0,0
BRDA:297,10,1,0
BRDA:301,11,0,0
BRDA:301,11,1,0
BRDA:302,12,0,0
BRDA:302,12,1,0
BRDA:329,13,0,0
BRDA:329,13,1,0
BRDA:334,14,0,0
BRDA:334,14,1,0
BRDA:334,15,0,0
BRDA:334,15,1,0
BRDA:345,16,0,0
BRDA:345,16,1,0
BRDA:345,17,0,0
BRDA:345,17,1,0
BRDA:352,18,0,0
BRDA:352,18,1,0
BRDA:357,19,0,0
BRDA:357,19,1,0
BRDA:357,20,0,0
BRDA:357,20,1,0
BRDA:364,21,0,0
BRDA:364,21,1,0
BRDA:386,22,0,0
BRDA:386,22,1,0
BRDA:418,23,0,2
BRDA:418,23,1,3
BRDA:422,24,0,1
BRDA:422,24,1,1
BRDA:422,25,0,2
BRDA:422,25,1,1
BRDA:441,26,0,1
BRDA:441,26,1,2
BRDA:446,27,0,1
BRDA:446,27,1,2
BRDA:447,28,0,0
BRDA:447,28,1,3
BRDA:451,29,0,2
BRDA:451,29,1,1
BRDA:456,30,0,1
BRDA:456,30,1,0
BRDA:458,31,0,1
BRDA:458,31,1,0
BRDA:460,32,0,0
BRDA:460,32,1,0
BRDA:462,33,0,1
BRDA:462,33,1,4
BRDA:521,34,0,0
BRDA:533,35,0,0
BRDA:533,35,1,0
BRDA:547,36,0,0
BRDA:547,36,1,0
BRDA:550,37,0,0
BRDA:550,37,1,0
BRDA:559,38,0,0
BRDA:559,38,1,0
BRDA:560,39,0,0
BRDA:560,39,1,0
BRDA:565,40,0,0
BRDA:565,40,1,0
BRDA:576,41,0,0
BRDA:576,41,1,0
BRDA:589,42,0,0
BRDA:589,42,1,0
BRDA:590,43,0,0
BRDA:590,43,1,0
BRDA:591,44,0,0
BRDA:591,44,1,0
BRDA:592,45,0,0
BRDA:592,45,1,0
BRDA:593,46,0,0
BRDA:593,46,1,0
BRDA:609,47,0,0
BRDA:609,47,1,0
BRDA:610,48,0,0
BRDA:610,48,1,0
BRDA:611,49,0,0
BRDA:611,49,1,0
BRDA:612,50,0,0
BRDA:612,50,1,0
BRDA:613,51,0,0
BRDA:613,51,1,0
BRDA:639,52,0,0
BRDA:639,52,1,0
BRDA:646,53,0,0
BRDA:646,53,1,0
BRDA:647,54,0,0
BRDA:647,54,1,0
BRDA:656,55,0,0
BRDA:656,55,1,0
BRDA:677,56,0,0
BRDA:677,56,1,0
BRDA:686,57,0,0
BRDA:686,57,1,0
BRDA:705,58,0,0
BRDA:705,58,1,0
BRDA:708,59,0,0
BRDA:708,59,1,0
BRDA:716,60,0,0
BRDA:716,60,1,0
BRDA:717,61,0,0
BRDA:717,61,1,0
BRDA:718,62,0,0
BRDA:718,62,1,0
BRDA:730,63,0,0
BRDA:730,63,1,0
BRDA:730,64,0,0
BRDA:730,64,1,0
BRDA:743,65,0,0
BRDA:743,65,1,0
BRDA:743,66,0,0
BRDA:743,66,1,0
BRDA:748,67,0,0
BRDA:748,67,1,0
BRDA:750,68,0,0
BRDA:750,68,1,0
BRDA:758,69,0,0
BRDA:758,69,1,0
BRDA:758,70,0,0
BRDA:758,70,1,0
BRDA:758,70,2,0
BRDA:762,71,0,0
BRDA:762,71,1,0
BRDA:787,72,0,0
BRDA:787,72,1,0
BRDA:787,73,0,0
BRDA:787,73,1,0
BRDA:841,74,0,0
BRF:148
BRH:21
end_of_record
TN:
SF:sql/users.js
FN:6,(anonymous_0)
FN:12,(anonymous_1)
FN:17,(anonymous_2)
FN:23,(anonymous_3)
FN:29,(anonymous_4)
FN:35,(anonymous_5)
FN:41,(anonymous_6)
FN:47,(anonymous_7)
FN:53,(anonymous_8)
FN:69,(anonymous_9)
FN:83,(anonymous_10)
FN:92,(anonymous_11)
FN:106,(anonymous_12)
FNF:13
FNH:0
FNDA:0,(anonymous_0)
FNDA:0,(anonymous_1)
FNDA:0,(anonymous_2)
FNDA:0,(anonymous_3)
FNDA:0,(anonymous_4)
FNDA:0,(anonymous_5)
FNDA:0,(anonymous_6)
FNDA:0,(anonymous_7)
FNDA:0,(anonymous_8)
FNDA:0,(anonymous_9)
FNDA:0,(anonymous_10)
FNDA:0,(anonymous_11)
FNDA:0,(anonymous_12)
DA:1,0
DA:2,0
DA:3,0
DA:6,0
DA:7,0
DA:8,0
DA:9,0
DA:12,0
DA:13,0
DA:14,0
DA:15,0
DA:17,0
DA:18,0
DA:19,0
DA:20,0
DA:23,0
DA:24,0
DA:25,0
DA:26,0
DA:29,0
DA:30,0
DA:31,0
DA:32,0
DA:35,0
DA:36,0
DA:37,0
DA:38,0
DA:41,0
DA:42,0
DA:43,0
DA:44,0
DA:47,0
DA:48,0
DA:49,0
DA:50,0
DA:53,0
DA:56,0
DA:65,0
DA:66,0
DA:69,0
DA:71,0
DA:79,0
DA:80,0
DA:83,0
DA:85,0
DA:86,0
DA:87,0
DA:92,0
DA:93,0
DA:102,0
DA:103,0
DA:106,0
DA:107,0
DA:108,0
DA:109,0
DA:112,0
LF:56
LH:0
BRDA:102,0,0,0
BRDA:102,0,1,0
BRDA:102,1,0,0
BRDA:102,1,1,0
BRDA:103,2,0,0
BRDA:103,2,1,0
BRDA:109,3,0,0
BRDA:109,3,1,0
BRF:8
BRH:0
end_of_record
